2024-03-23 11:17:28 [restartedMain] INFO  c.h.c.i.spi.ClientInvocationService - hz.client_1 [dev] [5.2.4] Running with 2 response threads, dynamic=true
2024-03-23 11:17:28 [restartedMain] INFO  com.hazelcast.core.LifecycleService - hz.client_1 [dev] [5.2.4] HazelcastClient 5.2.4 (20230613 - bcacb08) is STARTING
2024-03-23 11:17:28 [restartedMain] INFO  com.hazelcast.core.LifecycleService - hz.client_1 [dev] [5.2.4] HazelcastClient 5.2.4 (20230613 - bcacb08) is STARTED
2024-03-23 11:17:28 [restartedMain] INFO  c.h.c.i.c.ClientConnectionManager - hz.client_1 [dev] [5.2.4] Trying to connect to cluster: dev
2024-03-23 11:17:28 [restartedMain] INFO  c.h.c.i.c.ClientConnectionManager - hz.client_1 [dev] [5.2.4] Trying to connect to [127.0.0.1]:5701
2024-03-23 11:17:28 [restartedMain] INFO  com.hazelcast.core.LifecycleService - hz.client_1 [dev] [5.2.4] HazelcastClient 5.2.4 (20230613 - bcacb08) is CLIENT_CONNECTED
2024-03-23 11:17:28 [restartedMain] INFO  c.h.c.i.c.ClientConnectionManager - hz.client_1 [dev] [5.2.4] Authenticated with server [127.0.0.1]:5701:e0f6bc0d-24fd-4e5e-a00c-f88888ffad55, server version: 5.3.6, local address: /127.0.0.1:56943
2024-03-23 11:17:28 [restartedMain] INFO  c.h.internal.diagnostics.Diagnostics - hz.client_1 [dev] [5.2.4] Diagnostics disabled. To enable add -Dhazelcast.diagnostics.enabled=true to the JVM arguments.
2024-03-23 11:17:28 [hz.client_1.event-1] INFO  c.h.c.impl.spi.ClientClusterService - hz.client_1 [dev] [5.2.4] 

Members [1] {
	Member [127.0.0.1]:5701 - e0f6bc0d-24fd-4e5e-a00c-f88888ffad55
}

2024-03-23 11:17:28 [restartedMain] INFO  c.h.c.i.s.ClientStatisticsService - Client statistics is enabled with period 5 seconds.
2024-03-23 11:17:28 [restartedMain] INFO  c.hti.dao.impl.NetworkDAServiceImpl - NetworkEntries: 1392
2024-03-23 11:17:32 [restartedMain] INFO  o.e.i.config.SizedResourcePoolImpl - Byte based heap resources are deprecated and will be removed in a future version.
2024-03-23 11:17:32 [restartedMain] INFO  o.e.s.filters.AnnotationSizeOfFilter - Using regular expression provided through VM argument org.ehcache.sizeof.filters.AnnotationSizeOfFilter.pattern for IgnoreSizeOf annotation : ^.*cache\..*IgnoreSizeOf$
2024-03-23 11:17:32 [restartedMain] INFO  o.ehcache.sizeof.impl.JvmInformation - Detected JVM data model settings of: 64-Bit HotSpot JVM with Compressed OOPs
2024-03-23 11:17:32 [restartedMain] INFO  org.ehcache.sizeof.impl.AgentLoader - Failed to attach to VM and load the agent: class java.io.IOException: Can not attach to current VM
2024-03-23 11:17:32 [restartedMain] INFO  o.e.s.o.t.o.p.UpfrontAllocatingPageSource - Allocating 50.0MB in chunks
2024-03-23 11:17:32 [restartedMain] INFO  org.ehcache.core.EhcacheManager - Cache 'part_map_cache' created in EhcacheManager.
2024-03-23 11:17:32 [restartedMain] INFO  o.e.i.config.SizedResourcePoolImpl - Byte based heap resources are deprecated and will be removed in a future version.
2024-03-23 11:17:32 [restartedMain] INFO  o.e.s.o.t.o.p.UpfrontAllocatingPageSource - Allocating 20.0MB in chunks
2024-03-23 11:17:32 [restartedMain] INFO  org.ehcache.core.EhcacheManager - Cache 'smsc_queue_cache' created in EhcacheManager.
2024-03-23 11:17:32 [restartedMain] INFO  o.e.i.config.SizedResourcePoolImpl - Byte based heap resources are deprecated and will be removed in a future version.
2024-03-23 11:17:32 [restartedMain] INFO  o.e.s.o.t.o.p.UpfrontAllocatingPageSource - Allocating 20.0MB in chunks
2024-03-23 11:17:32 [restartedMain] INFO  org.ehcache.core.EhcacheManager - Cache 'resp_log_cache' created in EhcacheManager.
2024-03-23 11:17:32 [restartedMain] INFO  o.e.i.config.SizedResourcePoolImpl - Byte based heap resources are deprecated and will be removed in a future version.
2024-03-23 11:17:32 [restartedMain] INFO  o.e.s.o.t.o.p.UpfrontAllocatingPageSource - Allocating 20.0MB in chunks
2024-03-23 11:17:32 [restartedMain] INFO  org.ehcache.core.EhcacheManager - Cache 'resp_log_dlr_cache' created in EhcacheManager.
2024-03-23 11:17:32 [restartedMain] INFO  o.e.i.config.SizedResourcePoolImpl - Byte based heap resources are deprecated and will be removed in a future version.
2024-03-23 11:17:32 [restartedMain] INFO  o.e.s.o.t.o.p.UpfrontAllocatingPageSource - Allocating 20.0MB in chunks
2024-03-23 11:17:32 [restartedMain] INFO  org.ehcache.core.EhcacheManager - Cache 'resend_pdu_cache' created in EhcacheManager.
2024-03-23 11:17:32 [restartedMain] INFO  com.hti.dao.impl.SmscDAServiceImpl - Initializing Smsc Based Global Vars
2024-03-23 11:17:38 [RMI TCP Connection(8)-127.0.0.1] INFO  o.s.b.a.SpringApplicationAdminMXBeanRegistrar$SpringApplicationAdmin - Application shutdown requested.
2024-03-23 11:17:38 [RMI TCP Connection(8)-127.0.0.1] INFO  o.a.catalina.core.StandardService - Stopping service [Tomcat]
2024-03-23 11:27:28 [restartedMain] INFO  c.h.c.i.spi.ClientInvocationService - hz.client_1 [dev] [5.2.4] Running with 2 response threads, dynamic=true
2024-03-23 11:27:28 [restartedMain] INFO  com.hazelcast.core.LifecycleService - hz.client_1 [dev] [5.2.4] HazelcastClient 5.2.4 (20230613 - bcacb08) is STARTING
2024-03-23 11:27:28 [restartedMain] INFO  com.hazelcast.core.LifecycleService - hz.client_1 [dev] [5.2.4] HazelcastClient 5.2.4 (20230613 - bcacb08) is STARTED
2024-03-23 11:27:28 [restartedMain] INFO  c.h.c.i.c.ClientConnectionManager - hz.client_1 [dev] [5.2.4] Trying to connect to cluster: dev
2024-03-23 11:27:28 [restartedMain] INFO  c.h.c.i.c.ClientConnectionManager - hz.client_1 [dev] [5.2.4] Trying to connect to [127.0.0.1]:5701
2024-03-23 11:27:28 [restartedMain] INFO  com.hazelcast.core.LifecycleService - hz.client_1 [dev] [5.2.4] HazelcastClient 5.2.4 (20230613 - bcacb08) is CLIENT_CONNECTED
2024-03-23 11:27:28 [restartedMain] INFO  c.h.c.i.c.ClientConnectionManager - hz.client_1 [dev] [5.2.4] Authenticated with server [127.0.0.1]:5701:004038b2-e10a-4918-ba0e-581508bef311, server version: 5.3.6, local address: /127.0.0.1:57095
2024-03-23 11:27:28 [restartedMain] INFO  c.h.internal.diagnostics.Diagnostics - hz.client_1 [dev] [5.2.4] Diagnostics disabled. To enable add -Dhazelcast.diagnostics.enabled=true to the JVM arguments.
2024-03-23 11:27:28 [hz.client_1.event-4] INFO  c.h.c.impl.spi.ClientClusterService - hz.client_1 [dev] [5.2.4] 

Members [1] {
	Member [127.0.0.1]:5701 - 004038b2-e10a-4918-ba0e-581508bef311
}

2024-03-23 11:27:28 [restartedMain] INFO  c.h.c.i.s.ClientStatisticsService - Client statistics is enabled with period 5 seconds.
2024-03-23 11:27:29 [restartedMain] INFO  c.hti.dao.impl.NetworkDAServiceImpl - NetworkEntries: 1392
2024-03-23 11:27:32 [restartedMain] INFO  o.e.i.config.SizedResourcePoolImpl - Byte based heap resources are deprecated and will be removed in a future version.
2024-03-23 11:27:32 [restartedMain] INFO  o.e.s.filters.AnnotationSizeOfFilter - Using regular expression provided through VM argument org.ehcache.sizeof.filters.AnnotationSizeOfFilter.pattern for IgnoreSizeOf annotation : ^.*cache\..*IgnoreSizeOf$
2024-03-23 11:27:32 [restartedMain] INFO  o.ehcache.sizeof.impl.JvmInformation - Detected JVM data model settings of: 64-Bit HotSpot JVM with Compressed OOPs
2024-03-23 11:27:32 [restartedMain] INFO  org.ehcache.sizeof.impl.AgentLoader - Failed to attach to VM and load the agent: class java.io.IOException: Can not attach to current VM
2024-03-23 11:27:32 [restartedMain] INFO  o.e.s.o.t.o.p.UpfrontAllocatingPageSource - Allocating 50.0MB in chunks
2024-03-23 11:27:32 [restartedMain] INFO  org.ehcache.core.EhcacheManager - Cache 'part_map_cache' created in EhcacheManager.
2024-03-23 11:27:32 [restartedMain] INFO  o.e.i.config.SizedResourcePoolImpl - Byte based heap resources are deprecated and will be removed in a future version.
2024-03-23 11:27:32 [restartedMain] INFO  o.e.s.o.t.o.p.UpfrontAllocatingPageSource - Allocating 20.0MB in chunks
2024-03-23 11:27:32 [restartedMain] INFO  org.ehcache.core.EhcacheManager - Cache 'smsc_queue_cache' created in EhcacheManager.
2024-03-23 11:27:32 [restartedMain] INFO  o.e.i.config.SizedResourcePoolImpl - Byte based heap resources are deprecated and will be removed in a future version.
2024-03-23 11:27:32 [restartedMain] INFO  o.e.s.o.t.o.p.UpfrontAllocatingPageSource - Allocating 20.0MB in chunks
2024-03-23 11:27:32 [restartedMain] INFO  org.ehcache.core.EhcacheManager - Cache 'resp_log_cache' created in EhcacheManager.
2024-03-23 11:27:32 [restartedMain] INFO  o.e.i.config.SizedResourcePoolImpl - Byte based heap resources are deprecated and will be removed in a future version.
2024-03-23 11:27:32 [restartedMain] INFO  o.e.s.o.t.o.p.UpfrontAllocatingPageSource - Allocating 20.0MB in chunks
2024-03-23 11:27:33 [restartedMain] INFO  org.ehcache.core.EhcacheManager - Cache 'resp_log_dlr_cache' created in EhcacheManager.
2024-03-23 11:27:33 [restartedMain] INFO  o.e.i.config.SizedResourcePoolImpl - Byte based heap resources are deprecated and will be removed in a future version.
2024-03-23 11:27:33 [restartedMain] INFO  o.e.s.o.t.o.p.UpfrontAllocatingPageSource - Allocating 20.0MB in chunks
2024-03-23 11:27:33 [restartedMain] INFO  org.ehcache.core.EhcacheManager - Cache 'resend_pdu_cache' created in EhcacheManager.
2024-03-23 11:27:33 [restartedMain] INFO  com.hti.dao.impl.SmscDAServiceImpl - Initializing Smsc Based Global Vars
2024-03-23 11:27:33 [restartedMain] INFO  com.hti.dao.impl.SmscDAServiceImpl - GWDLTT Disconnection Alert Disabled 
2024-03-23 11:27:33 [restartedMain] INFO  com.hti.dao.impl.SmscDAServiceImpl - GW8 Disconnection Alert Disabled 
2024-03-23 11:27:33 [restartedMain] INFO  com.hti.dao.impl.SmscDAServiceImpl - GWKSA Disconnection Alert Disabled 
2024-03-23 11:27:33 [restartedMain] INFO  com.hti.dao.impl.SmscDAServiceImpl - GW5 Disconnection Alert Disabled 
2024-03-23 11:27:33 [restartedMain] INFO  com.hti.dao.impl.SmscDAServiceImpl - GW4 Disconnection Alert Disabled 
2024-03-23 11:27:33 [restartedMain] INFO  com.hti.dao.impl.SmscDAServiceImpl - GW3 Disconnection Alert Disabled 
2024-03-23 11:27:33 [restartedMain] INFO  com.hti.dao.impl.SmscDAServiceImpl - GW6 Disconnection Alert Disabled 
2024-03-23 11:27:33 [restartedMain] INFO  com.hti.dao.impl.SmscDAServiceImpl - GW7 Disconnection Alert Disabled 
2024-03-23 11:27:33 [restartedMain] INFO  com.hti.dao.impl.SmscDAServiceImpl - GWX1 Disconnection Alert Disabled 
2024-03-23 11:27:33 [restartedMain] INFO  com.hti.dao.impl.SmscDAServiceImpl - Disconnection ALert Enabled: [GW1, GW2]
2024-03-23 11:27:33 [restartedMain] INFO  com.hti.dao.impl.SmscDAServiceImpl - End Initializing Smsc Based Global Vars
2024-03-23 11:27:33 [restartedMain] INFO  c.hti.smsc.DistributionGroupManager - ****** Checking For Distribution ***** 
2024-03-23 11:27:33 [restartedMain] INFO  com.hti.dao.impl.SmscDAServiceImpl - Checking For Smsc limit Configuration
2024-03-23 11:27:33 [restartedMain] INFO  com.hti.dao.impl.SmscDAServiceImpl - Smsc limit COnfiguration:{}
2024-03-23 11:27:33 [restartedMain] INFO  com.hti.dao.impl.SmscDAServiceImpl - <--- Initializing Smsc Status -->
2024-03-23 11:27:33 [restartedMain] INFO  com.hti.dao.impl.SmscDAServiceImpl - Reset Bind Status of all routes
2024-03-23 11:27:33 [restartedMain] INFO  com.hti.dao.impl.SmscDAServiceImpl - End Reset Bind Status of all routes
2024-03-23 11:27:33 [restartedMain] INFO  com.hti.dao.impl.SmscDAServiceImpl - *** Checking For Special Smsc Settings *********
2024-03-23 11:27:33 [restartedMain] INFO  com.hti.dao.impl.SmscDAServiceImpl - Specail Smsc Setting: {}
2024-03-23 11:27:33 [restartedMain] INFO  com.hti.dao.impl.SmscDAServiceImpl - Initializing Esme Error Configuration
2024-03-23 11:27:33 [restartedMain] INFO  com.hti.dao.impl.SmscDAServiceImpl - Initializing Signal Error Codes
2024-03-23 11:27:33 [restartedMain] INFO  com.hti.dao.impl.SmscDAServiceImpl - SignalingErrorCriteria: {}
2024-03-23 11:27:33 [restartedMain] INFO  com.hti.dao.impl.SmscDAServiceImpl - *** Checking For Smsc Based BSFM *********
2024-03-23 11:27:33 [restartedMain] INFO  com.hti.dao.impl.SmscDAServiceImpl - Smsc Based BSFM: {}
2024-03-23 11:27:33 [restartedMain] INFO  com.hti.dao.impl.SmscDAServiceImpl - Smsc: GW2 FLAG: 100
2024-03-23 11:27:33 [restartedMain] WARN  o.ehcache.sizeof.ObjectGraphWalker - The JVM is preventing Ehcache from accessing the subgraph beneath 'transient java.util.LinkedList$Node java.util.LinkedList.first' - cache sizes may be underestimated as a result
java.lang.reflect.InaccessibleObjectException: Unable to make field transient java.util.LinkedList$Node java.util.LinkedList.first accessible: module java.base does not "opens java.util" to unnamed module @5cdd5e29
	at java.base/java.lang.reflect.AccessibleObject.checkCanSetAccessible(AccessibleObject.java:354)
	at java.base/java.lang.reflect.AccessibleObject.checkCanSetAccessible(AccessibleObject.java:297)
	at java.base/java.lang.reflect.Field.checkCanSetAccessible(Field.java:178)
	at java.base/java.lang.reflect.Field.setAccessible(Field.java:172)
	at org.ehcache.sizeof.ObjectGraphWalker.getAllFields(ObjectGraphWalker.java:245)
	at org.ehcache.sizeof.ObjectGraphWalker.getFilteredFields(ObjectGraphWalker.java:204)
	at org.ehcache.sizeof.ObjectGraphWalker.walk(ObjectGraphWalker.java:159)
	at org.ehcache.sizeof.SizeOf.deepSizeOf(SizeOf.java:70)
	at org.ehcache.impl.internal.sizeof.DefaultSizeOfEngine.sizeof(DefaultSizeOfEngine.java:51)
	at org.ehcache.impl.internal.store.heap.OnHeapStore.getSizeOfKeyValuePairs(OnHeapStore.java:981)
	at org.ehcache.impl.internal.store.heap.OnHeapStore.cloneValueHolder(OnHeapStore.java:1508)
	at org.ehcache.impl.internal.store.heap.OnHeapStore.importValueFromLowerTier(OnHeapStore.java:1482)
	at org.ehcache.impl.internal.store.heap.OnHeapStore.resolveFault(OnHeapStore.java:769)
	at org.ehcache.impl.internal.store.heap.OnHeapStore.getOrComputeIfAbsent(OnHeapStore.java:705)
	at org.ehcache.impl.internal.store.tiering.CompoundCachingTier.getOrComputeIfAbsent(CompoundCachingTier.java:103)
	at org.ehcache.impl.internal.store.tiering.TieredStore.get(TieredStore.java:88)
	at org.ehcache.core.Ehcache.doGet(Ehcache.java:89)
	at org.ehcache.core.EhcacheBase.get(EhcacheBase.java:125)
	at com.hti.dao.impl.SmscDAServiceImpl.editSmscConfig(SmscDAServiceImpl.java:535)
	at com.hti.dao.impl.SmscDAServiceImpl.initializeStatus(SmscDAServiceImpl.java:208)
	at com.hti.thread.BearerBox.<init>(BearerBox.java:81)
	at com.hti.thread.StartSmppServer.ApplicationStart(StartSmppServer.java:168)
	at com.HostSmppApplication.main(HostSmppApplication.java:60)
	at java.base/jdk.internal.reflect.NativeMethodAccessorImpl.invoke0(Native Method)
	at java.base/jdk.internal.reflect.NativeMethodAccessorImpl.invoke(NativeMethodAccessorImpl.java:77)
	at java.base/jdk.internal.reflect.DelegatingMethodAccessorImpl.invoke(DelegatingMethodAccessorImpl.java:43)
	at java.base/java.lang.reflect.Method.invoke(Method.java:568)
	at org.springframework.boot.devtools.restart.RestartLauncher.run(RestartLauncher.java:50)
2024-03-23 11:27:33 [restartedMain] WARN  o.ehcache.sizeof.ObjectGraphWalker - The JVM is preventing Ehcache from accessing the subgraph beneath 'transient java.util.LinkedList$Node java.util.LinkedList.last' - cache sizes may be underestimated as a result
java.lang.reflect.InaccessibleObjectException: Unable to make field transient java.util.LinkedList$Node java.util.LinkedList.last accessible: module java.base does not "opens java.util" to unnamed module @5cdd5e29
	at java.base/java.lang.reflect.AccessibleObject.checkCanSetAccessible(AccessibleObject.java:354)
	at java.base/java.lang.reflect.AccessibleObject.checkCanSetAccessible(AccessibleObject.java:297)
	at java.base/java.lang.reflect.Field.checkCanSetAccessible(Field.java:178)
	at java.base/java.lang.reflect.Field.setAccessible(Field.java:172)
	at org.ehcache.sizeof.ObjectGraphWalker.getAllFields(ObjectGraphWalker.java:245)
	at org.ehcache.sizeof.ObjectGraphWalker.getFilteredFields(ObjectGraphWalker.java:204)
	at org.ehcache.sizeof.ObjectGraphWalker.walk(ObjectGraphWalker.java:159)
	at org.ehcache.sizeof.SizeOf.deepSizeOf(SizeOf.java:70)
	at org.ehcache.impl.internal.sizeof.DefaultSizeOfEngine.sizeof(DefaultSizeOfEngine.java:51)
	at org.ehcache.impl.internal.store.heap.OnHeapStore.getSizeOfKeyValuePairs(OnHeapStore.java:981)
	at org.ehcache.impl.internal.store.heap.OnHeapStore.cloneValueHolder(OnHeapStore.java:1508)
	at org.ehcache.impl.internal.store.heap.OnHeapStore.importValueFromLowerTier(OnHeapStore.java:1482)
	at org.ehcache.impl.internal.store.heap.OnHeapStore.resolveFault(OnHeapStore.java:769)
	at org.ehcache.impl.internal.store.heap.OnHeapStore.getOrComputeIfAbsent(OnHeapStore.java:705)
	at org.ehcache.impl.internal.store.tiering.CompoundCachingTier.getOrComputeIfAbsent(CompoundCachingTier.java:103)
	at org.ehcache.impl.internal.store.tiering.TieredStore.get(TieredStore.java:88)
	at org.ehcache.core.Ehcache.doGet(Ehcache.java:89)
	at org.ehcache.core.EhcacheBase.get(EhcacheBase.java:125)
	at com.hti.dao.impl.SmscDAServiceImpl.editSmscConfig(SmscDAServiceImpl.java:535)
	at com.hti.dao.impl.SmscDAServiceImpl.initializeStatus(SmscDAServiceImpl.java:208)
	at com.hti.thread.BearerBox.<init>(BearerBox.java:81)
	at com.hti.thread.StartSmppServer.ApplicationStart(StartSmppServer.java:168)
	at com.HostSmppApplication.main(HostSmppApplication.java:60)
	at java.base/jdk.internal.reflect.NativeMethodAccessorImpl.invoke0(Native Method)
	at java.base/jdk.internal.reflect.NativeMethodAccessorImpl.invoke(NativeMethodAccessorImpl.java:77)
	at java.base/jdk.internal.reflect.DelegatingMethodAccessorImpl.invoke(DelegatingMethodAccessorImpl.java:43)
	at java.base/java.lang.reflect.Method.invoke(Method.java:568)
	at org.springframework.boot.devtools.restart.RestartLauncher.run(RestartLauncher.java:50)
2024-03-23 11:27:33 [restartedMain] WARN  o.ehcache.sizeof.ObjectGraphWalker - The JVM is preventing Ehcache from accessing the subgraph beneath 'private final byte[] java.lang.String.value' - cache sizes may be underestimated as a result
java.lang.reflect.InaccessibleObjectException: Unable to make field private final byte[] java.lang.String.value accessible: module java.base does not "opens java.lang" to unnamed module @5cdd5e29
	at java.base/java.lang.reflect.AccessibleObject.checkCanSetAccessible(AccessibleObject.java:354)
	at java.base/java.lang.reflect.AccessibleObject.checkCanSetAccessible(AccessibleObject.java:297)
	at java.base/java.lang.reflect.Field.checkCanSetAccessible(Field.java:178)
	at java.base/java.lang.reflect.Field.setAccessible(Field.java:172)
	at org.ehcache.sizeof.ObjectGraphWalker.getAllFields(ObjectGraphWalker.java:245)
	at org.ehcache.sizeof.ObjectGraphWalker.getFilteredFields(ObjectGraphWalker.java:204)
	at org.ehcache.sizeof.ObjectGraphWalker.walk(ObjectGraphWalker.java:159)
	at org.ehcache.sizeof.SizeOf.deepSizeOf(SizeOf.java:70)
	at org.ehcache.impl.internal.sizeof.DefaultSizeOfEngine.sizeof(DefaultSizeOfEngine.java:51)
	at org.ehcache.impl.internal.store.heap.OnHeapStore.getSizeOfKeyValuePairs(OnHeapStore.java:981)
	at org.ehcache.impl.internal.store.heap.OnHeapStore.cloneValueHolder(OnHeapStore.java:1508)
	at org.ehcache.impl.internal.store.heap.OnHeapStore.importValueFromLowerTier(OnHeapStore.java:1482)
	at org.ehcache.impl.internal.store.heap.OnHeapStore.resolveFault(OnHeapStore.java:769)
	at org.ehcache.impl.internal.store.heap.OnHeapStore.getOrComputeIfAbsent(OnHeapStore.java:705)
	at org.ehcache.impl.internal.store.tiering.CompoundCachingTier.getOrComputeIfAbsent(CompoundCachingTier.java:103)
	at org.ehcache.impl.internal.store.tiering.TieredStore.get(TieredStore.java:88)
	at org.ehcache.core.Ehcache.doGet(Ehcache.java:89)
	at org.ehcache.core.EhcacheBase.get(EhcacheBase.java:125)
	at com.hti.dao.impl.SmscDAServiceImpl.editSmscConfig(SmscDAServiceImpl.java:535)
	at com.hti.dao.impl.SmscDAServiceImpl.initializeStatus(SmscDAServiceImpl.java:208)
	at com.hti.thread.BearerBox.<init>(BearerBox.java:81)
	at com.hti.thread.StartSmppServer.ApplicationStart(StartSmppServer.java:168)
	at com.HostSmppApplication.main(HostSmppApplication.java:60)
	at java.base/jdk.internal.reflect.NativeMethodAccessorImpl.invoke0(Native Method)
	at java.base/jdk.internal.reflect.NativeMethodAccessorImpl.invoke(NativeMethodAccessorImpl.java:77)
	at java.base/jdk.internal.reflect.DelegatingMethodAccessorImpl.invoke(DelegatingMethodAccessorImpl.java:43)
	at java.base/java.lang.reflect.Method.invoke(Method.java:568)
	at org.springframework.boot.devtools.restart.RestartLauncher.run(RestartLauncher.java:50)
2024-03-23 11:27:33 [SmscConnection-GW2] INFO  com.hti.smsc.SmscConnection - <-- SmscConnection Started For: GW2 -->
2024-03-23 11:27:33 [restartedMain] INFO  com.hti.dao.impl.SmscDAServiceImpl - Smsc: GW8 FLAG: 100
2024-03-23 11:27:33 [restartedMain] INFO  com.hti.dao.impl.SmscDAServiceImpl - GW8 Disconnection Alert Disabled 
2024-03-23 11:27:33 [SmscConnection-GW8] INFO  com.hti.smsc.SmscConnection - <-- SmscConnection Started For: GW8 -->
2024-03-23 11:27:33 [restartedMain] INFO  com.hti.dao.impl.SmscDAServiceImpl - Smsc: GWDLTT FLAG: 100
2024-03-23 11:27:33 [restartedMain] INFO  com.hti.dao.impl.SmscDAServiceImpl - GWDLTT Disconnection Alert Disabled 
2024-03-23 11:27:33 [SmscConnection-GWDLTT] INFO  com.hti.smsc.SmscConnection - <-- SmscConnection Started For: GWDLTT -->
2024-03-23 11:27:33 [restartedMain] INFO  com.hti.dao.impl.SmscDAServiceImpl - Smsc: GW5 FLAG: 100
2024-03-23 11:27:33 [restartedMain] INFO  com.hti.dao.impl.SmscDAServiceImpl - GW5 Disconnection Alert Disabled 
2024-03-23 11:27:33 [SmscConnection-GW5] INFO  com.hti.smsc.SmscConnection - <-- SmscConnection Started For: GW5 -->
2024-03-23 11:27:34 [restartedMain] INFO  com.hti.dao.impl.SmscDAServiceImpl - Smsc: GW6 FLAG: 100
2024-03-23 11:27:34 [restartedMain] INFO  com.hti.dao.impl.SmscDAServiceImpl - GW6 Disconnection Alert Disabled 
2024-03-23 11:27:34 [SmscConnection-GW6] INFO  com.hti.smsc.SmscConnection - <-- SmscConnection Started For: GW6 -->
2024-03-23 11:27:34 [restartedMain] INFO  com.hti.dao.impl.SmscDAServiceImpl - Smsc: GWX1 FLAG: 100
2024-03-23 11:27:34 [restartedMain] INFO  com.hti.dao.impl.SmscDAServiceImpl - GWX1 Disconnection Alert Disabled 
2024-03-23 11:27:34 [SmscConnection-GWX1] INFO  com.hti.smsc.SmscConnection - <-- SmscConnection Started For: GWX1 -->
2024-03-23 11:27:34 [restartedMain] INFO  com.hti.dao.impl.SmscDAServiceImpl - Smsc: GW4 FLAG: 100
2024-03-23 11:27:34 [restartedMain] INFO  com.hti.dao.impl.SmscDAServiceImpl - GW4 Disconnection Alert Disabled 
2024-03-23 11:27:34 [SmscConnection-GW4] INFO  com.hti.smsc.SmscConnection - <-- SmscConnection Started For: GW4 -->
2024-03-23 11:27:34 [restartedMain] INFO  com.hti.dao.impl.SmscDAServiceImpl - Smsc: GW1 FLAG: 100
2024-03-23 11:27:34 [SmscConnection-GW1] INFO  com.hti.smsc.SmscConnection - <-- SmscConnection Started For: GW1 -->
2024-03-23 11:27:35 [restartedMain] INFO  com.hti.dao.impl.SmscDAServiceImpl - Smsc: GW7 FLAG: 100
2024-03-23 11:27:35 [restartedMain] INFO  com.hti.dao.impl.SmscDAServiceImpl - GW7 Disconnection Alert Disabled 
2024-03-23 11:27:35 [SmscConnection-GW7] INFO  com.hti.smsc.SmscConnection - <-- SmscConnection Started For: GW7 -->
2024-03-23 11:27:35 [restartedMain] INFO  com.hti.dao.impl.SmscDAServiceImpl - Smsc: GWKSA FLAG: 100
2024-03-23 11:27:35 [restartedMain] INFO  com.hti.dao.impl.SmscDAServiceImpl - GWKSA Disconnection Alert Disabled 
2024-03-23 11:27:35 [SmscConnection-GWKSA] INFO  com.hti.smsc.SmscConnection - <-- SmscConnection Started For: GWKSA -->
2024-03-23 11:27:35 [restartedMain] INFO  com.hti.dao.impl.SmscDAServiceImpl - Smsc: GW3 FLAG: 100
2024-03-23 11:27:35 [restartedMain] INFO  com.hti.dao.impl.SmscDAServiceImpl - GW3 Disconnection Alert Disabled 
2024-03-23 11:27:35 [SmscConnection-GW3] INFO  com.hti.smsc.SmscConnection - <-- SmscConnection Started For: GW3 -->
2024-03-23 11:27:35 [restartedMain] INFO  com.hti.dao.impl.SmscDAServiceImpl - <--- End Initializing Smsc Status -->
2024-03-23 11:27:35 [restartedMain] INFO  com.hti.dao.impl.SmscDAServiceImpl - <-- Initializing Smsc Looping Rules -->
2024-03-23 11:27:35 [restartedMain] INFO  com.hti.dao.impl.SmscDAServiceImpl - Total Looping Rules Configured: 0
2024-03-23 11:27:35 [restartedMain] INFO  com.hti.dao.impl.UserDAServiceImpl - ********** Loading User Account Details *******
2024-03-23 11:27:35 [restartedMain] INFO  com.hti.dao.impl.UserDAServiceImpl - rajguru Looping Route Not Found: 1
2024-03-23 11:27:35 [restartedMain] INFO  com.hti.dao.impl.UserDAServiceImpl - testUser2 Added Looping Route: GW2
2024-03-23 11:27:35 [restartedMain] INFO  com.hti.dao.impl.UserDAServiceImpl - alertUser Added Looping Route: GW4
2024-03-23 11:27:35 [restartedMain] INFO  com.hti.dao.impl.UserDAServiceImpl - harsh Looping Route Not Found: 1
2024-03-23 11:27:35 [restartedMain] INFO  com.hti.dao.impl.UserDAServiceImpl - SkipLoopingUsers: []
2024-03-23 11:27:35 [restartedMain] INFO  com.hti.dao.impl.UserDAServiceImpl - LoopingRoutes: {alertUser=GW4, testUser2=GW2}
2024-03-23 11:28:15 [RMI TCP Connection(10)-127.0.0.1] INFO  o.s.b.a.SpringApplicationAdminMXBeanRegistrar$SpringApplicationAdmin - Application shutdown requested.
2024-03-23 11:28:15 [RMI TCP Connection(10)-127.0.0.1] INFO  o.a.catalina.core.StandardService - Stopping service [Tomcat]
2024-03-23 11:29:31 [restartedMain] INFO  c.h.c.i.spi.ClientInvocationService - hz.client_1 [dev] [5.2.4] Running with 2 response threads, dynamic=true
2024-03-23 11:29:31 [restartedMain] INFO  com.hazelcast.core.LifecycleService - hz.client_1 [dev] [5.2.4] HazelcastClient 5.2.4 (20230613 - bcacb08) is STARTING
2024-03-23 11:29:31 [restartedMain] INFO  com.hazelcast.core.LifecycleService - hz.client_1 [dev] [5.2.4] HazelcastClient 5.2.4 (20230613 - bcacb08) is STARTED
2024-03-23 11:29:31 [restartedMain] INFO  c.h.c.i.c.ClientConnectionManager - hz.client_1 [dev] [5.2.4] Trying to connect to cluster: dev
2024-03-23 11:29:31 [restartedMain] INFO  c.h.c.i.c.ClientConnectionManager - hz.client_1 [dev] [5.2.4] Trying to connect to [127.0.0.1]:5701
2024-03-23 11:29:31 [restartedMain] INFO  com.hazelcast.core.LifecycleService - hz.client_1 [dev] [5.2.4] HazelcastClient 5.2.4 (20230613 - bcacb08) is CLIENT_CONNECTED
2024-03-23 11:29:31 [restartedMain] INFO  c.h.c.i.c.ClientConnectionManager - hz.client_1 [dev] [5.2.4] Authenticated with server [127.0.0.1]:5701:004038b2-e10a-4918-ba0e-581508bef311, server version: 5.3.6, local address: /127.0.0.1:57226
2024-03-23 11:29:31 [restartedMain] INFO  c.h.internal.diagnostics.Diagnostics - hz.client_1 [dev] [5.2.4] Diagnostics disabled. To enable add -Dhazelcast.diagnostics.enabled=true to the JVM arguments.
2024-03-23 11:29:31 [hz.client_1.event-3] INFO  c.h.c.impl.spi.ClientClusterService - hz.client_1 [dev] [5.2.4] 

Members [1] {
	Member [127.0.0.1]:5701 - 004038b2-e10a-4918-ba0e-581508bef311
}

2024-03-23 11:29:31 [restartedMain] INFO  c.h.c.i.s.ClientStatisticsService - Client statistics is enabled with period 5 seconds.
2024-03-23 11:29:31 [restartedMain] INFO  c.hti.dao.impl.NetworkDAServiceImpl - NetworkEntries: 1392
2024-03-23 11:29:35 [restartedMain] INFO  o.e.i.config.SizedResourcePoolImpl - Byte based heap resources are deprecated and will be removed in a future version.
2024-03-23 11:29:35 [restartedMain] INFO  o.e.s.filters.AnnotationSizeOfFilter - Using regular expression provided through VM argument org.ehcache.sizeof.filters.AnnotationSizeOfFilter.pattern for IgnoreSizeOf annotation : ^.*cache\..*IgnoreSizeOf$
2024-03-23 11:29:35 [restartedMain] INFO  o.ehcache.sizeof.impl.JvmInformation - Detected JVM data model settings of: 64-Bit HotSpot JVM with Compressed OOPs
2024-03-23 11:29:35 [restartedMain] INFO  org.ehcache.sizeof.impl.AgentLoader - Failed to attach to VM and load the agent: class java.io.IOException: Can not attach to current VM
2024-03-23 11:29:35 [restartedMain] INFO  o.e.s.o.t.o.p.UpfrontAllocatingPageSource - Allocating 50.0MB in chunks
2024-03-23 11:29:35 [restartedMain] INFO  org.ehcache.core.EhcacheManager - Cache 'part_map_cache' created in EhcacheManager.
2024-03-23 11:29:35 [restartedMain] INFO  o.e.i.config.SizedResourcePoolImpl - Byte based heap resources are deprecated and will be removed in a future version.
2024-03-23 11:29:35 [restartedMain] INFO  o.e.s.o.t.o.p.UpfrontAllocatingPageSource - Allocating 20.0MB in chunks
2024-03-23 11:29:35 [restartedMain] INFO  org.ehcache.core.EhcacheManager - Cache 'smsc_queue_cache' created in EhcacheManager.
2024-03-23 11:29:35 [restartedMain] INFO  o.e.i.config.SizedResourcePoolImpl - Byte based heap resources are deprecated and will be removed in a future version.
2024-03-23 11:29:35 [restartedMain] INFO  o.e.s.o.t.o.p.UpfrontAllocatingPageSource - Allocating 20.0MB in chunks
2024-03-23 11:29:35 [restartedMain] INFO  org.ehcache.core.EhcacheManager - Cache 'resp_log_cache' created in EhcacheManager.
2024-03-23 11:29:35 [restartedMain] INFO  o.e.i.config.SizedResourcePoolImpl - Byte based heap resources are deprecated and will be removed in a future version.
2024-03-23 11:29:35 [restartedMain] INFO  o.e.s.o.t.o.p.UpfrontAllocatingPageSource - Allocating 20.0MB in chunks
2024-03-23 11:29:35 [restartedMain] INFO  org.ehcache.core.EhcacheManager - Cache 'resp_log_dlr_cache' created in EhcacheManager.
2024-03-23 11:29:35 [restartedMain] INFO  o.e.i.config.SizedResourcePoolImpl - Byte based heap resources are deprecated and will be removed in a future version.
2024-03-23 11:29:35 [restartedMain] INFO  o.e.s.o.t.o.p.UpfrontAllocatingPageSource - Allocating 20.0MB in chunks
2024-03-23 11:29:35 [restartedMain] INFO  org.ehcache.core.EhcacheManager - Cache 'resend_pdu_cache' created in EhcacheManager.
2024-03-23 11:29:35 [restartedMain] INFO  com.hti.dao.impl.SmscDAServiceImpl - Initializing Smsc Based Global Vars
2024-03-23 11:29:35 [restartedMain] INFO  com.hti.dao.impl.SmscDAServiceImpl - GWDLTT Disconnection Alert Disabled 
2024-03-23 11:29:35 [restartedMain] INFO  com.hti.dao.impl.SmscDAServiceImpl - GW8 Disconnection Alert Disabled 
2024-03-23 11:29:35 [restartedMain] INFO  com.hti.dao.impl.SmscDAServiceImpl - GWKSA Disconnection Alert Disabled 
2024-03-23 11:29:35 [restartedMain] INFO  com.hti.dao.impl.SmscDAServiceImpl - GW5 Disconnection Alert Disabled 
2024-03-23 11:29:35 [restartedMain] INFO  com.hti.dao.impl.SmscDAServiceImpl - GW4 Disconnection Alert Disabled 
2024-03-23 11:29:35 [restartedMain] INFO  com.hti.dao.impl.SmscDAServiceImpl - GW3 Disconnection Alert Disabled 
2024-03-23 11:29:35 [restartedMain] INFO  com.hti.dao.impl.SmscDAServiceImpl - GW6 Disconnection Alert Disabled 
2024-03-23 11:29:35 [restartedMain] INFO  com.hti.dao.impl.SmscDAServiceImpl - GW7 Disconnection Alert Disabled 
2024-03-23 11:29:35 [restartedMain] INFO  com.hti.dao.impl.SmscDAServiceImpl - GWX1 Disconnection Alert Disabled 
2024-03-23 11:29:35 [restartedMain] INFO  com.hti.dao.impl.SmscDAServiceImpl - Disconnection ALert Enabled: [GW1, GW2]
2024-03-23 11:29:35 [restartedMain] INFO  com.hti.dao.impl.SmscDAServiceImpl - End Initializing Smsc Based Global Vars
2024-03-23 11:29:35 [restartedMain] INFO  c.hti.smsc.DistributionGroupManager - ****** Checking For Distribution ***** 
2024-03-23 11:29:35 [restartedMain] INFO  com.hti.dao.impl.SmscDAServiceImpl - Checking For Smsc limit Configuration
2024-03-23 11:29:35 [restartedMain] INFO  com.hti.dao.impl.SmscDAServiceImpl - Smsc limit COnfiguration:{}
2024-03-23 11:29:35 [restartedMain] INFO  com.hti.dao.impl.SmscDAServiceImpl - <--- Initializing Smsc Status -->
2024-03-23 11:29:35 [restartedMain] INFO  com.hti.dao.impl.SmscDAServiceImpl - Reset Bind Status of all routes
2024-03-23 11:29:35 [restartedMain] INFO  com.hti.dao.impl.SmscDAServiceImpl - End Reset Bind Status of all routes
2024-03-23 11:29:35 [restartedMain] INFO  com.hti.dao.impl.SmscDAServiceImpl - *** Checking For Special Smsc Settings *********
2024-03-23 11:29:35 [restartedMain] INFO  com.hti.dao.impl.SmscDAServiceImpl - Specail Smsc Setting: {}
2024-03-23 11:29:35 [restartedMain] INFO  com.hti.dao.impl.SmscDAServiceImpl - Initializing Esme Error Configuration
2024-03-23 11:29:35 [restartedMain] INFO  com.hti.dao.impl.SmscDAServiceImpl - Initializing Signal Error Codes
2024-03-23 11:29:35 [restartedMain] INFO  com.hti.dao.impl.SmscDAServiceImpl - SignalingErrorCriteria: {}
2024-03-23 11:29:35 [restartedMain] INFO  com.hti.dao.impl.SmscDAServiceImpl - *** Checking For Smsc Based BSFM *********
2024-03-23 11:29:35 [restartedMain] INFO  com.hti.dao.impl.SmscDAServiceImpl - Smsc Based BSFM: {}
2024-03-23 11:29:35 [restartedMain] INFO  com.hti.dao.impl.SmscDAServiceImpl - Smsc: GW2 FLAG: 100
2024-03-23 11:29:35 [restartedMain] WARN  o.ehcache.sizeof.ObjectGraphWalker - The JVM is preventing Ehcache from accessing the subgraph beneath 'private final byte[] java.lang.String.value' - cache sizes may be underestimated as a result
java.lang.reflect.InaccessibleObjectException: Unable to make field private final byte[] java.lang.String.value accessible: module java.base does not "opens java.lang" to unnamed module @5689b795
	at java.base/java.lang.reflect.AccessibleObject.checkCanSetAccessible(AccessibleObject.java:354)
	at java.base/java.lang.reflect.AccessibleObject.checkCanSetAccessible(AccessibleObject.java:297)
	at java.base/java.lang.reflect.Field.checkCanSetAccessible(Field.java:178)
	at java.base/java.lang.reflect.Field.setAccessible(Field.java:172)
	at org.ehcache.sizeof.ObjectGraphWalker.getAllFields(ObjectGraphWalker.java:245)
	at org.ehcache.sizeof.ObjectGraphWalker.getFilteredFields(ObjectGraphWalker.java:204)
	at org.ehcache.sizeof.ObjectGraphWalker.walk(ObjectGraphWalker.java:159)
	at org.ehcache.sizeof.SizeOf.deepSizeOf(SizeOf.java:70)
	at org.ehcache.impl.internal.sizeof.DefaultSizeOfEngine.sizeof(DefaultSizeOfEngine.java:51)
	at org.ehcache.impl.internal.store.heap.OnHeapStore.getSizeOfKeyValuePairs(OnHeapStore.java:981)
	at org.ehcache.impl.internal.store.heap.OnHeapStore.cloneValueHolder(OnHeapStore.java:1508)
	at org.ehcache.impl.internal.store.heap.OnHeapStore.importValueFromLowerTier(OnHeapStore.java:1482)
	at org.ehcache.impl.internal.store.heap.OnHeapStore.resolveFault(OnHeapStore.java:769)
	at org.ehcache.impl.internal.store.heap.OnHeapStore.getOrComputeIfAbsent(OnHeapStore.java:705)
	at org.ehcache.impl.internal.store.tiering.CompoundCachingTier.getOrComputeIfAbsent(CompoundCachingTier.java:103)
	at org.ehcache.impl.internal.store.tiering.TieredStore.get(TieredStore.java:88)
	at org.ehcache.core.Ehcache.doGet(Ehcache.java:89)
	at org.ehcache.core.EhcacheBase.get(EhcacheBase.java:125)
	at com.hti.dao.impl.SmscDAServiceImpl.editSmscConfig(SmscDAServiceImpl.java:535)
	at com.hti.dao.impl.SmscDAServiceImpl.initializeStatus(SmscDAServiceImpl.java:208)
	at com.hti.thread.BearerBox.<init>(BearerBox.java:81)
	at com.hti.thread.StartSmppServer.ApplicationStart(StartSmppServer.java:168)
	at com.HostSmppApplication.main(HostSmppApplication.java:60)
	at java.base/jdk.internal.reflect.NativeMethodAccessorImpl.invoke0(Native Method)
	at java.base/jdk.internal.reflect.NativeMethodAccessorImpl.invoke(NativeMethodAccessorImpl.java:77)
	at java.base/jdk.internal.reflect.DelegatingMethodAccessorImpl.invoke(DelegatingMethodAccessorImpl.java:43)
	at java.base/java.lang.reflect.Method.invoke(Method.java:568)
	at org.springframework.boot.devtools.restart.RestartLauncher.run(RestartLauncher.java:50)
2024-03-23 11:29:35 [SmscConnection-GW2] INFO  com.hti.smsc.SmscConnection - <-- SmscConnection Started For: GW2 -->
2024-03-23 11:29:35 [restartedMain] INFO  com.hti.dao.impl.SmscDAServiceImpl - Smsc: GW8 FLAG: 100
2024-03-23 11:29:35 [restartedMain] INFO  com.hti.dao.impl.SmscDAServiceImpl - GW8 Disconnection Alert Disabled 
2024-03-23 11:29:35 [SmscConnection-GW8] INFO  com.hti.smsc.SmscConnection - <-- SmscConnection Started For: GW8 -->
2024-03-23 11:29:35 [restartedMain] INFO  com.hti.dao.impl.SmscDAServiceImpl - Smsc: GWDLTT FLAG: 100
2024-03-23 11:29:35 [restartedMain] INFO  com.hti.dao.impl.SmscDAServiceImpl - GWDLTT Disconnection Alert Disabled 
2024-03-23 11:29:35 [SmscConnection-GWDLTT] INFO  com.hti.smsc.SmscConnection - <-- SmscConnection Started For: GWDLTT -->
2024-03-23 11:29:36 [restartedMain] INFO  com.hti.dao.impl.SmscDAServiceImpl - Smsc: GW5 FLAG: 100
2024-03-23 11:29:36 [restartedMain] INFO  com.hti.dao.impl.SmscDAServiceImpl - GW5 Disconnection Alert Disabled 
2024-03-23 11:29:36 [SmscConnection-GW5] INFO  com.hti.smsc.SmscConnection - <-- SmscConnection Started For: GW5 -->
2024-03-23 11:29:36 [restartedMain] INFO  com.hti.dao.impl.SmscDAServiceImpl - Smsc: GW6 FLAG: 100
2024-03-23 11:29:36 [restartedMain] INFO  com.hti.dao.impl.SmscDAServiceImpl - GW6 Disconnection Alert Disabled 
2024-03-23 11:29:36 [SmscConnection-GW6] INFO  com.hti.smsc.SmscConnection - <-- SmscConnection Started For: GW6 -->
2024-03-23 11:29:36 [restartedMain] INFO  com.hti.dao.impl.SmscDAServiceImpl - Smsc: GWX1 FLAG: 100
2024-03-23 11:29:36 [restartedMain] INFO  com.hti.dao.impl.SmscDAServiceImpl - GWX1 Disconnection Alert Disabled 
2024-03-23 11:29:36 [SmscConnection-GWX1] INFO  com.hti.smsc.SmscConnection - <-- SmscConnection Started For: GWX1 -->
2024-03-23 11:29:36 [restartedMain] INFO  com.hti.dao.impl.SmscDAServiceImpl - Smsc: GW4 FLAG: 100
2024-03-23 11:29:36 [restartedMain] INFO  com.hti.dao.impl.SmscDAServiceImpl - GW4 Disconnection Alert Disabled 
2024-03-23 11:29:36 [SmscConnection-GW4] INFO  com.hti.smsc.SmscConnection - <-- SmscConnection Started For: GW4 -->
2024-03-23 11:29:36 [restartedMain] INFO  com.hti.dao.impl.SmscDAServiceImpl - Smsc: GW1 FLAG: 100
2024-03-23 11:29:36 [SmscConnection-GW1] INFO  com.hti.smsc.SmscConnection - <-- SmscConnection Started For: GW1 -->
2024-03-23 11:29:37 [restartedMain] INFO  com.hti.dao.impl.SmscDAServiceImpl - Smsc: GW7 FLAG: 100
2024-03-23 11:29:37 [restartedMain] INFO  com.hti.dao.impl.SmscDAServiceImpl - GW7 Disconnection Alert Disabled 
2024-03-23 11:29:37 [SmscConnection-GW7] INFO  com.hti.smsc.SmscConnection - <-- SmscConnection Started For: GW7 -->
2024-03-23 11:29:37 [restartedMain] INFO  com.hti.dao.impl.SmscDAServiceImpl - Smsc: GWKSA FLAG: 100
2024-03-23 11:29:37 [restartedMain] INFO  com.hti.dao.impl.SmscDAServiceImpl - GWKSA Disconnection Alert Disabled 
2024-03-23 11:29:37 [SmscConnection-GWKSA] INFO  com.hti.smsc.SmscConnection - <-- SmscConnection Started For: GWKSA -->
2024-03-23 11:29:37 [restartedMain] INFO  com.hti.dao.impl.SmscDAServiceImpl - Smsc: GW3 FLAG: 100
2024-03-23 11:29:37 [restartedMain] INFO  com.hti.dao.impl.SmscDAServiceImpl - GW3 Disconnection Alert Disabled 
2024-03-23 11:29:37 [SmscConnection-GW3] INFO  com.hti.smsc.SmscConnection - <-- SmscConnection Started For: GW3 -->
2024-03-23 11:29:37 [restartedMain] INFO  com.hti.dao.impl.SmscDAServiceImpl - <--- End Initializing Smsc Status -->
2024-03-23 11:29:37 [restartedMain] INFO  com.hti.dao.impl.SmscDAServiceImpl - <-- Initializing Smsc Looping Rules -->
2024-03-23 11:29:37 [restartedMain] INFO  com.hti.dao.impl.SmscDAServiceImpl - Total Looping Rules Configured: 0
2024-03-23 11:29:37 [restartedMain] INFO  com.hti.dao.impl.UserDAServiceImpl - ********** Loading User Account Details *******
2024-03-23 11:29:37 [restartedMain] INFO  com.hti.dao.impl.UserDAServiceImpl - rajguru Looping Route Not Found: 1
2024-03-23 11:29:37 [restartedMain] INFO  com.hti.dao.impl.UserDAServiceImpl - testUser2 Added Looping Route: GW2
2024-03-23 11:29:37 [restartedMain] INFO  com.hti.dao.impl.UserDAServiceImpl - alertUser Added Looping Route: GW4
2024-03-23 11:29:37 [restartedMain] INFO  com.hti.dao.impl.UserDAServiceImpl - harsh Looping Route Not Found: 1
2024-03-23 11:29:37 [restartedMain] INFO  com.hti.dao.impl.UserDAServiceImpl - SkipLoopingUsers: []
2024-03-23 11:29:37 [restartedMain] INFO  com.hti.dao.impl.UserDAServiceImpl - LoopingRoutes: {alertUser=GW4, testUser2=GW2}
2024-03-23 11:30:28 [RMI TCP Connection(8)-127.0.0.1] INFO  o.s.b.a.SpringApplicationAdminMXBeanRegistrar$SpringApplicationAdmin - Application shutdown requested.
2024-03-23 11:30:28 [RMI TCP Connection(8)-127.0.0.1] INFO  o.a.catalina.core.StandardService - Stopping service [Tomcat]
2024-03-23 11:33:38 [restartedMain] INFO  c.h.c.i.spi.ClientInvocationService - hz.client_1 [dev] [5.2.4] Running with 2 response threads, dynamic=true
2024-03-23 11:33:38 [restartedMain] INFO  com.hazelcast.core.LifecycleService - hz.client_1 [dev] [5.2.4] HazelcastClient 5.2.4 (20230613 - bcacb08) is STARTING
2024-03-23 11:33:38 [restartedMain] INFO  com.hazelcast.core.LifecycleService - hz.client_1 [dev] [5.2.4] HazelcastClient 5.2.4 (20230613 - bcacb08) is STARTED
2024-03-23 11:33:38 [restartedMain] INFO  c.h.c.i.c.ClientConnectionManager - hz.client_1 [dev] [5.2.4] Trying to connect to cluster: dev
2024-03-23 11:33:38 [restartedMain] INFO  c.h.c.i.c.ClientConnectionManager - hz.client_1 [dev] [5.2.4] Trying to connect to [127.0.0.1]:5701
2024-03-23 11:33:38 [restartedMain] INFO  com.hazelcast.core.LifecycleService - hz.client_1 [dev] [5.2.4] HazelcastClient 5.2.4 (20230613 - bcacb08) is CLIENT_CONNECTED
2024-03-23 11:33:38 [restartedMain] INFO  c.h.c.i.c.ClientConnectionManager - hz.client_1 [dev] [5.2.4] Authenticated with server [127.0.0.1]:5701:004038b2-e10a-4918-ba0e-581508bef311, server version: 5.3.6, local address: /127.0.0.1:57570
2024-03-23 11:33:38 [restartedMain] INFO  c.h.internal.diagnostics.Diagnostics - hz.client_1 [dev] [5.2.4] Diagnostics disabled. To enable add -Dhazelcast.diagnostics.enabled=true to the JVM arguments.
2024-03-23 11:33:38 [hz.client_1.event-2] INFO  c.h.c.impl.spi.ClientClusterService - hz.client_1 [dev] [5.2.4] 

Members [1] {
	Member [127.0.0.1]:5701 - 004038b2-e10a-4918-ba0e-581508bef311
}

2024-03-23 11:33:38 [restartedMain] INFO  c.h.c.i.s.ClientStatisticsService - Client statistics is enabled with period 5 seconds.
2024-03-23 11:33:38 [restartedMain] INFO  c.hti.dao.impl.NetworkDAServiceImpl - NetworkEntries: 1392
2024-03-23 11:33:41 [restartedMain] INFO  o.e.i.config.SizedResourcePoolImpl - Byte based heap resources are deprecated and will be removed in a future version.
2024-03-23 11:33:41 [restartedMain] INFO  o.e.s.filters.AnnotationSizeOfFilter - Using regular expression provided through VM argument org.ehcache.sizeof.filters.AnnotationSizeOfFilter.pattern for IgnoreSizeOf annotation : ^.*cache\..*IgnoreSizeOf$
2024-03-23 11:33:41 [restartedMain] INFO  o.ehcache.sizeof.impl.JvmInformation - Detected JVM data model settings of: 64-Bit HotSpot JVM with Compressed OOPs
2024-03-23 11:33:41 [restartedMain] INFO  org.ehcache.sizeof.impl.AgentLoader - Failed to attach to VM and load the agent: class java.io.IOException: Can not attach to current VM
2024-03-23 11:33:41 [restartedMain] INFO  o.e.s.o.t.o.p.UpfrontAllocatingPageSource - Allocating 50.0MB in chunks
2024-03-23 11:33:41 [restartedMain] INFO  org.ehcache.core.EhcacheManager - Cache 'part_map_cache' created in EhcacheManager.
2024-03-23 11:33:41 [restartedMain] INFO  o.e.i.config.SizedResourcePoolImpl - Byte based heap resources are deprecated and will be removed in a future version.
2024-03-23 11:33:42 [restartedMain] INFO  o.e.s.o.t.o.p.UpfrontAllocatingPageSource - Allocating 20.0MB in chunks
2024-03-23 11:33:42 [restartedMain] INFO  org.ehcache.core.EhcacheManager - Cache 'smsc_queue_cache' created in EhcacheManager.
2024-03-23 11:33:42 [restartedMain] INFO  o.e.i.config.SizedResourcePoolImpl - Byte based heap resources are deprecated and will be removed in a future version.
2024-03-23 11:33:42 [restartedMain] INFO  o.e.s.o.t.o.p.UpfrontAllocatingPageSource - Allocating 20.0MB in chunks
2024-03-23 11:33:42 [restartedMain] INFO  org.ehcache.core.EhcacheManager - Cache 'resp_log_cache' created in EhcacheManager.
2024-03-23 11:33:42 [restartedMain] INFO  o.e.i.config.SizedResourcePoolImpl - Byte based heap resources are deprecated and will be removed in a future version.
2024-03-23 11:33:42 [restartedMain] INFO  o.e.s.o.t.o.p.UpfrontAllocatingPageSource - Allocating 20.0MB in chunks
2024-03-23 11:33:42 [restartedMain] INFO  org.ehcache.core.EhcacheManager - Cache 'resp_log_dlr_cache' created in EhcacheManager.
2024-03-23 11:33:42 [restartedMain] INFO  o.e.i.config.SizedResourcePoolImpl - Byte based heap resources are deprecated and will be removed in a future version.
2024-03-23 11:33:42 [restartedMain] INFO  o.e.s.o.t.o.p.UpfrontAllocatingPageSource - Allocating 20.0MB in chunks
2024-03-23 11:33:42 [restartedMain] INFO  org.ehcache.core.EhcacheManager - Cache 'resend_pdu_cache' created in EhcacheManager.
2024-03-23 11:33:42 [restartedMain] INFO  com.hti.dao.impl.SmscDAServiceImpl - Initializing Smsc Based Global Vars
2024-03-23 11:33:42 [restartedMain] INFO  com.hti.dao.impl.SmscDAServiceImpl - GWDLTT Disconnection Alert Disabled 
2024-03-23 11:33:42 [restartedMain] INFO  com.hti.dao.impl.SmscDAServiceImpl - GW8 Disconnection Alert Disabled 
2024-03-23 11:33:42 [restartedMain] INFO  com.hti.dao.impl.SmscDAServiceImpl - GWKSA Disconnection Alert Disabled 
2024-03-23 11:33:42 [restartedMain] INFO  com.hti.dao.impl.SmscDAServiceImpl - GW5 Disconnection Alert Disabled 
2024-03-23 11:33:42 [restartedMain] INFO  com.hti.dao.impl.SmscDAServiceImpl - GW4 Disconnection Alert Disabled 
2024-03-23 11:33:42 [restartedMain] INFO  com.hti.dao.impl.SmscDAServiceImpl - GW3 Disconnection Alert Disabled 
2024-03-23 11:33:42 [restartedMain] INFO  com.hti.dao.impl.SmscDAServiceImpl - GW6 Disconnection Alert Disabled 
2024-03-23 11:33:42 [restartedMain] INFO  com.hti.dao.impl.SmscDAServiceImpl - GW7 Disconnection Alert Disabled 
2024-03-23 11:33:42 [restartedMain] INFO  com.hti.dao.impl.SmscDAServiceImpl - GWX1 Disconnection Alert Disabled 
2024-03-23 11:33:42 [restartedMain] INFO  com.hti.dao.impl.SmscDAServiceImpl - Disconnection ALert Enabled: [GW1, GW2]
2024-03-23 11:33:42 [restartedMain] INFO  com.hti.dao.impl.SmscDAServiceImpl - End Initializing Smsc Based Global Vars
2024-03-23 11:33:42 [restartedMain] INFO  c.hti.smsc.DistributionGroupManager - ****** Checking For Distribution ***** 
2024-03-23 11:33:42 [restartedMain] INFO  com.hti.dao.impl.SmscDAServiceImpl - Checking For Smsc limit Configuration
2024-03-23 11:33:42 [restartedMain] INFO  com.hti.dao.impl.SmscDAServiceImpl - Smsc limit COnfiguration:{}
2024-03-23 11:33:42 [restartedMain] INFO  com.hti.dao.impl.SmscDAServiceImpl - <--- Initializing Smsc Status -->
2024-03-23 11:33:42 [restartedMain] INFO  com.hti.dao.impl.SmscDAServiceImpl - Reset Bind Status of all routes
2024-03-23 11:33:42 [restartedMain] INFO  com.hti.dao.impl.SmscDAServiceImpl - End Reset Bind Status of all routes
2024-03-23 11:33:42 [restartedMain] INFO  com.hti.dao.impl.SmscDAServiceImpl - *** Checking For Special Smsc Settings *********
2024-03-23 11:33:42 [restartedMain] INFO  com.hti.dao.impl.SmscDAServiceImpl - Specail Smsc Setting: {}
2024-03-23 11:33:42 [restartedMain] INFO  com.hti.dao.impl.SmscDAServiceImpl - Initializing Esme Error Configuration
2024-03-23 11:33:42 [restartedMain] INFO  com.hti.dao.impl.SmscDAServiceImpl - Initializing Signal Error Codes
2024-03-23 11:33:42 [restartedMain] INFO  com.hti.dao.impl.SmscDAServiceImpl - SignalingErrorCriteria: {}
2024-03-23 11:33:42 [restartedMain] INFO  com.hti.dao.impl.SmscDAServiceImpl - *** Checking For Smsc Based BSFM *********
2024-03-23 11:33:42 [restartedMain] INFO  com.hti.dao.impl.SmscDAServiceImpl - Smsc Based BSFM: {}
2024-03-23 11:33:42 [restartedMain] INFO  com.hti.dao.impl.SmscDAServiceImpl - Smsc: GW2 FLAG: 100
2024-03-23 11:33:42 [restartedMain] WARN  o.ehcache.sizeof.ObjectGraphWalker - The JVM is preventing Ehcache from accessing the subgraph beneath 'transient java.util.LinkedList$Node java.util.LinkedList.first' - cache sizes may be underestimated as a result
java.lang.reflect.InaccessibleObjectException: Unable to make field transient java.util.LinkedList$Node java.util.LinkedList.first accessible: module java.base does not "opens java.util" to unnamed module @153a7f68
	at java.base/java.lang.reflect.AccessibleObject.checkCanSetAccessible(AccessibleObject.java:354)
	at java.base/java.lang.reflect.AccessibleObject.checkCanSetAccessible(AccessibleObject.java:297)
	at java.base/java.lang.reflect.Field.checkCanSetAccessible(Field.java:178)
	at java.base/java.lang.reflect.Field.setAccessible(Field.java:172)
	at org.ehcache.sizeof.ObjectGraphWalker.getAllFields(ObjectGraphWalker.java:245)
	at org.ehcache.sizeof.ObjectGraphWalker.getFilteredFields(ObjectGraphWalker.java:204)
	at org.ehcache.sizeof.ObjectGraphWalker.walk(ObjectGraphWalker.java:159)
	at org.ehcache.sizeof.SizeOf.deepSizeOf(SizeOf.java:70)
	at org.ehcache.impl.internal.sizeof.DefaultSizeOfEngine.sizeof(DefaultSizeOfEngine.java:51)
	at org.ehcache.impl.internal.store.heap.OnHeapStore.getSizeOfKeyValuePairs(OnHeapStore.java:981)
	at org.ehcache.impl.internal.store.heap.OnHeapStore.cloneValueHolder(OnHeapStore.java:1508)
	at org.ehcache.impl.internal.store.heap.OnHeapStore.importValueFromLowerTier(OnHeapStore.java:1482)
	at org.ehcache.impl.internal.store.heap.OnHeapStore.resolveFault(OnHeapStore.java:769)
	at org.ehcache.impl.internal.store.heap.OnHeapStore.getOrComputeIfAbsent(OnHeapStore.java:705)
	at org.ehcache.impl.internal.store.tiering.CompoundCachingTier.getOrComputeIfAbsent(CompoundCachingTier.java:103)
	at org.ehcache.impl.internal.store.tiering.TieredStore.get(TieredStore.java:88)
	at org.ehcache.core.Ehcache.doGet(Ehcache.java:89)
	at org.ehcache.core.EhcacheBase.get(EhcacheBase.java:125)
	at com.hti.dao.impl.SmscDAServiceImpl.editSmscConfig(SmscDAServiceImpl.java:535)
	at com.hti.dao.impl.SmscDAServiceImpl.initializeStatus(SmscDAServiceImpl.java:208)
	at com.hti.thread.BearerBox.<init>(BearerBox.java:81)
	at com.hti.thread.StartSmppServer.ApplicationStart(StartSmppServer.java:168)
	at com.HostSmppApplication.main(HostSmppApplication.java:60)
	at java.base/jdk.internal.reflect.NativeMethodAccessorImpl.invoke0(Native Method)
	at java.base/jdk.internal.reflect.NativeMethodAccessorImpl.invoke(NativeMethodAccessorImpl.java:77)
	at java.base/jdk.internal.reflect.DelegatingMethodAccessorImpl.invoke(DelegatingMethodAccessorImpl.java:43)
	at java.base/java.lang.reflect.Method.invoke(Method.java:568)
	at org.springframework.boot.devtools.restart.RestartLauncher.run(RestartLauncher.java:50)
2024-03-23 11:33:42 [restartedMain] WARN  o.ehcache.sizeof.ObjectGraphWalker - The JVM is preventing Ehcache from accessing the subgraph beneath 'transient java.util.LinkedList$Node java.util.LinkedList.last' - cache sizes may be underestimated as a result
java.lang.reflect.InaccessibleObjectException: Unable to make field transient java.util.LinkedList$Node java.util.LinkedList.last accessible: module java.base does not "opens java.util" to unnamed module @153a7f68
	at java.base/java.lang.reflect.AccessibleObject.checkCanSetAccessible(AccessibleObject.java:354)
	at java.base/java.lang.reflect.AccessibleObject.checkCanSetAccessible(AccessibleObject.java:297)
	at java.base/java.lang.reflect.Field.checkCanSetAccessible(Field.java:178)
	at java.base/java.lang.reflect.Field.setAccessible(Field.java:172)
	at org.ehcache.sizeof.ObjectGraphWalker.getAllFields(ObjectGraphWalker.java:245)
	at org.ehcache.sizeof.ObjectGraphWalker.getFilteredFields(ObjectGraphWalker.java:204)
	at org.ehcache.sizeof.ObjectGraphWalker.walk(ObjectGraphWalker.java:159)
	at org.ehcache.sizeof.SizeOf.deepSizeOf(SizeOf.java:70)
	at org.ehcache.impl.internal.sizeof.DefaultSizeOfEngine.sizeof(DefaultSizeOfEngine.java:51)
	at org.ehcache.impl.internal.store.heap.OnHeapStore.getSizeOfKeyValuePairs(OnHeapStore.java:981)
	at org.ehcache.impl.internal.store.heap.OnHeapStore.cloneValueHolder(OnHeapStore.java:1508)
	at org.ehcache.impl.internal.store.heap.OnHeapStore.importValueFromLowerTier(OnHeapStore.java:1482)
	at org.ehcache.impl.internal.store.heap.OnHeapStore.resolveFault(OnHeapStore.java:769)
	at org.ehcache.impl.internal.store.heap.OnHeapStore.getOrComputeIfAbsent(OnHeapStore.java:705)
	at org.ehcache.impl.internal.store.tiering.CompoundCachingTier.getOrComputeIfAbsent(CompoundCachingTier.java:103)
	at org.ehcache.impl.internal.store.tiering.TieredStore.get(TieredStore.java:88)
	at org.ehcache.core.Ehcache.doGet(Ehcache.java:89)
	at org.ehcache.core.EhcacheBase.get(EhcacheBase.java:125)
	at com.hti.dao.impl.SmscDAServiceImpl.editSmscConfig(SmscDAServiceImpl.java:535)
	at com.hti.dao.impl.SmscDAServiceImpl.initializeStatus(SmscDAServiceImpl.java:208)
	at com.hti.thread.BearerBox.<init>(BearerBox.java:81)
	at com.hti.thread.StartSmppServer.ApplicationStart(StartSmppServer.java:168)
	at com.HostSmppApplication.main(HostSmppApplication.java:60)
	at java.base/jdk.internal.reflect.NativeMethodAccessorImpl.invoke0(Native Method)
	at java.base/jdk.internal.reflect.NativeMethodAccessorImpl.invoke(NativeMethodAccessorImpl.java:77)
	at java.base/jdk.internal.reflect.DelegatingMethodAccessorImpl.invoke(DelegatingMethodAccessorImpl.java:43)
	at java.base/java.lang.reflect.Method.invoke(Method.java:568)
	at org.springframework.boot.devtools.restart.RestartLauncher.run(RestartLauncher.java:50)
2024-03-23 11:33:42 [SmscConnection-GW2] INFO  com.hti.smsc.SmscConnection - <-- SmscConnection Started For: GW2 -->
2024-03-23 11:33:42 [restartedMain] INFO  com.hti.dao.impl.SmscDAServiceImpl - Smsc: GW8 FLAG: 100
2024-03-23 11:33:42 [restartedMain] INFO  com.hti.dao.impl.SmscDAServiceImpl - GW8 Disconnection Alert Disabled 
2024-03-23 11:33:42 [SmscConnection-GW8] INFO  com.hti.smsc.SmscConnection - <-- SmscConnection Started For: GW8 -->
2024-03-23 11:33:42 [restartedMain] INFO  com.hti.dao.impl.SmscDAServiceImpl - Smsc: GWDLTT FLAG: 100
2024-03-23 11:33:42 [restartedMain] INFO  com.hti.dao.impl.SmscDAServiceImpl - GWDLTT Disconnection Alert Disabled 
2024-03-23 11:33:42 [SmscConnection-GWDLTT] INFO  com.hti.smsc.SmscConnection - <-- SmscConnection Started For: GWDLTT -->
2024-03-23 11:33:42 [restartedMain] INFO  com.hti.dao.impl.SmscDAServiceImpl - Smsc: GW5 FLAG: 100
2024-03-23 11:33:42 [restartedMain] INFO  com.hti.dao.impl.SmscDAServiceImpl - GW5 Disconnection Alert Disabled 
2024-03-23 11:33:42 [SmscConnection-GW5] INFO  com.hti.smsc.SmscConnection - <-- SmscConnection Started For: GW5 -->
2024-03-23 11:33:43 [restartedMain] INFO  com.hti.dao.impl.SmscDAServiceImpl - Smsc: GW6 FLAG: 100
2024-03-23 11:33:43 [restartedMain] INFO  com.hti.dao.impl.SmscDAServiceImpl - GW6 Disconnection Alert Disabled 
2024-03-23 11:33:43 [SmscConnection-GW6] INFO  com.hti.smsc.SmscConnection - <-- SmscConnection Started For: GW6 -->
2024-03-23 11:33:43 [restartedMain] INFO  com.hti.dao.impl.SmscDAServiceImpl - Smsc: GWX1 FLAG: 100
2024-03-23 11:33:43 [restartedMain] INFO  com.hti.dao.impl.SmscDAServiceImpl - GWX1 Disconnection Alert Disabled 
2024-03-23 11:33:43 [SmscConnection-GWX1] INFO  com.hti.smsc.SmscConnection - <-- SmscConnection Started For: GWX1 -->
2024-03-23 11:33:43 [restartedMain] INFO  com.hti.dao.impl.SmscDAServiceImpl - Smsc: GW4 FLAG: 100
2024-03-23 11:33:43 [restartedMain] INFO  com.hti.dao.impl.SmscDAServiceImpl - GW4 Disconnection Alert Disabled 
2024-03-23 11:33:43 [SmscConnection-GW4] INFO  com.hti.smsc.SmscConnection - <-- SmscConnection Started For: GW4 -->
2024-03-23 11:33:43 [restartedMain] INFO  com.hti.dao.impl.SmscDAServiceImpl - Smsc: GW1 FLAG: 100
2024-03-23 11:33:43 [SmscConnection-GW1] INFO  com.hti.smsc.SmscConnection - <-- SmscConnection Started For: GW1 -->
2024-03-23 11:33:43 [restartedMain] INFO  com.hti.dao.impl.SmscDAServiceImpl - Smsc: GW7 FLAG: 100
2024-03-23 11:33:43 [restartedMain] INFO  com.hti.dao.impl.SmscDAServiceImpl - GW7 Disconnection Alert Disabled 
2024-03-23 11:33:43 [SmscConnection-GW7] INFO  com.hti.smsc.SmscConnection - <-- SmscConnection Started For: GW7 -->
2024-03-23 11:33:44 [restartedMain] INFO  com.hti.dao.impl.SmscDAServiceImpl - Smsc: GWKSA FLAG: 100
2024-03-23 11:33:44 [restartedMain] INFO  com.hti.dao.impl.SmscDAServiceImpl - GWKSA Disconnection Alert Disabled 
2024-03-23 11:33:44 [SmscConnection-GWKSA] INFO  com.hti.smsc.SmscConnection - <-- SmscConnection Started For: GWKSA -->
2024-03-23 11:33:44 [restartedMain] INFO  com.hti.dao.impl.SmscDAServiceImpl - Smsc: GW3 FLAG: 100
2024-03-23 11:33:44 [restartedMain] INFO  com.hti.dao.impl.SmscDAServiceImpl - GW3 Disconnection Alert Disabled 
2024-03-23 11:33:44 [SmscConnection-GW3] INFO  com.hti.smsc.SmscConnection - <-- SmscConnection Started For: GW3 -->
2024-03-23 11:33:44 [restartedMain] INFO  com.hti.dao.impl.SmscDAServiceImpl - <--- End Initializing Smsc Status -->
2024-03-23 11:33:44 [restartedMain] INFO  com.hti.dao.impl.SmscDAServiceImpl - <-- Initializing Smsc Looping Rules -->
2024-03-23 11:33:44 [restartedMain] INFO  com.hti.dao.impl.SmscDAServiceImpl - Total Looping Rules Configured: 0
2024-03-23 11:33:44 [restartedMain] INFO  com.hti.dao.impl.UserDAServiceImpl - ********** Loading User Account Details *******
2024-03-23 11:33:44 [restartedMain] INFO  com.hti.dao.impl.UserDAServiceImpl - rajguru Looping Route Not Found: 1
2024-03-23 11:33:44 [restartedMain] INFO  com.hti.dao.impl.UserDAServiceImpl - testUser2 Added Looping Route: GW2
2024-03-23 11:33:44 [restartedMain] INFO  com.hti.dao.impl.UserDAServiceImpl - alertUser Added Looping Route: GW4
2024-03-23 11:33:44 [restartedMain] INFO  com.hti.dao.impl.UserDAServiceImpl - harsh Looping Route Not Found: 1
2024-03-23 11:33:44 [restartedMain] INFO  com.hti.dao.impl.UserDAServiceImpl - SkipLoopingUsers: []
2024-03-23 11:33:44 [restartedMain] INFO  com.hti.dao.impl.UserDAServiceImpl - LoopingRoutes: {alertUser=GW4, testUser2=GW2}
2024-03-23 11:34:07 [RMI TCP Connection(10)-127.0.0.1] INFO  o.s.b.a.SpringApplicationAdminMXBeanRegistrar$SpringApplicationAdmin - Application shutdown requested.
2024-03-23 11:34:07 [RMI TCP Connection(10)-127.0.0.1] INFO  o.a.catalina.core.StandardService - Stopping service [Tomcat]
2024-03-23 11:35:55 [restartedMain] INFO  c.h.c.i.spi.ClientInvocationService - hz.client_1 [dev] [5.2.4] Running with 2 response threads, dynamic=true
2024-03-23 11:35:55 [restartedMain] INFO  com.hazelcast.core.LifecycleService - hz.client_1 [dev] [5.2.4] HazelcastClient 5.2.4 (20230613 - bcacb08) is STARTING
2024-03-23 11:35:55 [restartedMain] INFO  com.hazelcast.core.LifecycleService - hz.client_1 [dev] [5.2.4] HazelcastClient 5.2.4 (20230613 - bcacb08) is STARTED
2024-03-23 11:35:55 [restartedMain] INFO  c.h.c.i.c.ClientConnectionManager - hz.client_1 [dev] [5.2.4] Trying to connect to cluster: dev
2024-03-23 11:35:55 [restartedMain] INFO  c.h.c.i.c.ClientConnectionManager - hz.client_1 [dev] [5.2.4] Trying to connect to [127.0.0.1]:5701
2024-03-23 11:35:55 [restartedMain] INFO  com.hazelcast.core.LifecycleService - hz.client_1 [dev] [5.2.4] HazelcastClient 5.2.4 (20230613 - bcacb08) is CLIENT_CONNECTED
2024-03-23 11:35:55 [restartedMain] INFO  c.h.c.i.c.ClientConnectionManager - hz.client_1 [dev] [5.2.4] Authenticated with server [127.0.0.1]:5701:004038b2-e10a-4918-ba0e-581508bef311, server version: 5.3.6, local address: /127.0.0.1:57677
2024-03-23 11:35:55 [restartedMain] INFO  c.h.internal.diagnostics.Diagnostics - hz.client_1 [dev] [5.2.4] Diagnostics disabled. To enable add -Dhazelcast.diagnostics.enabled=true to the JVM arguments.
2024-03-23 11:35:55 [hz.client_1.event-2] INFO  c.h.c.impl.spi.ClientClusterService - hz.client_1 [dev] [5.2.4] 

Members [1] {
	Member [127.0.0.1]:5701 - 004038b2-e10a-4918-ba0e-581508bef311
}

2024-03-23 11:35:56 [restartedMain] INFO  c.h.c.i.s.ClientStatisticsService - Client statistics is enabled with period 5 seconds.
2024-03-23 11:35:56 [restartedMain] INFO  c.hti.dao.impl.NetworkDAServiceImpl - NetworkEntries: 1392
2024-03-23 11:35:59 [restartedMain] INFO  o.e.i.config.SizedResourcePoolImpl - Byte based heap resources are deprecated and will be removed in a future version.
2024-03-23 11:35:59 [restartedMain] INFO  o.e.s.filters.AnnotationSizeOfFilter - Using regular expression provided through VM argument org.ehcache.sizeof.filters.AnnotationSizeOfFilter.pattern for IgnoreSizeOf annotation : ^.*cache\..*IgnoreSizeOf$
2024-03-23 11:35:59 [restartedMain] INFO  o.ehcache.sizeof.impl.JvmInformation - Detected JVM data model settings of: 64-Bit HotSpot JVM with Compressed OOPs
2024-03-23 11:35:59 [restartedMain] INFO  org.ehcache.sizeof.impl.AgentLoader - Failed to attach to VM and load the agent: class java.io.IOException: Can not attach to current VM
2024-03-23 11:35:59 [restartedMain] INFO  o.e.s.o.t.o.p.UpfrontAllocatingPageSource - Allocating 50.0MB in chunks
2024-03-23 11:35:59 [restartedMain] INFO  org.ehcache.core.EhcacheManager - Cache 'part_map_cache' created in EhcacheManager.
2024-03-23 11:35:59 [restartedMain] INFO  o.e.i.config.SizedResourcePoolImpl - Byte based heap resources are deprecated and will be removed in a future version.
2024-03-23 11:35:59 [restartedMain] INFO  o.e.s.o.t.o.p.UpfrontAllocatingPageSource - Allocating 20.0MB in chunks
2024-03-23 11:35:59 [restartedMain] INFO  org.ehcache.core.EhcacheManager - Cache 'smsc_queue_cache' created in EhcacheManager.
2024-03-23 11:35:59 [restartedMain] INFO  o.e.i.config.SizedResourcePoolImpl - Byte based heap resources are deprecated and will be removed in a future version.
2024-03-23 11:35:59 [restartedMain] INFO  o.e.s.o.t.o.p.UpfrontAllocatingPageSource - Allocating 20.0MB in chunks
2024-03-23 11:35:59 [restartedMain] INFO  org.ehcache.core.EhcacheManager - Cache 'resp_log_cache' created in EhcacheManager.
2024-03-23 11:35:59 [restartedMain] INFO  o.e.i.config.SizedResourcePoolImpl - Byte based heap resources are deprecated and will be removed in a future version.
2024-03-23 11:35:59 [restartedMain] INFO  o.e.s.o.t.o.p.UpfrontAllocatingPageSource - Allocating 20.0MB in chunks
2024-03-23 11:35:59 [restartedMain] INFO  org.ehcache.core.EhcacheManager - Cache 'resp_log_dlr_cache' created in EhcacheManager.
2024-03-23 11:35:59 [restartedMain] INFO  o.e.i.config.SizedResourcePoolImpl - Byte based heap resources are deprecated and will be removed in a future version.
2024-03-23 11:35:59 [restartedMain] INFO  o.e.s.o.t.o.p.UpfrontAllocatingPageSource - Allocating 20.0MB in chunks
2024-03-23 11:35:59 [restartedMain] INFO  org.ehcache.core.EhcacheManager - Cache 'resend_pdu_cache' created in EhcacheManager.
2024-03-23 11:35:59 [restartedMain] INFO  com.hti.dao.impl.SmscDAServiceImpl - Initializing Smsc Based Global Vars
2024-03-23 11:35:59 [restartedMain] INFO  com.hti.dao.impl.SmscDAServiceImpl - GWDLTT Disconnection Alert Disabled 
2024-03-23 11:35:59 [restartedMain] INFO  com.hti.dao.impl.SmscDAServiceImpl - GW8 Disconnection Alert Disabled 
2024-03-23 11:35:59 [restartedMain] INFO  com.hti.dao.impl.SmscDAServiceImpl - GWKSA Disconnection Alert Disabled 
2024-03-23 11:35:59 [restartedMain] INFO  com.hti.dao.impl.SmscDAServiceImpl - GW5 Disconnection Alert Disabled 
2024-03-23 11:35:59 [restartedMain] INFO  com.hti.dao.impl.SmscDAServiceImpl - GW4 Disconnection Alert Disabled 
2024-03-23 11:35:59 [restartedMain] INFO  com.hti.dao.impl.SmscDAServiceImpl - GW3 Disconnection Alert Disabled 
2024-03-23 11:35:59 [restartedMain] INFO  com.hti.dao.impl.SmscDAServiceImpl - GW6 Disconnection Alert Disabled 
2024-03-23 11:35:59 [restartedMain] INFO  com.hti.dao.impl.SmscDAServiceImpl - GW7 Disconnection Alert Disabled 
2024-03-23 11:35:59 [restartedMain] INFO  com.hti.dao.impl.SmscDAServiceImpl - GWX1 Disconnection Alert Disabled 
2024-03-23 11:35:59 [restartedMain] INFO  com.hti.dao.impl.SmscDAServiceImpl - Disconnection ALert Enabled: [GW1, GW2]
2024-03-23 11:35:59 [restartedMain] INFO  com.hti.dao.impl.SmscDAServiceImpl - End Initializing Smsc Based Global Vars
2024-03-23 11:35:59 [restartedMain] INFO  c.hti.smsc.DistributionGroupManager - ****** Checking For Distribution ***** 
2024-03-23 11:35:59 [restartedMain] INFO  com.hti.dao.impl.SmscDAServiceImpl - Checking For Smsc limit Configuration
2024-03-23 11:35:59 [restartedMain] INFO  com.hti.dao.impl.SmscDAServiceImpl - Smsc limit COnfiguration:{}
2024-03-23 11:35:59 [restartedMain] INFO  com.hti.dao.impl.SmscDAServiceImpl - <--- Initializing Smsc Status -->
2024-03-23 11:35:59 [restartedMain] INFO  com.hti.dao.impl.SmscDAServiceImpl - Reset Bind Status of all routes
2024-03-23 11:35:59 [restartedMain] INFO  com.hti.dao.impl.SmscDAServiceImpl - End Reset Bind Status of all routes
2024-03-23 11:35:59 [restartedMain] INFO  com.hti.dao.impl.SmscDAServiceImpl - *** Checking For Special Smsc Settings *********
2024-03-23 11:35:59 [restartedMain] INFO  com.hti.dao.impl.SmscDAServiceImpl - Specail Smsc Setting: {}
2024-03-23 11:35:59 [restartedMain] INFO  com.hti.dao.impl.SmscDAServiceImpl - Initializing Esme Error Configuration
2024-03-23 11:35:59 [restartedMain] INFO  com.hti.dao.impl.SmscDAServiceImpl - Initializing Signal Error Codes
2024-03-23 11:35:59 [restartedMain] INFO  com.hti.dao.impl.SmscDAServiceImpl - SignalingErrorCriteria: {}
2024-03-23 11:35:59 [restartedMain] INFO  com.hti.dao.impl.SmscDAServiceImpl - *** Checking For Smsc Based BSFM *********
2024-03-23 11:35:59 [restartedMain] INFO  com.hti.dao.impl.SmscDAServiceImpl - Smsc Based BSFM: {}
2024-03-23 11:35:59 [restartedMain] INFO  com.hti.dao.impl.SmscDAServiceImpl - Smsc: GW2 FLAG: 100
2024-03-23 11:35:59 [SmscConnection-GW2] INFO  com.hti.smsc.SmscConnection - <-- SmscConnection Started For: GW2 -->
2024-03-23 11:35:59 [restartedMain] INFO  com.hti.dao.impl.SmscDAServiceImpl - Smsc: GW8 FLAG: 100
2024-03-23 11:35:59 [restartedMain] INFO  com.hti.dao.impl.SmscDAServiceImpl - GW8 Disconnection Alert Disabled 
2024-03-23 11:35:59 [SmscConnection-GW8] INFO  com.hti.smsc.SmscConnection - <-- SmscConnection Started For: GW8 -->
2024-03-23 11:36:00 [restartedMain] INFO  com.hti.dao.impl.SmscDAServiceImpl - Smsc: GWDLTT FLAG: 100
2024-03-23 11:36:00 [restartedMain] INFO  com.hti.dao.impl.SmscDAServiceImpl - GWDLTT Disconnection Alert Disabled 
2024-03-23 11:36:00 [SmscConnection-GWDLTT] INFO  com.hti.smsc.SmscConnection - <-- SmscConnection Started For: GWDLTT -->
2024-03-23 11:36:00 [restartedMain] INFO  com.hti.dao.impl.SmscDAServiceImpl - Smsc: GW5 FLAG: 100
2024-03-23 11:36:00 [restartedMain] INFO  com.hti.dao.impl.SmscDAServiceImpl - GW5 Disconnection Alert Disabled 
2024-03-23 11:36:00 [SmscConnection-GW5] INFO  com.hti.smsc.SmscConnection - <-- SmscConnection Started For: GW5 -->
2024-03-23 11:36:00 [restartedMain] INFO  com.hti.dao.impl.SmscDAServiceImpl - Smsc: GW6 FLAG: 100
2024-03-23 11:36:00 [restartedMain] INFO  com.hti.dao.impl.SmscDAServiceImpl - GW6 Disconnection Alert Disabled 
2024-03-23 11:36:00 [SmscConnection-GW6] INFO  com.hti.smsc.SmscConnection - <-- SmscConnection Started For: GW6 -->
2024-03-23 11:36:00 [restartedMain] INFO  com.hti.dao.impl.SmscDAServiceImpl - Smsc: GWX1 FLAG: 100
2024-03-23 11:36:00 [restartedMain] INFO  com.hti.dao.impl.SmscDAServiceImpl - GWX1 Disconnection Alert Disabled 
2024-03-23 11:36:00 [SmscConnection-GWX1] INFO  com.hti.smsc.SmscConnection - <-- SmscConnection Started For: GWX1 -->
2024-03-23 11:36:00 [restartedMain] INFO  com.hti.dao.impl.SmscDAServiceImpl - Smsc: GW4 FLAG: 100
2024-03-23 11:36:00 [restartedMain] INFO  com.hti.dao.impl.SmscDAServiceImpl - GW4 Disconnection Alert Disabled 
2024-03-23 11:36:00 [SmscConnection-GW4] INFO  com.hti.smsc.SmscConnection - <-- SmscConnection Started For: GW4 -->
2024-03-23 11:36:01 [restartedMain] INFO  com.hti.dao.impl.SmscDAServiceImpl - Smsc: GW1 FLAG: 100
2024-03-23 11:36:01 [SmscConnection-GW1] INFO  com.hti.smsc.SmscConnection - <-- SmscConnection Started For: GW1 -->
2024-03-23 11:36:01 [restartedMain] INFO  com.hti.dao.impl.SmscDAServiceImpl - Smsc: GW7 FLAG: 100
2024-03-23 11:36:01 [restartedMain] INFO  com.hti.dao.impl.SmscDAServiceImpl - GW7 Disconnection Alert Disabled 
2024-03-23 11:36:01 [SmscConnection-GW7] INFO  com.hti.smsc.SmscConnection - <-- SmscConnection Started For: GW7 -->
2024-03-23 11:36:01 [restartedMain] INFO  com.hti.dao.impl.SmscDAServiceImpl - Smsc: GWKSA FLAG: 100
2024-03-23 11:36:01 [restartedMain] INFO  com.hti.dao.impl.SmscDAServiceImpl - GWKSA Disconnection Alert Disabled 
2024-03-23 11:36:01 [SmscConnection-GWKSA] INFO  com.hti.smsc.SmscConnection - <-- SmscConnection Started For: GWKSA -->
2024-03-23 11:36:01 [restartedMain] INFO  com.hti.dao.impl.SmscDAServiceImpl - Smsc: GW3 FLAG: 100
2024-03-23 11:36:01 [restartedMain] INFO  com.hti.dao.impl.SmscDAServiceImpl - GW3 Disconnection Alert Disabled 
2024-03-23 11:36:01 [SmscConnection-GW3] INFO  com.hti.smsc.SmscConnection - <-- SmscConnection Started For: GW3 -->
2024-03-23 11:36:02 [restartedMain] INFO  com.hti.dao.impl.SmscDAServiceImpl - <--- End Initializing Smsc Status -->
2024-03-23 11:36:02 [restartedMain] INFO  com.hti.dao.impl.SmscDAServiceImpl - <-- Initializing Smsc Looping Rules -->
2024-03-23 11:36:02 [restartedMain] INFO  com.hti.dao.impl.SmscDAServiceImpl - Total Looping Rules Configured: 0
2024-03-23 11:36:02 [restartedMain] INFO  com.hti.dao.impl.UserDAServiceImpl - ********** Loading User Account Details *******
2024-03-23 11:36:02 [restartedMain] INFO  com.hti.dao.impl.UserDAServiceImpl - rajguru Looping Route Not Found: 1
2024-03-23 11:36:02 [restartedMain] INFO  com.hti.dao.impl.UserDAServiceImpl - testUser2 Added Looping Route: GW2
2024-03-23 11:36:02 [restartedMain] INFO  com.hti.dao.impl.UserDAServiceImpl - alertUser Added Looping Route: GW4
2024-03-23 11:36:02 [restartedMain] INFO  com.hti.dao.impl.UserDAServiceImpl - harsh Looping Route Not Found: 1
2024-03-23 11:36:02 [restartedMain] INFO  com.hti.dao.impl.UserDAServiceImpl - SkipLoopingUsers: []
2024-03-23 11:36:02 [restartedMain] INFO  com.hti.dao.impl.UserDAServiceImpl - LoopingRoutes: {alertUser=GW4, testUser2=GW2}
2024-03-23 11:36:16 [RMI TCP Connection(8)-127.0.0.1] INFO  o.s.b.a.SpringApplicationAdminMXBeanRegistrar$SpringApplicationAdmin - Application shutdown requested.
2024-03-23 11:36:16 [RMI TCP Connection(8)-127.0.0.1] INFO  o.a.catalina.core.StandardService - Stopping service [Tomcat]
