2024-03-23 11:17:28 [restartedMain] INFO  com.hti.thread.StartSmppServer - User Server Bind Configuration:-> 0.0.0.0:8898
2024-03-23 11:17:28 [restartedMain] INFO  com.hti.database.ConnectionPool - Initializing Connection Pool[1]
2024-03-23 11:17:28 [restartedMain] INFO  com.hti.database.ConnectionPool - Total Database Connections Created[1] : 5
2024-03-23 11:17:28 [restartedMain] INFO  com.hti.database.ConnectionPool - Initializing Connection Pool[2]
2024-03-23 11:17:28 [restartedMain] INFO  com.hti.database.ConnectionPool - Total Database Connections Created[2] : 5
2024-03-23 11:17:28 [restartedMain] INFO  com.hti.thread.StartSmppServer - ******* Marked As Master Client ********
2024-03-23 11:17:28 [restartedMain] INFO  com.hti.thread.StartSmppServer - Checking Records to be deleted From smsc_in
2024-03-23 11:17:30 [restartedMain] INFO  com.hti.thread.StartSmppServer - Records deleted from smsc_in: 0
2024-03-23 11:17:32 [restartedMain] INFO  com.hti.thread.StartSmppServer - Records updated smsc_in:: 0
2024-03-23 11:17:32 [restartedMain] INFO  com.hti.thread.StartSmppServer -  Deleted repeated Numbers dbfile
2024-03-23 11:17:32 [restartedMain] INFO  com.hti.thread.StartSmppServer - Queue Cache:-> Heap: 10 Disk: 5000 Expired: 0
2024-03-23 11:17:32 [restartedMain] INFO  com.hti.thread.StartSmppServer - Response Cache:-> Heap: 10 Disk: 5000 Expired: 10 DlrExpired: 60
2024-03-23 11:17:32 [restartedMain] INFO  com.hti.thread.StartSmppServer - Resend pdu Cache:-> Heap: 10 Disk: 3000 Expired: 60
2024-03-23 11:17:32 [restartedMain] INFO  com.hti.thread.AccumulatorBox - AccumulatorBox Starting
2024-03-23 11:17:32 [restartedMain] INFO  com.hti.thread.HtiQueueLoader - HtiQueueLoader Starting
2024-03-23 11:17:32 [restartedMain] INFO  com.hti.thread.BindAlert - BindAlert Starting
2024-03-23 11:17:32 [restartedMain] ERROR com.hti.thread.AccumulatorBox - AccumulatorBox()
com.hazelcast.nio.serialization.HazelcastSerializationException: java.lang.ClassNotFoundException: com.hti.smpp.common.user.dto.UserEntry
	at com.hti.thread.AccumulatorBox.<init>(AccumulatorBox.java:103)
	at com.hti.thread.StartSmppServer.ApplicationStart(StartSmppServer.java:166)
	at com.HostSmppApplication.main(HostSmppApplication.java:60)
	at java.base/jdk.internal.reflect.NativeMethodAccessorImpl.invoke0(Native Method)
	at java.base/jdk.internal.reflect.NativeMethodAccessorImpl.invoke(NativeMethodAccessorImpl.java:77)
	at java.base/jdk.internal.reflect.DelegatingMethodAccessorImpl.invoke(DelegatingMethodAccessorImpl.java:43)
	at java.base/java.lang.reflect.Method.invoke(Method.java:568)
	at org.springframework.boot.devtools.restart.RestartLauncher.run(RestartLauncher.java:50)
Caused by: java.lang.ClassNotFoundException: com.hti.smpp.common.user.dto.UserEntry
	at java.base/jdk.internal.loader.BuiltinClassLoader.loadClass(BuiltinClassLoader.java:641)
	at java.base/jdk.internal.loader.ClassLoaders$AppClassLoader.loadClass(ClassLoaders.java:188)
	at java.base/java.lang.ClassLoader.loadClass(ClassLoader.java:520)
	at java.base/java.lang.Class.forName0(Native Method)
	at java.base/java.lang.Class.forName(Class.java:467)
	at org.springframework.boot.devtools.restart.classloader.RestartClassLoader.loadClass(RestartClassLoader.java:121)
	at java.base/java.lang.ClassLoader.loadClass(ClassLoader.java:520)
	at com.hazelcast.internal.nio.ClassLoaderUtil.tryLoadClass(ClassLoaderUtil.java:301)
	at com.hazelcast.internal.nio.ClassLoaderUtil.loadClass(ClassLoaderUtil.java:259)
	at com.hazelcast.internal.nio.IOUtil$ClassLoaderAwareObjectInputStream.resolveClass(IOUtil.java:894)
	at java.base/java.io.ObjectInputStream.readNonProxyDesc(ObjectInputStream.java:2045)
	at java.base/java.io.ObjectInputStream.readClassDesc(ObjectInputStream.java:1909)
	at java.base/java.io.ObjectInputStream.readOrdinaryObject(ObjectInputStream.java:2235)
	at java.base/java.io.ObjectInputStream.readObject0(ObjectInputStream.java:1744)
	at java.base/java.io.ObjectInputStream.readObject(ObjectInputStream.java:514)
	at java.base/java.io.ObjectInputStream.readObject(ObjectInputStream.java:472)
	at com.hazelcast.internal.serialization.impl.defaultserializers.JavaDefaultSerializers$JavaSerializer.read(JavaDefaultSerializers.java:92)
	at com.hazelcast.internal.serialization.impl.defaultserializers.JavaDefaultSerializers$JavaSerializer.read(JavaDefaultSerializers.java:85)
	at com.hazelcast.internal.serialization.impl.StreamSerializerAdapter.read(StreamSerializerAdapter.java:44)
	at com.hazelcast.internal.serialization.impl.AbstractSerializationService.toObject(AbstractSerializationService.java:271)
	at com.hazelcast.spi.impl.UnmodifiableLazyList$UnmodifiableLazyListIterator.deserializeAndSet(UnmodifiableLazyList.java:188)
	at com.hazelcast.spi.impl.UnmodifiableLazyList$UnmodifiableLazyListIterator.next(UnmodifiableLazyList.java:163)
	at com.hti.dao.impl.UserDAServiceImpl.getInternalUser(UserDAServiceImpl.java:35)
	at com.hti.thread.BindAlert.getInternalUser(BindAlert.java:269)
	at com.hti.thread.BindAlert.<init>(BindAlert.java:55)
	at com.hti.thread.AccumulatorBox.<init>(AccumulatorBox.java:56)
	... 7 common frames omitted
2024-03-23 11:17:32 [restartedMain] INFO  com.hti.thread.BearerBox - BearerBox Starting
2024-03-23 11:17:32 [restartedMain] ERROR com.hti.thread.BearerBox - 
com.hazelcast.nio.serialization.HazelcastSerializationException: java.lang.ClassNotFoundException: com.hti.smpp.common.smsc.dto.SmscEntry
	at com.hti.thread.BearerBox.<init>(BearerBox.java:61)
	at com.hti.thread.StartSmppServer.ApplicationStart(StartSmppServer.java:168)
	at com.HostSmppApplication.main(HostSmppApplication.java:60)
	at java.base/jdk.internal.reflect.NativeMethodAccessorImpl.invoke0(Native Method)
	at java.base/jdk.internal.reflect.NativeMethodAccessorImpl.invoke(NativeMethodAccessorImpl.java:77)
	at java.base/jdk.internal.reflect.DelegatingMethodAccessorImpl.invoke(DelegatingMethodAccessorImpl.java:43)
	at java.base/java.lang.reflect.Method.invoke(Method.java:568)
	at org.springframework.boot.devtools.restart.RestartLauncher.run(RestartLauncher.java:50)
Caused by: java.lang.ClassNotFoundException: com.hti.smpp.common.smsc.dto.SmscEntry
	at java.base/jdk.internal.loader.BuiltinClassLoader.loadClass(BuiltinClassLoader.java:641)
	at java.base/jdk.internal.loader.ClassLoaders$AppClassLoader.loadClass(ClassLoaders.java:188)
	at java.base/java.lang.ClassLoader.loadClass(ClassLoader.java:520)
	at java.base/java.lang.Class.forName0(Native Method)
	at java.base/java.lang.Class.forName(Class.java:467)
	at org.springframework.boot.devtools.restart.classloader.RestartClassLoader.loadClass(RestartClassLoader.java:121)
	at java.base/java.lang.ClassLoader.loadClass(ClassLoader.java:520)
	at com.hazelcast.internal.nio.ClassLoaderUtil.tryLoadClass(ClassLoaderUtil.java:301)
	at com.hazelcast.internal.nio.ClassLoaderUtil.loadClass(ClassLoaderUtil.java:259)
	at com.hazelcast.internal.nio.IOUtil$ClassLoaderAwareObjectInputStream.resolveClass(IOUtil.java:894)
	at java.base/java.io.ObjectInputStream.readNonProxyDesc(ObjectInputStream.java:2045)
	at java.base/java.io.ObjectInputStream.readClassDesc(ObjectInputStream.java:1909)
	at java.base/java.io.ObjectInputStream.readOrdinaryObject(ObjectInputStream.java:2235)
	at java.base/java.io.ObjectInputStream.readObject0(ObjectInputStream.java:1744)
	at java.base/java.io.ObjectInputStream.readObject(ObjectInputStream.java:514)
	at java.base/java.io.ObjectInputStream.readObject(ObjectInputStream.java:472)
	at com.hazelcast.internal.serialization.impl.defaultserializers.JavaDefaultSerializers$JavaSerializer.read(JavaDefaultSerializers.java:92)
	at com.hazelcast.internal.serialization.impl.defaultserializers.JavaDefaultSerializers$JavaSerializer.read(JavaDefaultSerializers.java:85)
	at com.hazelcast.internal.serialization.impl.StreamSerializerAdapter.read(StreamSerializerAdapter.java:44)
	at com.hazelcast.internal.serialization.impl.AbstractSerializationService.toObject(AbstractSerializationService.java:271)
	at com.hazelcast.spi.impl.UnmodifiableLazyList$UnmodifiableLazyListIterator.deserializeAndSet(UnmodifiableLazyList.java:188)
	at com.hazelcast.spi.impl.UnmodifiableLazyList$UnmodifiableLazyListIterator.next(UnmodifiableLazyList.java:163)
	at com.hti.dao.impl.SmscDAServiceImpl.initializeGlobalCache(SmscDAServiceImpl.java:310)
	at com.hti.thread.BearerBox.<init>(BearerBox.java:53)
	... 7 common frames omitted
2024-03-23 11:17:32 [restartedMain] ERROR com.hti.thread.StartSmppServer - Application Starting error
java.lang.Exception: com.hazelcast.nio.serialization.HazelcastSerializationException: java.lang.ClassNotFoundException: com.hti.smpp.common.smsc.dto.SmscEntry
	at com.hti.thread.StartSmppServer.ApplicationStart(StartSmppServer.java:186)
	at com.HostSmppApplication.main(HostSmppApplication.java:60)
	at java.base/jdk.internal.reflect.NativeMethodAccessorImpl.invoke0(Native Method)
	at java.base/jdk.internal.reflect.NativeMethodAccessorImpl.invoke(NativeMethodAccessorImpl.java:77)
	at java.base/jdk.internal.reflect.DelegatingMethodAccessorImpl.invoke(DelegatingMethodAccessorImpl.java:43)
	at java.base/java.lang.reflect.Method.invoke(Method.java:568)
	at org.springframework.boot.devtools.restart.RestartLauncher.run(RestartLauncher.java:50)
Caused by: com.hazelcast.nio.serialization.HazelcastSerializationException: java.lang.ClassNotFoundException: com.hti.smpp.common.smsc.dto.SmscEntry
	at com.hti.thread.BearerBox.<init>(BearerBox.java:61)
	at com.hti.thread.StartSmppServer.ApplicationStart(StartSmppServer.java:168)
	... 6 common frames omitted
Caused by: java.lang.ClassNotFoundException: com.hti.smpp.common.smsc.dto.SmscEntry
	at java.base/jdk.internal.loader.BuiltinClassLoader.loadClass(BuiltinClassLoader.java:641)
	at java.base/jdk.internal.loader.ClassLoaders$AppClassLoader.loadClass(ClassLoaders.java:188)
	at java.base/java.lang.ClassLoader.loadClass(ClassLoader.java:520)
	at java.base/java.lang.Class.forName0(Native Method)
	at java.base/java.lang.Class.forName(Class.java:467)
	at org.springframework.boot.devtools.restart.classloader.RestartClassLoader.loadClass(RestartClassLoader.java:121)
	at java.base/java.lang.ClassLoader.loadClass(ClassLoader.java:520)
	at com.hazelcast.internal.nio.ClassLoaderUtil.tryLoadClass(ClassLoaderUtil.java:301)
	at com.hazelcast.internal.nio.ClassLoaderUtil.loadClass(ClassLoaderUtil.java:259)
	at com.hazelcast.internal.nio.IOUtil$ClassLoaderAwareObjectInputStream.resolveClass(IOUtil.java:894)
	at java.base/java.io.ObjectInputStream.readNonProxyDesc(ObjectInputStream.java:2045)
	at java.base/java.io.ObjectInputStream.readClassDesc(ObjectInputStream.java:1909)
	at java.base/java.io.ObjectInputStream.readOrdinaryObject(ObjectInputStream.java:2235)
	at java.base/java.io.ObjectInputStream.readObject0(ObjectInputStream.java:1744)
	at java.base/java.io.ObjectInputStream.readObject(ObjectInputStream.java:514)
	at java.base/java.io.ObjectInputStream.readObject(ObjectInputStream.java:472)
	at com.hazelcast.internal.serialization.impl.defaultserializers.JavaDefaultSerializers$JavaSerializer.read(JavaDefaultSerializers.java:92)
	at com.hazelcast.internal.serialization.impl.defaultserializers.JavaDefaultSerializers$JavaSerializer.read(JavaDefaultSerializers.java:85)
	at com.hazelcast.internal.serialization.impl.StreamSerializerAdapter.read(StreamSerializerAdapter.java:44)
	at com.hazelcast.internal.serialization.impl.AbstractSerializationService.toObject(AbstractSerializationService.java:271)
	at com.hazelcast.spi.impl.UnmodifiableLazyList$UnmodifiableLazyListIterator.deserializeAndSet(UnmodifiableLazyList.java:188)
	at com.hazelcast.spi.impl.UnmodifiableLazyList$UnmodifiableLazyListIterator.next(UnmodifiableLazyList.java:163)
	at com.hti.dao.impl.SmscDAServiceImpl.initializeGlobalCache(SmscDAServiceImpl.java:310)
	at com.hti.thread.BearerBox.<init>(BearerBox.java:53)
	... 7 common frames omitted
2024-03-23 11:27:28 [restartedMain] INFO  com.hti.thread.StartSmppServer - User Server Bind Configuration:-> 0.0.0.0:8898
2024-03-23 11:27:28 [restartedMain] INFO  com.hti.database.ConnectionPool - Initializing Connection Pool[1]
2024-03-23 11:27:28 [restartedMain] INFO  com.hti.database.ConnectionPool - Total Database Connections Created[1] : 5
2024-03-23 11:27:28 [restartedMain] INFO  com.hti.database.ConnectionPool - Initializing Connection Pool[2]
2024-03-23 11:27:28 [restartedMain] INFO  com.hti.database.ConnectionPool - Total Database Connections Created[2] : 5
2024-03-23 11:27:29 [restartedMain] INFO  com.hti.thread.StartSmppServer - ******* Marked As Master Client ********
2024-03-23 11:27:29 [restartedMain] INFO  com.hti.thread.StartSmppServer - Checking Records to be deleted From smsc_in
2024-03-23 11:27:30 [restartedMain] INFO  com.hti.thread.StartSmppServer - Records deleted from smsc_in: 0
2024-03-23 11:27:32 [restartedMain] INFO  com.hti.thread.StartSmppServer - Records updated smsc_in:: 0
2024-03-23 11:27:32 [restartedMain] INFO  com.hti.thread.StartSmppServer -  Deleted repeated Numbers dbfile
2024-03-23 11:27:32 [restartedMain] INFO  com.hti.thread.StartSmppServer - Queue Cache:-> Heap: 10 Disk: 5000 Expired: 0
2024-03-23 11:27:32 [restartedMain] INFO  com.hti.thread.StartSmppServer - Response Cache:-> Heap: 10 Disk: 5000 Expired: 10 DlrExpired: 60
2024-03-23 11:27:32 [restartedMain] INFO  com.hti.thread.StartSmppServer - Resend pdu Cache:-> Heap: 10 Disk: 3000 Expired: 60
2024-03-23 11:27:33 [restartedMain] INFO  com.hti.thread.AccumulatorBox - AccumulatorBox Starting
2024-03-23 11:27:33 [restartedMain] INFO  com.hti.thread.HtiQueueLoader - HtiQueueLoader Starting
2024-03-23 11:27:33 [restartedMain] INFO  com.hti.thread.BindAlert - BindAlert Starting
2024-03-23 11:27:33 [restartedMain] INFO  com.hti.thread.SignalRetryProcess - SignalRetryProcess Thread Starting
2024-03-23 11:27:33 [restartedMain] INFO  c.hti.thread.ProcessResponseThread -  ProcessResponseThread Starting 
2024-03-23 11:27:33 [restartedMain] INFO  c.hti.thread.ProcessResponseThread - <- Checking for Response Process Backup File ->
2024-03-23 11:27:33 [ProcessResponseThread] INFO  c.hti.thread.ProcessResponseThread -  ProcessResponseThread Started 
2024-03-23 11:27:33 [restartedMain] INFO  com.hti.thread.DelayedDlrProcess -  DelayedDlrProcess Starting 
2024-03-23 11:27:33 [DelayedDlrProcess] INFO  com.hti.thread.DelayedDlrProcess -  DelayedDlrProcess Started 
2024-03-23 11:27:33 [restartedMain] INFO  c.hti.thread.TrackMismatchedDeliver -  TrackMismatchedDeliver Starting 
2024-03-23 11:27:33 [restartedMain] INFO  c.hti.thread.ProcessRemovedResponse -  ProcessRemovedResponse Thread Starting 
2024-03-23 11:27:33 [ProcessRemovedResponse] INFO  c.hti.thread.ProcessRemovedResponse -  ProcessRemovedResponse Started 
2024-03-23 11:27:33 [restartedMain] INFO  com.hti.thread.RepeatedNumberInsert - RepeatedNumberInsert Thread Starting
2024-03-23 11:27:33 [RepeatedNumberInsert] INFO  com.hti.thread.RepeatedNumberInsert - Checking For Repeated Number to load
2024-03-23 11:27:33 [restartedMain] INFO  com.hti.thread.HtiQueueManager - HtiQueueManager Starting
2024-03-23 11:27:33 [restartedMain] INFO  com.hti.thread.SmscQueueSelection - SmscQueueSelection Thread Starting
2024-03-23 11:27:33 [restartedMain] INFO  com.hti.thread.Report - Report Thread Starting
2024-03-23 11:27:33 [restartedMain] INFO  com.hti.thread.ReportLog - ReportLog Thread Starting
2024-03-23 11:27:33 [restartedMain] INFO  com.hti.thread.MIS - MIS Thread Starting
2024-03-23 11:27:33 [restartedMain] INFO  com.hti.thread.SmscInDeleteThread - SmscInDeleteThread Starting
2024-03-23 11:27:33 [restartedMain] INFO  com.hti.thread.SmscInUpdateThread - SmscInUpdateThread Starting
2024-03-23 11:27:33 [restartedMain] INFO  c.hti.thread.MismatchedDeliverInsert - MismatchedDeliverInsert Starting
2024-03-23 11:27:33 [restartedMain] INFO  c.h.t.DestinationSleepTimeThread - DestinationSleepTimeThread Starting
2024-03-23 11:27:33 [restartedMain] INFO  com.hti.thread.CheckCpuCycle - CheckCpuCycle Starting
2024-03-23 11:27:33 [restartedMain] INFO  com.hti.thread.InsertIntoMappedId - InsertIntoMappedId Starting
2024-03-23 11:27:33 [restartedMain] INFO  com.hti.thread.MappedIdDeletion - MappedId deletion Starting
2024-03-23 11:27:33 [restartedMain] INFO  com.hti.thread.SmscSubmitLog - SmscSubmitLog Thread starting
2024-03-23 11:27:33 [restartedMain] INFO  com.hti.thread.TwoWayDeliverInsert - 2WayDeliverInsert Thread Starting
2024-03-23 11:27:33 [restartedMain] INFO  com.hti.thread.QueuedAlert - QueuedAlert Thread Starting
2024-03-23 11:27:33 [RepeatedNumberInsert] INFO  com.hti.thread.RepeatedNumberInsert - Repeated Number Cache: 0
2024-03-23 11:27:33 [RepeatedNumberInsert] INFO  com.hti.thread.RepeatedNumberInsert - Checking For Repeated Number Log Cleanup
2024-03-23 11:27:33 [RepeatedNumberInsert] INFO  com.hti.thread.RepeatedNumberInsert - Repeated Number Groups: []
2024-03-23 11:27:33 [QueuedAlert] INFO  com.hti.thread.QueuedAlert - QueuedAlert Waiting for Duration 3 Minutes 
2024-03-23 11:27:33 [restartedMain] INFO  com.hti.thread.DNDEntryLog - DNDEntryLog Thread starting
2024-03-23 11:27:33 [restartedMain] INFO  com.hti.thread.DeliverLogInsert - DeliverLogInsert Thread Starting 
2024-03-23 11:27:33 [restartedMain] INFO  com.hti.thread.BearerBox - BearerBox Starting
2024-03-23 11:27:33 [restartedMain] INFO  com.hti.thread.BearerBox - Checking MappedIdQueue Backup
2024-03-23 11:27:33 [restartedMain] INFO  com.hti.thread.BearerBox - MappedIdQueue Check Finished
2024-03-23 11:27:33 [restartedMain] INFO  com.hti.thread.BearerBox - initializing submit_limit Counters
2024-03-23 11:27:33 [restartedMain] INFO  com.hti.thread.BearerBox - SmscSubmitCounter: IMap{name='smsc_submit_count'}
2024-03-23 11:27:33 [restartedMain] INFO  com.hti.thread.BearerBox - Initializing Smsc Wise Response Cache
2024-03-23 11:27:33 [restartedMain] INFO  com.hti.thread.BearerBox - Response Cache Initialized
2024-03-23 11:27:33 [restartedMain] INFO  com.hti.thread.BearerBox - Checking Backup Response Queue
2024-03-23 11:27:33 [restartedMain] INFO  com.hti.thread.BearerBox - <-- Deleted Response backup Directory -->
2024-03-23 11:27:33 [restartedMain] INFO  com.hti.thread.BearerBox - <-- Response backup Directory Created -->
2024-03-23 11:27:33 [restartedMain] INFO  com.hti.thread.BearerBox - Backup Queue Check Finished
2024-03-23 11:27:33 [restartedMain] ERROR com.hti.thread.BearerBox - SpecialGreekEncoding//replacement.txt
java.io.IOException: The system cannot find the path specified
	at com.hti.thread.BearerBox.loadSpecialEncoding(BearerBox.java:225)
	at com.hti.thread.BearerBox.<init>(BearerBox.java:66)
	at com.hti.thread.StartSmppServer.ApplicationStart(StartSmppServer.java:168)
	at com.HostSmppApplication.main(HostSmppApplication.java:60)
	at java.base/jdk.internal.reflect.NativeMethodAccessorImpl.invoke0(Native Method)
	at java.base/jdk.internal.reflect.NativeMethodAccessorImpl.invoke(NativeMethodAccessorImpl.java:77)
	at java.base/jdk.internal.reflect.DelegatingMethodAccessorImpl.invoke(DelegatingMethodAccessorImpl.java:43)
	at java.base/java.lang.reflect.Method.invoke(Method.java:568)
	at org.springframework.boot.devtools.restart.RestartLauncher.run(RestartLauncher.java:50)
2024-03-23 11:27:33 [restartedMain] INFO  com.hti.thread.BearerBox - SpecialEncoding: {}
2024-03-23 11:27:33 [restartedMain] INFO  com.hti.thread.BearerBox - **** Distribution is Disabled ****
2024-03-23 11:27:33 [restartedMain] INFO  com.hti.thread.DLRProcess - DLRProcess Thread Starting
2024-03-23 11:27:33 [restartedMain] INFO  com.hti.thread.DeliverTempInsert - DeliverTempInsert Thread Starting
2024-03-23 11:27:33 [DeliverTempInsert] INFO  com.hti.thread.DeliverTempInsert - Temparary DeliverSM Counter:----> 0
2024-03-23 11:27:33 [DLRProcess] INFO  com.hti.thread.DLRProcess - <------  OMQ Server Connected to submit DLRs ------->
2024-03-23 11:27:35 [restartedMain] INFO  com.hti.dlt.DltFilter - <-- Initializing Dlt Configuration -->
2024-03-23 11:27:35 [restartedMain] INFO  com.hti.dlt.DltFilter - Dlt Active Senders:0
2024-03-23 11:27:35 [restartedMain] INFO  com.hti.dlt.DltFilter - Dlt Active Templates:0
2024-03-23 11:27:35 [restartedMain] INFO  com.hti.thread.BearerBox - Memory Usage[1]:---> 177 MB
2024-03-23 11:27:35 [restartedMain] INFO  com.hti.thread.AlertHandler - AlertHandler Starting
2024-03-23 11:27:35 [restartedMain] INFO  com.hti.thread.AlertHandler - Total Alerts Configured: 0
2024-03-23 11:27:35 [restartedMain] INFO  com.hti.thread.OmqConnection - OmqConnection Thread Starting
2024-03-23 11:27:35 [OmqConnection] INFO  com.hti.thread.OmqConnection - <--- Trying to Connect OMQ Server To Receive PDUs -->
2024-03-23 11:27:35 [restartedMain] INFO  com.hti.thread.OmqReceivedProcess - OmqReceivedProcess Thread Starting
2024-03-23 11:27:35 [restartedMain] INFO  com.hti.thread.SignalWaitProcess - SignalWaitProcess Thread Starting
2024-03-23 11:27:35 [restartedMain] INFO  com.hti.thread.SignalWaitProcess - retry_wait_status Records Found:-> 0 time:0
2024-03-23 11:27:35 [OmqConnection] INFO  com.hti.thread.OMQExceptionListener - OMQExceptionListener Started
2024-03-23 11:27:35 [OmqConnection] INFO  com.hti.thread.QueueListener -  PDU Receiving Queue[1] Listener Started 
2024-03-23 11:27:35 [OmqConnection] INFO  com.hti.thread.OmqConnection - Creating Message Receiving Queue: 1
2024-03-23 11:27:35 [OmqConnection] INFO  com.hti.thread.QueueListener -  PDU Receiving Queue[2] Listener Started 
2024-03-23 11:27:35 [OmqConnection] INFO  com.hti.thread.OmqConnection - Creating Message Receiving Queue: 2
2024-03-23 11:27:35 [OmqConnection] INFO  com.hti.thread.QueueListener -  PDU Receiving Queue[3] Listener Started 
2024-03-23 11:27:35 [OmqConnection] INFO  com.hti.thread.OmqConnection - Creating Message Receiving Queue: 3
2024-03-23 11:27:35 [OmqConnection] INFO  com.hti.thread.QueueListener -  PDU Receiving Queue[4] Listener Started 
2024-03-23 11:27:35 [OmqConnection] INFO  com.hti.thread.OmqConnection - Creating Message Receiving Queue: 4
2024-03-23 11:27:35 [OmqConnection] INFO  com.hti.thread.QueueListener -  PDU Receiving Queue[5] Listener Started 
2024-03-23 11:27:35 [OmqConnection] INFO  com.hti.thread.OmqConnection - Creating Message Receiving Queue: 5
2024-03-23 11:27:35 [OmqConnection] INFO  com.hti.thread.QueueListener -  PDU Receiving Queue[6] Listener Started 
2024-03-23 11:27:35 [OmqConnection] INFO  com.hti.thread.OmqConnection - Creating Message Receiving Queue: 6
2024-03-23 11:27:35 [OmqConnection] INFO  com.hti.thread.OmqConnection - <--- OMQ Server Connected To Receive PDUs -->
2024-03-23 11:27:38 [BindAlert] INFO  com.hti.thread.BindAlert -  No Route For DisConnection Alert 
2024-03-23 11:27:43 [BindAlert] INFO  com.hti.thread.BindAlert -  No Route For DisConnection Alert 
2024-03-23 11:27:45 [restartedMain] INFO  com.hti.thread.AccumulatorBox - Starting QueueLoader
2024-03-23 11:27:48 [BindAlert] INFO  com.hti.thread.BindAlert -  No Route For DisConnection Alert 
2024-03-23 11:27:48 [HtiQueueLoader] INFO  com.hti.thread.HtiQueueLoader -  <-- Queue Load Process on Hold --> 
2024-03-23 11:27:48 [restartedMain] INFO  com.hti.thread.StartSmppServer - RMI Smpp Service Starting on Port:1081
2024-03-23 11:27:48 [restartedMain] INFO  com.hti.thread.StartSmppServer - RMI Smpp Service Started on Port:1081
2024-03-23 11:27:48 [StartSmppServer] ERROR com.hti.thread.StartSmppServer - <--- Error While Communicating User Server ---> 
java.rmi.ConnectException: Connection refused to host: 127.0.0.1; nested exception is: 
	java.net.ConnectException: Connection refused: connect
	at java.rmi/sun.rmi.transport.tcp.TCPEndpoint.newSocket(TCPEndpoint.java:626)
	at java.rmi/sun.rmi.transport.tcp.TCPChannel.createConnection(TCPChannel.java:217)
	at java.rmi/sun.rmi.transport.tcp.TCPChannel.newConnection(TCPChannel.java:204)
	at java.rmi/sun.rmi.server.UnicastRef.newCall(UnicastRef.java:344)
	at java.rmi/sun.rmi.registry.RegistryImpl_Stub.lookup(RegistryImpl_Stub.java:116)
	at com.hti.rmi.UserServiceInvoke.<init>(UserServiceInvoke.java:29)
	at com.hti.thread.StartSmppServer.run(StartSmppServer.java:94)
	at java.base/java.lang.Thread.run(Thread.java:842)
Caused by: java.net.ConnectException: Connection refused: connect
	at java.base/sun.nio.ch.Net.connect0(Native Method)
	at java.base/sun.nio.ch.Net.connect(Net.java:579)
	at java.base/sun.nio.ch.Net.connect(Net.java:568)
	at java.base/sun.nio.ch.NioSocketImpl.connect(NioSocketImpl.java:593)
	at java.base/java.net.SocksSocketImpl.connect(SocksSocketImpl.java:327)
	at java.base/java.net.Socket.connect(Socket.java:633)
	at java.base/java.net.Socket.connect(Socket.java:583)
	at java.base/java.net.Socket.<init>(Socket.java:507)
	at java.base/java.net.Socket.<init>(Socket.java:287)
	at java.rmi/sun.rmi.transport.tcp.TCPDirectSocketFactory.createSocket(TCPDirectSocketFactory.java:40)
	at java.rmi/sun.rmi.transport.tcp.TCPEndpoint.newSocket(TCPEndpoint.java:620)
	... 7 common frames omitted
2024-03-23 11:27:52 [HtiQueueLoader] INFO  com.hti.thread.HtiQueueLoader - SmscDownCounter: {0={GW1=23728}}
2024-03-23 11:27:53 [BindAlert] INFO  com.hti.thread.BindAlert -  No Route For DisConnection Alert 
2024-03-23 11:27:54 [StartSmppServer] ERROR com.hti.thread.StartSmppServer - <--- Error While Communicating User Server ---> 
java.rmi.ConnectException: Connection refused to host: 127.0.0.1; nested exception is: 
	java.net.ConnectException: Connection refused: connect
	at java.rmi/sun.rmi.transport.tcp.TCPEndpoint.newSocket(TCPEndpoint.java:626)
	at java.rmi/sun.rmi.transport.tcp.TCPChannel.createConnection(TCPChannel.java:217)
	at java.rmi/sun.rmi.transport.tcp.TCPChannel.newConnection(TCPChannel.java:204)
	at java.rmi/sun.rmi.server.UnicastRef.newCall(UnicastRef.java:344)
	at java.rmi/sun.rmi.registry.RegistryImpl_Stub.lookup(RegistryImpl_Stub.java:116)
	at com.hti.rmi.UserServiceInvoke.<init>(UserServiceInvoke.java:29)
	at com.hti.thread.StartSmppServer.run(StartSmppServer.java:94)
	at java.base/java.lang.Thread.run(Thread.java:842)
Caused by: java.net.ConnectException: Connection refused: connect
	at java.base/sun.nio.ch.Net.connect0(Native Method)
	at java.base/sun.nio.ch.Net.connect(Net.java:579)
	at java.base/sun.nio.ch.Net.connect(Net.java:568)
	at java.base/sun.nio.ch.NioSocketImpl.connect(NioSocketImpl.java:593)
	at java.base/java.net.SocksSocketImpl.connect(SocksSocketImpl.java:327)
	at java.base/java.net.Socket.connect(Socket.java:633)
	at java.base/java.net.Socket.connect(Socket.java:583)
	at java.base/java.net.Socket.<init>(Socket.java:507)
	at java.base/java.net.Socket.<init>(Socket.java:287)
	at java.rmi/sun.rmi.transport.tcp.TCPDirectSocketFactory.createSocket(TCPDirectSocketFactory.java:40)
	at java.rmi/sun.rmi.transport.tcp.TCPEndpoint.newSocket(TCPEndpoint.java:620)
	... 7 common frames omitted
2024-03-23 11:27:57 [HtiQueueLoader] INFO  com.hti.thread.HtiQueueLoader - SmscDownCounter: {0={GW1=23728}}
2024-03-23 11:27:58 [BindAlert] INFO  com.hti.thread.BindAlert -  No Route For DisConnection Alert 
2024-03-23 11:28:00 [StartSmppServer] ERROR com.hti.thread.StartSmppServer - <--- Error While Communicating User Server ---> 
java.rmi.ConnectException: Connection refused to host: 127.0.0.1; nested exception is: 
	java.net.ConnectException: Connection refused: connect
	at java.rmi/sun.rmi.transport.tcp.TCPEndpoint.newSocket(TCPEndpoint.java:626)
	at java.rmi/sun.rmi.transport.tcp.TCPChannel.createConnection(TCPChannel.java:217)
	at java.rmi/sun.rmi.transport.tcp.TCPChannel.newConnection(TCPChannel.java:204)
	at java.rmi/sun.rmi.server.UnicastRef.newCall(UnicastRef.java:344)
	at java.rmi/sun.rmi.registry.RegistryImpl_Stub.lookup(RegistryImpl_Stub.java:116)
	at com.hti.rmi.UserServiceInvoke.<init>(UserServiceInvoke.java:29)
	at com.hti.thread.StartSmppServer.run(StartSmppServer.java:94)
	at java.base/java.lang.Thread.run(Thread.java:842)
Caused by: java.net.ConnectException: Connection refused: connect
	at java.base/sun.nio.ch.Net.connect0(Native Method)
	at java.base/sun.nio.ch.Net.connect(Net.java:579)
	at java.base/sun.nio.ch.Net.connect(Net.java:568)
	at java.base/sun.nio.ch.NioSocketImpl.connect(NioSocketImpl.java:593)
	at java.base/java.net.SocksSocketImpl.connect(SocksSocketImpl.java:327)
	at java.base/java.net.Socket.connect(Socket.java:633)
	at java.base/java.net.Socket.connect(Socket.java:583)
	at java.base/java.net.Socket.<init>(Socket.java:507)
	at java.base/java.net.Socket.<init>(Socket.java:287)
	at java.rmi/sun.rmi.transport.tcp.TCPDirectSocketFactory.createSocket(TCPDirectSocketFactory.java:40)
	at java.rmi/sun.rmi.transport.tcp.TCPEndpoint.newSocket(TCPEndpoint.java:620)
	... 7 common frames omitted
2024-03-23 11:28:01 [HtiQueueLoader] INFO  com.hti.thread.HtiQueueLoader - SmscDownCounter: {0={GW1=23728}}
2024-03-23 11:28:03 [BindAlert] INFO  com.hti.thread.BindAlert -  No Route For DisConnection Alert 
2024-03-23 11:28:05 [HtiQueueLoader] INFO  com.hti.thread.HtiQueueLoader - SmscDownCounter: {0={GW1=23728}}
2024-03-23 11:28:06 [StartSmppServer] ERROR com.hti.thread.StartSmppServer - <--- Error While Communicating User Server ---> 
java.rmi.ConnectException: Connection refused to host: 127.0.0.1; nested exception is: 
	java.net.ConnectException: Connection refused: connect
	at java.rmi/sun.rmi.transport.tcp.TCPEndpoint.newSocket(TCPEndpoint.java:626)
	at java.rmi/sun.rmi.transport.tcp.TCPChannel.createConnection(TCPChannel.java:217)
	at java.rmi/sun.rmi.transport.tcp.TCPChannel.newConnection(TCPChannel.java:204)
	at java.rmi/sun.rmi.server.UnicastRef.newCall(UnicastRef.java:344)
	at java.rmi/sun.rmi.registry.RegistryImpl_Stub.lookup(RegistryImpl_Stub.java:116)
	at com.hti.rmi.UserServiceInvoke.<init>(UserServiceInvoke.java:29)
	at com.hti.thread.StartSmppServer.run(StartSmppServer.java:94)
	at java.base/java.lang.Thread.run(Thread.java:842)
Caused by: java.net.ConnectException: Connection refused: connect
	at java.base/sun.nio.ch.Net.connect0(Native Method)
	at java.base/sun.nio.ch.Net.connect(Net.java:579)
	at java.base/sun.nio.ch.Net.connect(Net.java:568)
	at java.base/sun.nio.ch.NioSocketImpl.connect(NioSocketImpl.java:593)
	at java.base/java.net.SocksSocketImpl.connect(SocksSocketImpl.java:327)
	at java.base/java.net.Socket.connect(Socket.java:633)
	at java.base/java.net.Socket.connect(Socket.java:583)
	at java.base/java.net.Socket.<init>(Socket.java:507)
	at java.base/java.net.Socket.<init>(Socket.java:287)
	at java.rmi/sun.rmi.transport.tcp.TCPDirectSocketFactory.createSocket(TCPDirectSocketFactory.java:40)
	at java.rmi/sun.rmi.transport.tcp.TCPEndpoint.newSocket(TCPEndpoint.java:620)
	... 7 common frames omitted
2024-03-23 11:28:08 [BindAlert] INFO  com.hti.thread.BindAlert -  No Route For DisConnection Alert 
2024-03-23 11:28:10 [HtiQueueLoader] INFO  com.hti.thread.HtiQueueLoader - SmscDownCounter: {0={GW1=23728}}
2024-03-23 11:28:12 [StartSmppServer] ERROR com.hti.thread.StartSmppServer - <--- Error While Communicating User Server ---> 
java.rmi.ConnectException: Connection refused to host: 127.0.0.1; nested exception is: 
	java.net.ConnectException: Connection refused: connect
	at java.rmi/sun.rmi.transport.tcp.TCPEndpoint.newSocket(TCPEndpoint.java:626)
	at java.rmi/sun.rmi.transport.tcp.TCPChannel.createConnection(TCPChannel.java:217)
	at java.rmi/sun.rmi.transport.tcp.TCPChannel.newConnection(TCPChannel.java:204)
	at java.rmi/sun.rmi.server.UnicastRef.newCall(UnicastRef.java:344)
	at java.rmi/sun.rmi.registry.RegistryImpl_Stub.lookup(RegistryImpl_Stub.java:116)
	at com.hti.rmi.UserServiceInvoke.<init>(UserServiceInvoke.java:29)
	at com.hti.thread.StartSmppServer.run(StartSmppServer.java:94)
	at java.base/java.lang.Thread.run(Thread.java:842)
Caused by: java.net.ConnectException: Connection refused: connect
	at java.base/sun.nio.ch.Net.connect0(Native Method)
	at java.base/sun.nio.ch.Net.connect(Net.java:579)
	at java.base/sun.nio.ch.Net.connect(Net.java:568)
	at java.base/sun.nio.ch.NioSocketImpl.connect(NioSocketImpl.java:593)
	at java.base/java.net.SocksSocketImpl.connect(SocksSocketImpl.java:327)
	at java.base/java.net.Socket.connect(Socket.java:633)
	at java.base/java.net.Socket.connect(Socket.java:583)
	at java.base/java.net.Socket.<init>(Socket.java:507)
	at java.base/java.net.Socket.<init>(Socket.java:287)
	at java.rmi/sun.rmi.transport.tcp.TCPDirectSocketFactory.createSocket(TCPDirectSocketFactory.java:40)
	at java.rmi/sun.rmi.transport.tcp.TCPEndpoint.newSocket(TCPEndpoint.java:620)
	... 7 common frames omitted
2024-03-23 11:28:13 [BindAlert] INFO  com.hti.thread.BindAlert -  No Route For DisConnection Alert 
2024-03-23 11:28:14 [HtiQueueLoader] INFO  com.hti.thread.HtiQueueLoader - SmscDownCounter: {0={GW1=23728}}
2024-03-23 11:29:30 [restartedMain] INFO  com.hti.thread.StartSmppServer - User Server Bind Configuration:-> 0.0.0.0:8898
2024-03-23 11:29:30 [restartedMain] INFO  com.hti.database.ConnectionPool - Initializing Connection Pool[1]
2024-03-23 11:29:31 [restartedMain] INFO  com.hti.database.ConnectionPool - Total Database Connections Created[1] : 5
2024-03-23 11:29:31 [restartedMain] INFO  com.hti.database.ConnectionPool - Initializing Connection Pool[2]
2024-03-23 11:29:31 [restartedMain] INFO  com.hti.database.ConnectionPool - Total Database Connections Created[2] : 5
2024-03-23 11:29:31 [restartedMain] INFO  com.hti.thread.StartSmppServer - ******* Marked As Master Client ********
2024-03-23 11:29:31 [restartedMain] INFO  com.hti.thread.StartSmppServer - Checking Records to be deleted From smsc_in
2024-03-23 11:29:33 [restartedMain] INFO  com.hti.thread.StartSmppServer - Records deleted from smsc_in: 0
2024-03-23 11:29:34 [restartedMain] INFO  com.hti.thread.StartSmppServer - Records updated smsc_in:: 0
2024-03-23 11:29:34 [restartedMain] INFO  com.hti.thread.StartSmppServer -  Deleted repeated Numbers dbfile
2024-03-23 11:29:34 [restartedMain] INFO  com.hti.thread.StartSmppServer - Queue Cache:-> Heap: 10 Disk: 5000 Expired: 0
2024-03-23 11:29:34 [restartedMain] INFO  com.hti.thread.StartSmppServer - Response Cache:-> Heap: 10 Disk: 5000 Expired: 10 DlrExpired: 60
2024-03-23 11:29:34 [restartedMain] INFO  com.hti.thread.StartSmppServer - Resend pdu Cache:-> Heap: 10 Disk: 3000 Expired: 60
2024-03-23 11:29:35 [restartedMain] INFO  com.hti.thread.AccumulatorBox - AccumulatorBox Starting
2024-03-23 11:29:35 [restartedMain] INFO  com.hti.thread.HtiQueueLoader - HtiQueueLoader Starting
2024-03-23 11:29:35 [restartedMain] INFO  com.hti.thread.BindAlert - BindAlert Starting
2024-03-23 11:29:35 [restartedMain] INFO  com.hti.thread.SignalRetryProcess - SignalRetryProcess Thread Starting
2024-03-23 11:29:35 [restartedMain] INFO  c.hti.thread.ProcessResponseThread -  ProcessResponseThread Starting 
2024-03-23 11:29:35 [restartedMain] INFO  c.hti.thread.ProcessResponseThread - <- Checking for Response Process Backup File ->
2024-03-23 11:29:35 [ProcessResponseThread] INFO  c.hti.thread.ProcessResponseThread -  ProcessResponseThread Started 
2024-03-23 11:29:35 [restartedMain] INFO  com.hti.thread.DelayedDlrProcess -  DelayedDlrProcess Starting 
2024-03-23 11:29:35 [DelayedDlrProcess] INFO  com.hti.thread.DelayedDlrProcess -  DelayedDlrProcess Started 
2024-03-23 11:29:35 [restartedMain] INFO  c.hti.thread.TrackMismatchedDeliver -  TrackMismatchedDeliver Starting 
2024-03-23 11:29:35 [restartedMain] INFO  c.hti.thread.ProcessRemovedResponse -  ProcessRemovedResponse Thread Starting 
2024-03-23 11:29:35 [ProcessRemovedResponse] INFO  c.hti.thread.ProcessRemovedResponse -  ProcessRemovedResponse Started 
2024-03-23 11:29:35 [restartedMain] INFO  com.hti.thread.RepeatedNumberInsert - RepeatedNumberInsert Thread Starting
2024-03-23 11:29:35 [RepeatedNumberInsert] INFO  com.hti.thread.RepeatedNumberInsert - Checking For Repeated Number to load
2024-03-23 11:29:35 [restartedMain] INFO  com.hti.thread.HtiQueueManager - HtiQueueManager Starting
2024-03-23 11:29:35 [restartedMain] INFO  com.hti.thread.SmscQueueSelection - SmscQueueSelection Thread Starting
2024-03-23 11:29:35 [restartedMain] INFO  com.hti.thread.Report - Report Thread Starting
2024-03-23 11:29:35 [restartedMain] INFO  com.hti.thread.ReportLog - ReportLog Thread Starting
2024-03-23 11:29:35 [restartedMain] INFO  com.hti.thread.MIS - MIS Thread Starting
2024-03-23 11:29:35 [restartedMain] INFO  com.hti.thread.SmscInDeleteThread - SmscInDeleteThread Starting
2024-03-23 11:29:35 [restartedMain] INFO  com.hti.thread.SmscInUpdateThread - SmscInUpdateThread Starting
2024-03-23 11:29:35 [restartedMain] INFO  c.hti.thread.MismatchedDeliverInsert - MismatchedDeliverInsert Starting
2024-03-23 11:29:35 [restartedMain] INFO  c.h.t.DestinationSleepTimeThread - DestinationSleepTimeThread Starting
2024-03-23 11:29:35 [restartedMain] INFO  com.hti.thread.CheckCpuCycle - CheckCpuCycle Starting
2024-03-23 11:29:35 [restartedMain] INFO  com.hti.thread.InsertIntoMappedId - InsertIntoMappedId Starting
2024-03-23 11:29:35 [restartedMain] INFO  com.hti.thread.MappedIdDeletion - MappedId deletion Starting
2024-03-23 11:29:35 [restartedMain] INFO  com.hti.thread.SmscSubmitLog - SmscSubmitLog Thread starting
2024-03-23 11:29:35 [restartedMain] INFO  com.hti.thread.TwoWayDeliverInsert - 2WayDeliverInsert Thread Starting
2024-03-23 11:29:35 [restartedMain] INFO  com.hti.thread.QueuedAlert - QueuedAlert Thread Starting
2024-03-23 11:29:35 [QueuedAlert] INFO  com.hti.thread.QueuedAlert - QueuedAlert Waiting for Duration 3 Minutes 
2024-03-23 11:29:35 [restartedMain] INFO  com.hti.thread.DNDEntryLog - DNDEntryLog Thread starting
2024-03-23 11:29:35 [restartedMain] INFO  com.hti.thread.DeliverLogInsert - DeliverLogInsert Thread Starting 
2024-03-23 11:29:35 [restartedMain] INFO  com.hti.thread.BearerBox - BearerBox Starting
2024-03-23 11:29:35 [RepeatedNumberInsert] INFO  com.hti.thread.RepeatedNumberInsert - Repeated Number Cache: 0
2024-03-23 11:29:35 [RepeatedNumberInsert] INFO  com.hti.thread.RepeatedNumberInsert - Checking For Repeated Number Log Cleanup
2024-03-23 11:29:35 [RepeatedNumberInsert] INFO  com.hti.thread.RepeatedNumberInsert - Repeated Number Groups: []
2024-03-23 11:29:35 [restartedMain] INFO  com.hti.thread.BearerBox - Checking MappedIdQueue Backup
2024-03-23 11:29:35 [restartedMain] INFO  com.hti.thread.BearerBox - MappedIdQueue Check Finished
2024-03-23 11:29:35 [restartedMain] INFO  com.hti.thread.BearerBox - initializing submit_limit Counters
2024-03-23 11:29:35 [restartedMain] INFO  com.hti.thread.BearerBox - SmscSubmitCounter: IMap{name='smsc_submit_count'}
2024-03-23 11:29:35 [restartedMain] INFO  com.hti.thread.BearerBox - Initializing Smsc Wise Response Cache
2024-03-23 11:29:35 [restartedMain] INFO  com.hti.thread.BearerBox - Response Cache Initialized
2024-03-23 11:29:35 [restartedMain] INFO  com.hti.thread.BearerBox - Checking Backup Response Queue
2024-03-23 11:29:35 [restartedMain] INFO  com.hti.thread.BearerBox - <-- Deleted Response backup Directory -->
2024-03-23 11:29:35 [restartedMain] INFO  com.hti.thread.BearerBox - <-- Response backup Directory Created -->
2024-03-23 11:29:35 [restartedMain] INFO  com.hti.thread.BearerBox - Backup Queue Check Finished
2024-03-23 11:29:35 [restartedMain] ERROR com.hti.thread.BearerBox - SpecialGreekEncoding//replacement.txt
java.io.IOException: The system cannot find the path specified
	at com.hti.thread.BearerBox.loadSpecialEncoding(BearerBox.java:225)
	at com.hti.thread.BearerBox.<init>(BearerBox.java:66)
	at com.hti.thread.StartSmppServer.ApplicationStart(StartSmppServer.java:168)
	at com.HostSmppApplication.main(HostSmppApplication.java:60)
	at java.base/jdk.internal.reflect.NativeMethodAccessorImpl.invoke0(Native Method)
	at java.base/jdk.internal.reflect.NativeMethodAccessorImpl.invoke(NativeMethodAccessorImpl.java:77)
	at java.base/jdk.internal.reflect.DelegatingMethodAccessorImpl.invoke(DelegatingMethodAccessorImpl.java:43)
	at java.base/java.lang.reflect.Method.invoke(Method.java:568)
	at org.springframework.boot.devtools.restart.RestartLauncher.run(RestartLauncher.java:50)
2024-03-23 11:29:35 [restartedMain] INFO  com.hti.thread.BearerBox - SpecialEncoding: {}
2024-03-23 11:29:35 [restartedMain] INFO  com.hti.thread.BearerBox - **** Distribution is Disabled ****
2024-03-23 11:29:35 [restartedMain] INFO  com.hti.thread.DLRProcess - DLRProcess Thread Starting
2024-03-23 11:29:35 [restartedMain] INFO  com.hti.thread.DeliverTempInsert - DeliverTempInsert Thread Starting
2024-03-23 11:29:35 [DeliverTempInsert] INFO  com.hti.thread.DeliverTempInsert - Temparary DeliverSM Counter:----> 0
2024-03-23 11:29:35 [DLRProcess] INFO  com.hti.thread.DLRProcess - <------  OMQ Server Connected to submit DLRs ------->
2024-03-23 11:29:37 [restartedMain] INFO  com.hti.dlt.DltFilter - <-- Initializing Dlt Configuration -->
2024-03-23 11:29:37 [restartedMain] INFO  com.hti.dlt.DltFilter - Dlt Active Senders:0
2024-03-23 11:29:37 [restartedMain] INFO  com.hti.dlt.DltFilter - Dlt Active Templates:0
2024-03-23 11:29:37 [restartedMain] INFO  com.hti.thread.BearerBox - Memory Usage[1]:---> 180 MB
2024-03-23 11:29:37 [restartedMain] INFO  com.hti.thread.AlertHandler - AlertHandler Starting
2024-03-23 11:29:37 [restartedMain] INFO  com.hti.thread.AlertHandler - Total Alerts Configured: 0
2024-03-23 11:29:37 [restartedMain] INFO  com.hti.thread.OmqConnection - OmqConnection Thread Starting
2024-03-23 11:29:37 [OmqConnection] INFO  com.hti.thread.OmqConnection - <--- Trying to Connect OMQ Server To Receive PDUs -->
2024-03-23 11:29:37 [restartedMain] INFO  com.hti.thread.OmqReceivedProcess - OmqReceivedProcess Thread Starting
2024-03-23 11:29:37 [restartedMain] INFO  com.hti.thread.SignalWaitProcess - SignalWaitProcess Thread Starting
2024-03-23 11:29:37 [restartedMain] INFO  com.hti.thread.SignalWaitProcess - retry_wait_status Records Found:-> 0 time:0
2024-03-23 11:29:37 [OmqConnection] INFO  com.hti.thread.OMQExceptionListener - OMQExceptionListener Started
2024-03-23 11:29:37 [OmqConnection] INFO  com.hti.thread.QueueListener -  PDU Receiving Queue[1] Listener Started 
2024-03-23 11:29:37 [OmqConnection] INFO  com.hti.thread.OmqConnection - Creating Message Receiving Queue: 1
2024-03-23 11:29:37 [OmqConnection] INFO  com.hti.thread.QueueListener -  PDU Receiving Queue[2] Listener Started 
2024-03-23 11:29:37 [OmqConnection] INFO  com.hti.thread.OmqConnection - Creating Message Receiving Queue: 2
2024-03-23 11:29:37 [OmqConnection] INFO  com.hti.thread.QueueListener -  PDU Receiving Queue[3] Listener Started 
2024-03-23 11:29:37 [OmqConnection] INFO  com.hti.thread.OmqConnection - Creating Message Receiving Queue: 3
2024-03-23 11:29:37 [OmqConnection] INFO  com.hti.thread.QueueListener -  PDU Receiving Queue[4] Listener Started 
2024-03-23 11:29:37 [OmqConnection] INFO  com.hti.thread.OmqConnection - Creating Message Receiving Queue: 4
2024-03-23 11:29:37 [OmqConnection] INFO  com.hti.thread.QueueListener -  PDU Receiving Queue[5] Listener Started 
2024-03-23 11:29:37 [OmqConnection] INFO  com.hti.thread.OmqConnection - Creating Message Receiving Queue: 5
2024-03-23 11:29:37 [OmqConnection] INFO  com.hti.thread.QueueListener -  PDU Receiving Queue[6] Listener Started 
2024-03-23 11:29:37 [OmqConnection] INFO  com.hti.thread.OmqConnection - Creating Message Receiving Queue: 6
2024-03-23 11:29:37 [OmqConnection] INFO  com.hti.thread.OmqConnection - <--- OMQ Server Connected To Receive PDUs -->
2024-03-23 11:29:40 [BindAlert] INFO  com.hti.thread.BindAlert -  No Route For DisConnection Alert 
2024-03-23 11:29:45 [BindAlert] INFO  com.hti.thread.BindAlert -  No Route For DisConnection Alert 
2024-03-23 11:29:47 [restartedMain] INFO  com.hti.thread.AccumulatorBox - Starting QueueLoader
2024-03-23 11:29:50 [BindAlert] INFO  com.hti.thread.BindAlert -  No Route For DisConnection Alert 
2024-03-23 11:29:50 [restartedMain] INFO  com.hti.thread.StartSmppServer - RMI Smpp Service Starting on Port:1081
2024-03-23 11:29:50 [HtiQueueLoader] INFO  com.hti.thread.HtiQueueLoader -  <-- Queue Load Process on Hold --> 
2024-03-23 11:29:50 [restartedMain] INFO  com.hti.thread.StartSmppServer - RMI Smpp Service Started on Port:1081
2024-03-23 11:29:50 [StartSmppServer] ERROR com.hti.thread.StartSmppServer - <--- Error While Communicating User Server ---> 
java.rmi.ConnectException: Connection refused to host: 127.0.0.1; nested exception is: 
	java.net.ConnectException: Connection refused: connect
	at java.rmi/sun.rmi.transport.tcp.TCPEndpoint.newSocket(TCPEndpoint.java:626)
	at java.rmi/sun.rmi.transport.tcp.TCPChannel.createConnection(TCPChannel.java:217)
	at java.rmi/sun.rmi.transport.tcp.TCPChannel.newConnection(TCPChannel.java:204)
	at java.rmi/sun.rmi.server.UnicastRef.newCall(UnicastRef.java:344)
	at java.rmi/sun.rmi.registry.RegistryImpl_Stub.lookup(RegistryImpl_Stub.java:116)
	at com.hti.rmi.UserServiceInvoke.<init>(UserServiceInvoke.java:29)
	at com.hti.thread.StartSmppServer.run(StartSmppServer.java:94)
	at java.base/java.lang.Thread.run(Thread.java:842)
Caused by: java.net.ConnectException: Connection refused: connect
	at java.base/sun.nio.ch.Net.connect0(Native Method)
	at java.base/sun.nio.ch.Net.connect(Net.java:579)
	at java.base/sun.nio.ch.Net.connect(Net.java:568)
	at java.base/sun.nio.ch.NioSocketImpl.connect(NioSocketImpl.java:593)
	at java.base/java.net.SocksSocketImpl.connect(SocksSocketImpl.java:327)
	at java.base/java.net.Socket.connect(Socket.java:633)
	at java.base/java.net.Socket.connect(Socket.java:583)
	at java.base/java.net.Socket.<init>(Socket.java:507)
	at java.base/java.net.Socket.<init>(Socket.java:287)
	at java.rmi/sun.rmi.transport.tcp.TCPDirectSocketFactory.createSocket(TCPDirectSocketFactory.java:40)
	at java.rmi/sun.rmi.transport.tcp.TCPEndpoint.newSocket(TCPEndpoint.java:620)
	... 7 common frames omitted
2024-03-23 11:29:55 [HtiQueueLoader] INFO  com.hti.thread.HtiQueueLoader - SmscDownCounter: {0={GW1=23728}}
2024-03-23 11:29:55 [BindAlert] INFO  com.hti.thread.BindAlert -  No Route For DisConnection Alert 
2024-03-23 11:29:56 [StartSmppServer] ERROR com.hti.thread.StartSmppServer - <--- Error While Communicating User Server ---> 
java.rmi.ConnectException: Connection refused to host: 127.0.0.1; nested exception is: 
	java.net.ConnectException: Connection refused: connect
	at java.rmi/sun.rmi.transport.tcp.TCPEndpoint.newSocket(TCPEndpoint.java:626)
	at java.rmi/sun.rmi.transport.tcp.TCPChannel.createConnection(TCPChannel.java:217)
	at java.rmi/sun.rmi.transport.tcp.TCPChannel.newConnection(TCPChannel.java:204)
	at java.rmi/sun.rmi.server.UnicastRef.newCall(UnicastRef.java:344)
	at java.rmi/sun.rmi.registry.RegistryImpl_Stub.lookup(RegistryImpl_Stub.java:116)
	at com.hti.rmi.UserServiceInvoke.<init>(UserServiceInvoke.java:29)
	at com.hti.thread.StartSmppServer.run(StartSmppServer.java:94)
	at java.base/java.lang.Thread.run(Thread.java:842)
Caused by: java.net.ConnectException: Connection refused: connect
	at java.base/sun.nio.ch.Net.connect0(Native Method)
	at java.base/sun.nio.ch.Net.connect(Net.java:579)
	at java.base/sun.nio.ch.Net.connect(Net.java:568)
	at java.base/sun.nio.ch.NioSocketImpl.connect(NioSocketImpl.java:593)
	at java.base/java.net.SocksSocketImpl.connect(SocksSocketImpl.java:327)
	at java.base/java.net.Socket.connect(Socket.java:633)
	at java.base/java.net.Socket.connect(Socket.java:583)
	at java.base/java.net.Socket.<init>(Socket.java:507)
	at java.base/java.net.Socket.<init>(Socket.java:287)
	at java.rmi/sun.rmi.transport.tcp.TCPDirectSocketFactory.createSocket(TCPDirectSocketFactory.java:40)
	at java.rmi/sun.rmi.transport.tcp.TCPEndpoint.newSocket(TCPEndpoint.java:620)
	... 7 common frames omitted
2024-03-23 11:29:59 [HtiQueueLoader] INFO  com.hti.thread.HtiQueueLoader - SmscDownCounter: {0={GW1=23728}}
2024-03-23 11:30:00 [BindAlert] INFO  com.hti.thread.BindAlert -  No Route For DisConnection Alert 
2024-03-23 11:30:02 [StartSmppServer] ERROR com.hti.thread.StartSmppServer - <--- Error While Communicating User Server ---> 
java.rmi.ConnectException: Connection refused to host: 127.0.0.1; nested exception is: 
	java.net.ConnectException: Connection refused: connect
	at java.rmi/sun.rmi.transport.tcp.TCPEndpoint.newSocket(TCPEndpoint.java:626)
	at java.rmi/sun.rmi.transport.tcp.TCPChannel.createConnection(TCPChannel.java:217)
	at java.rmi/sun.rmi.transport.tcp.TCPChannel.newConnection(TCPChannel.java:204)
	at java.rmi/sun.rmi.server.UnicastRef.newCall(UnicastRef.java:344)
	at java.rmi/sun.rmi.registry.RegistryImpl_Stub.lookup(RegistryImpl_Stub.java:116)
	at com.hti.rmi.UserServiceInvoke.<init>(UserServiceInvoke.java:29)
	at com.hti.thread.StartSmppServer.run(StartSmppServer.java:94)
	at java.base/java.lang.Thread.run(Thread.java:842)
Caused by: java.net.ConnectException: Connection refused: connect
	at java.base/sun.nio.ch.Net.connect0(Native Method)
	at java.base/sun.nio.ch.Net.connect(Net.java:579)
	at java.base/sun.nio.ch.Net.connect(Net.java:568)
	at java.base/sun.nio.ch.NioSocketImpl.connect(NioSocketImpl.java:593)
	at java.base/java.net.SocksSocketImpl.connect(SocksSocketImpl.java:327)
	at java.base/java.net.Socket.connect(Socket.java:633)
	at java.base/java.net.Socket.connect(Socket.java:583)
	at java.base/java.net.Socket.<init>(Socket.java:507)
	at java.base/java.net.Socket.<init>(Socket.java:287)
	at java.rmi/sun.rmi.transport.tcp.TCPDirectSocketFactory.createSocket(TCPDirectSocketFactory.java:40)
	at java.rmi/sun.rmi.transport.tcp.TCPEndpoint.newSocket(TCPEndpoint.java:620)
	... 7 common frames omitted
2024-03-23 11:30:04 [HtiQueueLoader] INFO  com.hti.thread.HtiQueueLoader - SmscDownCounter: {0={GW1=23728}}
2024-03-23 11:30:05 [BindAlert] INFO  com.hti.thread.BindAlert -  No Route For DisConnection Alert 
2024-03-23 11:30:08 [HtiQueueLoader] INFO  com.hti.thread.HtiQueueLoader - SmscDownCounter: {0={GW1=23728}}
2024-03-23 11:30:08 [StartSmppServer] ERROR com.hti.thread.StartSmppServer - <--- Error While Communicating User Server ---> 
java.rmi.ConnectException: Connection refused to host: 127.0.0.1; nested exception is: 
	java.net.ConnectException: Connection refused: connect
	at java.rmi/sun.rmi.transport.tcp.TCPEndpoint.newSocket(TCPEndpoint.java:626)
	at java.rmi/sun.rmi.transport.tcp.TCPChannel.createConnection(TCPChannel.java:217)
	at java.rmi/sun.rmi.transport.tcp.TCPChannel.newConnection(TCPChannel.java:204)
	at java.rmi/sun.rmi.server.UnicastRef.newCall(UnicastRef.java:344)
	at java.rmi/sun.rmi.registry.RegistryImpl_Stub.lookup(RegistryImpl_Stub.java:116)
	at com.hti.rmi.UserServiceInvoke.<init>(UserServiceInvoke.java:29)
	at com.hti.thread.StartSmppServer.run(StartSmppServer.java:94)
	at java.base/java.lang.Thread.run(Thread.java:842)
Caused by: java.net.ConnectException: Connection refused: connect
	at java.base/sun.nio.ch.Net.connect0(Native Method)
	at java.base/sun.nio.ch.Net.connect(Net.java:579)
	at java.base/sun.nio.ch.Net.connect(Net.java:568)
	at java.base/sun.nio.ch.NioSocketImpl.connect(NioSocketImpl.java:593)
	at java.base/java.net.SocksSocketImpl.connect(SocksSocketImpl.java:327)
	at java.base/java.net.Socket.connect(Socket.java:633)
	at java.base/java.net.Socket.connect(Socket.java:583)
	at java.base/java.net.Socket.<init>(Socket.java:507)
	at java.base/java.net.Socket.<init>(Socket.java:287)
	at java.rmi/sun.rmi.transport.tcp.TCPDirectSocketFactory.createSocket(TCPDirectSocketFactory.java:40)
	at java.rmi/sun.rmi.transport.tcp.TCPEndpoint.newSocket(TCPEndpoint.java:620)
	... 7 common frames omitted
2024-03-23 11:30:10 [BindAlert] INFO  com.hti.thread.BindAlert -  No Route For DisConnection Alert 
2024-03-23 11:30:12 [HtiQueueLoader] INFO  com.hti.thread.HtiQueueLoader - SmscDownCounter: {0={GW1=23728}}
2024-03-23 11:30:14 [StartSmppServer] ERROR com.hti.thread.StartSmppServer - <--- Error While Communicating User Server ---> 
java.rmi.ConnectException: Connection refused to host: 127.0.0.1; nested exception is: 
	java.net.ConnectException: Connection refused: connect
	at java.rmi/sun.rmi.transport.tcp.TCPEndpoint.newSocket(TCPEndpoint.java:626)
	at java.rmi/sun.rmi.transport.tcp.TCPChannel.createConnection(TCPChannel.java:217)
	at java.rmi/sun.rmi.transport.tcp.TCPChannel.newConnection(TCPChannel.java:204)
	at java.rmi/sun.rmi.server.UnicastRef.newCall(UnicastRef.java:344)
	at java.rmi/sun.rmi.registry.RegistryImpl_Stub.lookup(RegistryImpl_Stub.java:116)
	at com.hti.rmi.UserServiceInvoke.<init>(UserServiceInvoke.java:29)
	at com.hti.thread.StartSmppServer.run(StartSmppServer.java:94)
	at java.base/java.lang.Thread.run(Thread.java:842)
Caused by: java.net.ConnectException: Connection refused: connect
	at java.base/sun.nio.ch.Net.connect0(Native Method)
	at java.base/sun.nio.ch.Net.connect(Net.java:579)
	at java.base/sun.nio.ch.Net.connect(Net.java:568)
	at java.base/sun.nio.ch.NioSocketImpl.connect(NioSocketImpl.java:593)
	at java.base/java.net.SocksSocketImpl.connect(SocksSocketImpl.java:327)
	at java.base/java.net.Socket.connect(Socket.java:633)
	at java.base/java.net.Socket.connect(Socket.java:583)
	at java.base/java.net.Socket.<init>(Socket.java:507)
	at java.base/java.net.Socket.<init>(Socket.java:287)
	at java.rmi/sun.rmi.transport.tcp.TCPDirectSocketFactory.createSocket(TCPDirectSocketFactory.java:40)
	at java.rmi/sun.rmi.transport.tcp.TCPEndpoint.newSocket(TCPEndpoint.java:620)
	... 7 common frames omitted
2024-03-23 11:30:15 [BindAlert] INFO  com.hti.thread.BindAlert -  No Route For DisConnection Alert 
2024-03-23 11:30:17 [HtiQueueLoader] INFO  com.hti.thread.HtiQueueLoader - SmscDownCounter: {0={GW1=23728}}
2024-03-23 11:30:20 [BindAlert] INFO  com.hti.thread.BindAlert -  No Route For DisConnection Alert 
2024-03-23 11:30:20 [StartSmppServer] ERROR com.hti.thread.StartSmppServer - <--- Error While Communicating User Server ---> 
java.rmi.ConnectException: Connection refused to host: 127.0.0.1; nested exception is: 
	java.net.ConnectException: Connection refused: connect
	at java.rmi/sun.rmi.transport.tcp.TCPEndpoint.newSocket(TCPEndpoint.java:626)
	at java.rmi/sun.rmi.transport.tcp.TCPChannel.createConnection(TCPChannel.java:217)
	at java.rmi/sun.rmi.transport.tcp.TCPChannel.newConnection(TCPChannel.java:204)
	at java.rmi/sun.rmi.server.UnicastRef.newCall(UnicastRef.java:344)
	at java.rmi/sun.rmi.registry.RegistryImpl_Stub.lookup(RegistryImpl_Stub.java:116)
	at com.hti.rmi.UserServiceInvoke.<init>(UserServiceInvoke.java:29)
	at com.hti.thread.StartSmppServer.run(StartSmppServer.java:94)
	at java.base/java.lang.Thread.run(Thread.java:842)
Caused by: java.net.ConnectException: Connection refused: connect
	at java.base/sun.nio.ch.Net.connect0(Native Method)
	at java.base/sun.nio.ch.Net.connect(Net.java:579)
	at java.base/sun.nio.ch.Net.connect(Net.java:568)
	at java.base/sun.nio.ch.NioSocketImpl.connect(NioSocketImpl.java:593)
	at java.base/java.net.SocksSocketImpl.connect(SocksSocketImpl.java:327)
	at java.base/java.net.Socket.connect(Socket.java:633)
	at java.base/java.net.Socket.connect(Socket.java:583)
	at java.base/java.net.Socket.<init>(Socket.java:507)
	at java.base/java.net.Socket.<init>(Socket.java:287)
	at java.rmi/sun.rmi.transport.tcp.TCPDirectSocketFactory.createSocket(TCPDirectSocketFactory.java:40)
	at java.rmi/sun.rmi.transport.tcp.TCPEndpoint.newSocket(TCPEndpoint.java:620)
	... 7 common frames omitted
2024-03-23 11:30:22 [HtiQueueLoader] INFO  com.hti.thread.HtiQueueLoader - SmscDownCounter: {0={GW1=23728}}
2024-03-23 11:30:25 [BindAlert] INFO  com.hti.thread.BindAlert -  No Route For DisConnection Alert 
2024-03-23 11:30:26 [StartSmppServer] ERROR com.hti.thread.StartSmppServer - <--- Error While Communicating User Server ---> 
java.rmi.ConnectException: Connection refused to host: 127.0.0.1; nested exception is: 
	java.net.ConnectException: Connection refused: connect
	at java.rmi/sun.rmi.transport.tcp.TCPEndpoint.newSocket(TCPEndpoint.java:626)
	at java.rmi/sun.rmi.transport.tcp.TCPChannel.createConnection(TCPChannel.java:217)
	at java.rmi/sun.rmi.transport.tcp.TCPChannel.newConnection(TCPChannel.java:204)
	at java.rmi/sun.rmi.server.UnicastRef.newCall(UnicastRef.java:344)
	at java.rmi/sun.rmi.registry.RegistryImpl_Stub.lookup(RegistryImpl_Stub.java:116)
	at com.hti.rmi.UserServiceInvoke.<init>(UserServiceInvoke.java:29)
	at com.hti.thread.StartSmppServer.run(StartSmppServer.java:94)
	at java.base/java.lang.Thread.run(Thread.java:842)
Caused by: java.net.ConnectException: Connection refused: connect
	at java.base/sun.nio.ch.Net.connect0(Native Method)
	at java.base/sun.nio.ch.Net.connect(Net.java:579)
	at java.base/sun.nio.ch.Net.connect(Net.java:568)
	at java.base/sun.nio.ch.NioSocketImpl.connect(NioSocketImpl.java:593)
	at java.base/java.net.SocksSocketImpl.connect(SocksSocketImpl.java:327)
	at java.base/java.net.Socket.connect(Socket.java:633)
	at java.base/java.net.Socket.connect(Socket.java:583)
	at java.base/java.net.Socket.<init>(Socket.java:507)
	at java.base/java.net.Socket.<init>(Socket.java:287)
	at java.rmi/sun.rmi.transport.tcp.TCPDirectSocketFactory.createSocket(TCPDirectSocketFactory.java:40)
	at java.rmi/sun.rmi.transport.tcp.TCPEndpoint.newSocket(TCPEndpoint.java:620)
	... 7 common frames omitted
2024-03-23 11:30:26 [HtiQueueLoader] INFO  com.hti.thread.HtiQueueLoader - SmscDownCounter: {0={GW1=23728}}
2024-03-23 11:33:38 [restartedMain] INFO  com.hti.thread.StartSmppServer - User Server Bind Configuration:-> 0.0.0.0:8898
2024-03-23 11:33:38 [restartedMain] INFO  com.hti.database.ConnectionPool - Initializing Connection Pool[1]
2024-03-23 11:33:38 [restartedMain] INFO  com.hti.database.ConnectionPool - Total Database Connections Created[1] : 5
2024-03-23 11:33:38 [restartedMain] INFO  com.hti.database.ConnectionPool - Initializing Connection Pool[2]
2024-03-23 11:33:38 [restartedMain] INFO  com.hti.database.ConnectionPool - Total Database Connections Created[2] : 5
2024-03-23 11:33:38 [restartedMain] INFO  com.hti.thread.StartSmppServer - ******* Marked As Master Client ********
2024-03-23 11:33:38 [restartedMain] INFO  com.hti.thread.StartSmppServer - Checking Records to be deleted From smsc_in
2024-03-23 11:33:40 [restartedMain] INFO  com.hti.thread.StartSmppServer - Records deleted from smsc_in: 0
2024-03-23 11:33:41 [restartedMain] INFO  com.hti.thread.StartSmppServer - Records updated smsc_in:: 0
2024-03-23 11:33:41 [restartedMain] INFO  com.hti.thread.StartSmppServer -  Deleted repeated Numbers dbfile
2024-03-23 11:33:41 [restartedMain] INFO  com.hti.thread.StartSmppServer - Queue Cache:-> Heap: 10 Disk: 5000 Expired: 0
2024-03-23 11:33:41 [restartedMain] INFO  com.hti.thread.StartSmppServer - Response Cache:-> Heap: 10 Disk: 5000 Expired: 10 DlrExpired: 60
2024-03-23 11:33:41 [restartedMain] INFO  com.hti.thread.StartSmppServer - Resend pdu Cache:-> Heap: 10 Disk: 3000 Expired: 60
2024-03-23 11:33:42 [restartedMain] INFO  com.hti.thread.AccumulatorBox - AccumulatorBox Starting
2024-03-23 11:33:42 [restartedMain] INFO  com.hti.thread.HtiQueueLoader - HtiQueueLoader Starting
2024-03-23 11:33:42 [restartedMain] INFO  com.hti.thread.BindAlert - BindAlert Starting
2024-03-23 11:33:42 [restartedMain] INFO  com.hti.thread.SignalRetryProcess - SignalRetryProcess Thread Starting
2024-03-23 11:33:42 [restartedMain] INFO  c.hti.thread.ProcessResponseThread -  ProcessResponseThread Starting 
2024-03-23 11:33:42 [restartedMain] INFO  c.hti.thread.ProcessResponseThread - <- Checking for Response Process Backup File ->
2024-03-23 11:33:42 [ProcessResponseThread] INFO  c.hti.thread.ProcessResponseThread -  ProcessResponseThread Started 
2024-03-23 11:33:42 [restartedMain] INFO  com.hti.thread.DelayedDlrProcess -  DelayedDlrProcess Starting 
2024-03-23 11:33:42 [DelayedDlrProcess] INFO  com.hti.thread.DelayedDlrProcess -  DelayedDlrProcess Started 
2024-03-23 11:33:42 [restartedMain] INFO  c.hti.thread.TrackMismatchedDeliver -  TrackMismatchedDeliver Starting 
2024-03-23 11:33:42 [restartedMain] INFO  c.hti.thread.ProcessRemovedResponse -  ProcessRemovedResponse Thread Starting 
2024-03-23 11:33:42 [ProcessRemovedResponse] INFO  c.hti.thread.ProcessRemovedResponse -  ProcessRemovedResponse Started 
2024-03-23 11:33:42 [restartedMain] INFO  com.hti.thread.RepeatedNumberInsert - RepeatedNumberInsert Thread Starting
2024-03-23 11:33:42 [RepeatedNumberInsert] INFO  com.hti.thread.RepeatedNumberInsert - Checking For Repeated Number to load
2024-03-23 11:33:42 [restartedMain] INFO  com.hti.thread.HtiQueueManager - HtiQueueManager Starting
2024-03-23 11:33:42 [restartedMain] INFO  com.hti.thread.SmscQueueSelection - SmscQueueSelection Thread Starting
2024-03-23 11:33:42 [restartedMain] INFO  com.hti.thread.Report - Report Thread Starting
2024-03-23 11:33:42 [restartedMain] INFO  com.hti.thread.ReportLog - ReportLog Thread Starting
2024-03-23 11:33:42 [restartedMain] INFO  com.hti.thread.MIS - MIS Thread Starting
2024-03-23 11:33:42 [restartedMain] INFO  com.hti.thread.SmscInDeleteThread - SmscInDeleteThread Starting
2024-03-23 11:33:42 [restartedMain] INFO  com.hti.thread.SmscInUpdateThread - SmscInUpdateThread Starting
2024-03-23 11:33:42 [restartedMain] INFO  c.hti.thread.MismatchedDeliverInsert - MismatchedDeliverInsert Starting
2024-03-23 11:33:42 [restartedMain] INFO  c.h.t.DestinationSleepTimeThread - DestinationSleepTimeThread Starting
2024-03-23 11:33:42 [restartedMain] INFO  com.hti.thread.CheckCpuCycle - CheckCpuCycle Starting
2024-03-23 11:33:42 [restartedMain] INFO  com.hti.thread.InsertIntoMappedId - InsertIntoMappedId Starting
2024-03-23 11:33:42 [restartedMain] INFO  com.hti.thread.MappedIdDeletion - MappedId deletion Starting
2024-03-23 11:33:42 [restartedMain] INFO  com.hti.thread.SmscSubmitLog - SmscSubmitLog Thread starting
2024-03-23 11:33:42 [restartedMain] INFO  com.hti.thread.TwoWayDeliverInsert - 2WayDeliverInsert Thread Starting
2024-03-23 11:33:42 [restartedMain] INFO  com.hti.thread.QueuedAlert - QueuedAlert Thread Starting
2024-03-23 11:33:42 [QueuedAlert] INFO  com.hti.thread.QueuedAlert - QueuedAlert Waiting for Duration 3 Minutes 
2024-03-23 11:33:42 [restartedMain] INFO  com.hti.thread.DNDEntryLog - DNDEntryLog Thread starting
2024-03-23 11:33:42 [restartedMain] INFO  com.hti.thread.DeliverLogInsert - DeliverLogInsert Thread Starting 
2024-03-23 11:33:42 [RepeatedNumberInsert] INFO  com.hti.thread.RepeatedNumberInsert - Repeated Number Cache: 0
2024-03-23 11:33:42 [RepeatedNumberInsert] INFO  com.hti.thread.RepeatedNumberInsert - Checking For Repeated Number Log Cleanup
2024-03-23 11:33:42 [restartedMain] INFO  com.hti.thread.BearerBox - BearerBox Starting
2024-03-23 11:33:42 [RepeatedNumberInsert] INFO  com.hti.thread.RepeatedNumberInsert - Repeated Number Groups: []
2024-03-23 11:33:42 [restartedMain] INFO  com.hti.thread.BearerBox - Checking MappedIdQueue Backup
2024-03-23 11:33:42 [restartedMain] INFO  com.hti.thread.BearerBox - MappedIdQueue Check Finished
2024-03-23 11:33:42 [restartedMain] INFO  com.hti.thread.BearerBox - initializing submit_limit Counters
2024-03-23 11:33:42 [restartedMain] INFO  com.hti.thread.BearerBox - SmscSubmitCounter: IMap{name='smsc_submit_count'}
2024-03-23 11:33:42 [restartedMain] INFO  com.hti.thread.BearerBox - Initializing Smsc Wise Response Cache
2024-03-23 11:33:42 [restartedMain] INFO  com.hti.thread.BearerBox - Response Cache Initialized
2024-03-23 11:33:42 [restartedMain] INFO  com.hti.thread.BearerBox - Checking Backup Response Queue
2024-03-23 11:33:42 [restartedMain] INFO  com.hti.thread.BearerBox - <-- Deleted Response backup Directory -->
2024-03-23 11:33:42 [restartedMain] INFO  com.hti.thread.BearerBox - <-- Response backup Directory Created -->
2024-03-23 11:33:42 [restartedMain] INFO  com.hti.thread.BearerBox - Backup Queue Check Finished
2024-03-23 11:33:42 [restartedMain] ERROR com.hti.thread.BearerBox - SpecialGreekEncoding//replacement.txt
java.io.IOException: The system cannot find the path specified
	at com.hti.thread.BearerBox.loadSpecialEncoding(BearerBox.java:225)
	at com.hti.thread.BearerBox.<init>(BearerBox.java:66)
	at com.hti.thread.StartSmppServer.ApplicationStart(StartSmppServer.java:168)
	at com.HostSmppApplication.main(HostSmppApplication.java:60)
	at java.base/jdk.internal.reflect.NativeMethodAccessorImpl.invoke0(Native Method)
	at java.base/jdk.internal.reflect.NativeMethodAccessorImpl.invoke(NativeMethodAccessorImpl.java:77)
	at java.base/jdk.internal.reflect.DelegatingMethodAccessorImpl.invoke(DelegatingMethodAccessorImpl.java:43)
	at java.base/java.lang.reflect.Method.invoke(Method.java:568)
	at org.springframework.boot.devtools.restart.RestartLauncher.run(RestartLauncher.java:50)
2024-03-23 11:33:42 [restartedMain] INFO  com.hti.thread.BearerBox - SpecialEncoding: {}
2024-03-23 11:33:42 [restartedMain] INFO  com.hti.thread.BearerBox - **** Distribution is Disabled ****
2024-03-23 11:33:42 [restartedMain] INFO  com.hti.thread.DLRProcess - DLRProcess Thread Starting
2024-03-23 11:33:42 [restartedMain] INFO  com.hti.thread.DeliverTempInsert - DeliverTempInsert Thread Starting
2024-03-23 11:33:42 [DeliverTempInsert] INFO  com.hti.thread.DeliverTempInsert - Temparary DeliverSM Counter:----> 0
2024-03-23 11:33:42 [DLRProcess] INFO  com.hti.thread.DLRProcess - <------  OMQ Server Connected to submit DLRs ------->
2024-03-23 11:33:44 [restartedMain] INFO  com.hti.dlt.DltFilter - <-- Initializing Dlt Configuration -->
2024-03-23 11:33:44 [restartedMain] INFO  com.hti.dlt.DltFilter - Dlt Active Senders:0
2024-03-23 11:33:44 [restartedMain] INFO  com.hti.dlt.DltFilter - Dlt Active Templates:0
2024-03-23 11:33:44 [restartedMain] INFO  com.hti.thread.BearerBox - Memory Usage[1]:---> 153 MB
2024-03-23 11:33:44 [restartedMain] INFO  com.hti.thread.AlertHandler - AlertHandler Starting
2024-03-23 11:33:44 [restartedMain] INFO  com.hti.thread.AlertHandler - Total Alerts Configured: 0
2024-03-23 11:33:44 [restartedMain] INFO  com.hti.thread.OmqConnection - OmqConnection Thread Starting
2024-03-23 11:33:44 [OmqConnection] INFO  com.hti.thread.OmqConnection - <--- Trying to Connect OMQ Server To Receive PDUs -->
2024-03-23 11:33:44 [restartedMain] INFO  com.hti.thread.OmqReceivedProcess - OmqReceivedProcess Thread Starting
2024-03-23 11:33:44 [restartedMain] INFO  com.hti.thread.SignalWaitProcess - SignalWaitProcess Thread Starting
2024-03-23 11:33:44 [restartedMain] INFO  com.hti.thread.SignalWaitProcess - retry_wait_status Records Found:-> 0 time:0
2024-03-23 11:33:44 [OmqConnection] INFO  com.hti.thread.OMQExceptionListener - OMQExceptionListener Started
2024-03-23 11:33:44 [OmqConnection] INFO  com.hti.thread.QueueListener -  PDU Receiving Queue[1] Listener Started 
2024-03-23 11:33:44 [OmqConnection] INFO  com.hti.thread.OmqConnection - Creating Message Receiving Queue: 1
2024-03-23 11:33:44 [OmqConnection] INFO  com.hti.thread.QueueListener -  PDU Receiving Queue[2] Listener Started 
2024-03-23 11:33:44 [OmqConnection] INFO  com.hti.thread.OmqConnection - Creating Message Receiving Queue: 2
2024-03-23 11:33:44 [OmqConnection] INFO  com.hti.thread.QueueListener -  PDU Receiving Queue[3] Listener Started 
2024-03-23 11:33:44 [OmqConnection] INFO  com.hti.thread.OmqConnection - Creating Message Receiving Queue: 3
2024-03-23 11:33:44 [OmqConnection] INFO  com.hti.thread.QueueListener -  PDU Receiving Queue[4] Listener Started 
2024-03-23 11:33:44 [OmqConnection] INFO  com.hti.thread.OmqConnection - Creating Message Receiving Queue: 4
2024-03-23 11:33:44 [OmqConnection] INFO  com.hti.thread.QueueListener -  PDU Receiving Queue[5] Listener Started 
2024-03-23 11:33:44 [OmqConnection] INFO  com.hti.thread.OmqConnection - Creating Message Receiving Queue: 5
2024-03-23 11:33:44 [OmqConnection] INFO  com.hti.thread.QueueListener -  PDU Receiving Queue[6] Listener Started 
2024-03-23 11:33:44 [OmqConnection] INFO  com.hti.thread.OmqConnection - Creating Message Receiving Queue: 6
2024-03-23 11:33:44 [OmqConnection] INFO  com.hti.thread.OmqConnection - <--- OMQ Server Connected To Receive PDUs -->
2024-03-23 11:33:47 [BindAlert] INFO  com.hti.thread.BindAlert -  No Route For DisConnection Alert 
2024-03-23 11:33:52 [BindAlert] INFO  com.hti.thread.BindAlert -  No Route For DisConnection Alert 
2024-03-23 11:33:54 [restartedMain] INFO  com.hti.thread.AccumulatorBox - Starting QueueLoader
2024-03-23 11:33:57 [BindAlert] INFO  com.hti.thread.BindAlert -  No Route For DisConnection Alert 
2024-03-23 11:33:57 [HtiQueueLoader] INFO  com.hti.thread.HtiQueueLoader -  <-- Queue Load Process on Hold --> 
2024-03-23 11:33:57 [restartedMain] INFO  com.hti.thread.StartSmppServer - RMI Smpp Service Starting on Port:1081
2024-03-23 11:33:57 [restartedMain] INFO  com.hti.thread.StartSmppServer - RMI Smpp Service Started on Port:1081
2024-03-23 11:33:57 [StartSmppServer] ERROR com.hti.thread.StartSmppServer - <--- Error While Communicating User Server ---> 
java.rmi.ConnectException: Connection refused to host: 127.0.0.1; nested exception is: 
	java.net.ConnectException: Connection refused: connect
	at java.rmi/sun.rmi.transport.tcp.TCPEndpoint.newSocket(TCPEndpoint.java:626)
	at java.rmi/sun.rmi.transport.tcp.TCPChannel.createConnection(TCPChannel.java:217)
	at java.rmi/sun.rmi.transport.tcp.TCPChannel.newConnection(TCPChannel.java:204)
	at java.rmi/sun.rmi.server.UnicastRef.newCall(UnicastRef.java:344)
	at java.rmi/sun.rmi.registry.RegistryImpl_Stub.lookup(RegistryImpl_Stub.java:116)
	at com.hti.rmi.UserServiceInvoke.<init>(UserServiceInvoke.java:29)
	at com.hti.thread.StartSmppServer.run(StartSmppServer.java:94)
	at java.base/java.lang.Thread.run(Thread.java:842)
Caused by: java.net.ConnectException: Connection refused: connect
	at java.base/sun.nio.ch.Net.connect0(Native Method)
	at java.base/sun.nio.ch.Net.connect(Net.java:579)
	at java.base/sun.nio.ch.Net.connect(Net.java:568)
	at java.base/sun.nio.ch.NioSocketImpl.connect(NioSocketImpl.java:593)
	at java.base/java.net.SocksSocketImpl.connect(SocksSocketImpl.java:327)
	at java.base/java.net.Socket.connect(Socket.java:633)
	at java.base/java.net.Socket.connect(Socket.java:583)
	at java.base/java.net.Socket.<init>(Socket.java:507)
	at java.base/java.net.Socket.<init>(Socket.java:287)
	at java.rmi/sun.rmi.transport.tcp.TCPDirectSocketFactory.createSocket(TCPDirectSocketFactory.java:40)
	at java.rmi/sun.rmi.transport.tcp.TCPEndpoint.newSocket(TCPEndpoint.java:620)
	... 7 common frames omitted
2024-03-23 11:34:02 [BindAlert] INFO  com.hti.thread.BindAlert -  No Route For DisConnection Alert 
2024-03-23 11:34:02 [HtiQueueLoader] INFO  com.hti.thread.HtiQueueLoader - SmscDownCounter: {0={GW1=23728}}
2024-03-23 11:34:03 [StartSmppServer] ERROR com.hti.thread.StartSmppServer - <--- Error While Communicating User Server ---> 
java.rmi.ConnectException: Connection refused to host: 127.0.0.1; nested exception is: 
	java.net.ConnectException: Connection refused: connect
	at java.rmi/sun.rmi.transport.tcp.TCPEndpoint.newSocket(TCPEndpoint.java:626)
	at java.rmi/sun.rmi.transport.tcp.TCPChannel.createConnection(TCPChannel.java:217)
	at java.rmi/sun.rmi.transport.tcp.TCPChannel.newConnection(TCPChannel.java:204)
	at java.rmi/sun.rmi.server.UnicastRef.newCall(UnicastRef.java:344)
	at java.rmi/sun.rmi.registry.RegistryImpl_Stub.lookup(RegistryImpl_Stub.java:116)
	at com.hti.rmi.UserServiceInvoke.<init>(UserServiceInvoke.java:29)
	at com.hti.thread.StartSmppServer.run(StartSmppServer.java:94)
	at java.base/java.lang.Thread.run(Thread.java:842)
Caused by: java.net.ConnectException: Connection refused: connect
	at java.base/sun.nio.ch.Net.connect0(Native Method)
	at java.base/sun.nio.ch.Net.connect(Net.java:579)
	at java.base/sun.nio.ch.Net.connect(Net.java:568)
	at java.base/sun.nio.ch.NioSocketImpl.connect(NioSocketImpl.java:593)
	at java.base/java.net.SocksSocketImpl.connect(SocksSocketImpl.java:327)
	at java.base/java.net.Socket.connect(Socket.java:633)
	at java.base/java.net.Socket.connect(Socket.java:583)
	at java.base/java.net.Socket.<init>(Socket.java:507)
	at java.base/java.net.Socket.<init>(Socket.java:287)
	at java.rmi/sun.rmi.transport.tcp.TCPDirectSocketFactory.createSocket(TCPDirectSocketFactory.java:40)
	at java.rmi/sun.rmi.transport.tcp.TCPEndpoint.newSocket(TCPEndpoint.java:620)
	... 7 common frames omitted
2024-03-23 11:34:06 [HtiQueueLoader] INFO  com.hti.thread.HtiQueueLoader - SmscDownCounter: {0={GW1=23728}}
2024-03-23 11:34:07 [BindAlert] INFO  com.hti.thread.BindAlert -  No Route For DisConnection Alert 
2024-03-23 11:35:55 [restartedMain] INFO  com.hti.thread.StartSmppServer - User Server Bind Configuration:-> 0.0.0.0:8898
2024-03-23 11:35:55 [restartedMain] INFO  com.hti.database.ConnectionPool - Initializing Connection Pool[1]
2024-03-23 11:35:55 [restartedMain] INFO  com.hti.database.ConnectionPool - Total Database Connections Created[1] : 5
2024-03-23 11:35:55 [restartedMain] INFO  com.hti.database.ConnectionPool - Initializing Connection Pool[2]
2024-03-23 11:35:55 [restartedMain] INFO  com.hti.database.ConnectionPool - Total Database Connections Created[2] : 5
2024-03-23 11:35:56 [restartedMain] INFO  com.hti.thread.StartSmppServer - ******* Marked As Master Client ********
2024-03-23 11:35:56 [restartedMain] INFO  com.hti.thread.StartSmppServer - Checking Records to be deleted From smsc_in
2024-03-23 11:35:57 [restartedMain] INFO  com.hti.thread.StartSmppServer - Records deleted from smsc_in: 0
2024-03-23 11:35:58 [restartedMain] INFO  com.hti.thread.StartSmppServer - Records updated smsc_in:: 0
2024-03-23 11:35:58 [restartedMain] INFO  com.hti.thread.StartSmppServer -  Deleted repeated Numbers dbfile
2024-03-23 11:35:59 [restartedMain] INFO  com.hti.thread.StartSmppServer - Queue Cache:-> Heap: 10 Disk: 5000 Expired: 0
2024-03-23 11:35:59 [restartedMain] INFO  com.hti.thread.StartSmppServer - Response Cache:-> Heap: 10 Disk: 5000 Expired: 10 DlrExpired: 60
2024-03-23 11:35:59 [restartedMain] INFO  com.hti.thread.StartSmppServer - Resend pdu Cache:-> Heap: 10 Disk: 3000 Expired: 60
2024-03-23 11:35:59 [restartedMain] INFO  com.hti.thread.AccumulatorBox - AccumulatorBox Starting
2024-03-23 11:35:59 [restartedMain] INFO  com.hti.thread.HtiQueueLoader - HtiQueueLoader Starting
2024-03-23 11:35:59 [restartedMain] INFO  com.hti.thread.BindAlert - BindAlert Starting
2024-03-23 11:35:59 [restartedMain] INFO  com.hti.thread.SignalRetryProcess - SignalRetryProcess Thread Starting
2024-03-23 11:35:59 [restartedMain] INFO  c.hti.thread.ProcessResponseThread -  ProcessResponseThread Starting 
2024-03-23 11:35:59 [restartedMain] INFO  c.hti.thread.ProcessResponseThread - <- Checking for Response Process Backup File ->
2024-03-23 11:35:59 [ProcessResponseThread] INFO  c.hti.thread.ProcessResponseThread -  ProcessResponseThread Started 
2024-03-23 11:35:59 [restartedMain] INFO  com.hti.thread.DelayedDlrProcess -  DelayedDlrProcess Starting 
2024-03-23 11:35:59 [DelayedDlrProcess] INFO  com.hti.thread.DelayedDlrProcess -  DelayedDlrProcess Started 
2024-03-23 11:35:59 [restartedMain] INFO  c.hti.thread.TrackMismatchedDeliver -  TrackMismatchedDeliver Starting 
2024-03-23 11:35:59 [restartedMain] INFO  c.hti.thread.ProcessRemovedResponse -  ProcessRemovedResponse Thread Starting 
2024-03-23 11:35:59 [ProcessRemovedResponse] INFO  c.hti.thread.ProcessRemovedResponse -  ProcessRemovedResponse Started 
2024-03-23 11:35:59 [restartedMain] INFO  com.hti.thread.RepeatedNumberInsert - RepeatedNumberInsert Thread Starting
2024-03-23 11:35:59 [RepeatedNumberInsert] INFO  com.hti.thread.RepeatedNumberInsert - Checking For Repeated Number to load
2024-03-23 11:35:59 [restartedMain] INFO  com.hti.thread.HtiQueueManager - HtiQueueManager Starting
2024-03-23 11:35:59 [restartedMain] INFO  com.hti.thread.SmscQueueSelection - SmscQueueSelection Thread Starting
2024-03-23 11:35:59 [restartedMain] INFO  com.hti.thread.Report - Report Thread Starting
2024-03-23 11:35:59 [restartedMain] INFO  com.hti.thread.ReportLog - ReportLog Thread Starting
2024-03-23 11:35:59 [restartedMain] INFO  com.hti.thread.MIS - MIS Thread Starting
2024-03-23 11:35:59 [restartedMain] INFO  com.hti.thread.SmscInDeleteThread - SmscInDeleteThread Starting
2024-03-23 11:35:59 [restartedMain] INFO  com.hti.thread.SmscInUpdateThread - SmscInUpdateThread Starting
2024-03-23 11:35:59 [restartedMain] INFO  c.hti.thread.MismatchedDeliverInsert - MismatchedDeliverInsert Starting
2024-03-23 11:35:59 [restartedMain] INFO  c.h.t.DestinationSleepTimeThread - DestinationSleepTimeThread Starting
2024-03-23 11:35:59 [restartedMain] INFO  com.hti.thread.CheckCpuCycle - CheckCpuCycle Starting
2024-03-23 11:35:59 [restartedMain] INFO  com.hti.thread.InsertIntoMappedId - InsertIntoMappedId Starting
2024-03-23 11:35:59 [restartedMain] INFO  com.hti.thread.MappedIdDeletion - MappedId deletion Starting
2024-03-23 11:35:59 [restartedMain] INFO  com.hti.thread.SmscSubmitLog - SmscSubmitLog Thread starting
2024-03-23 11:35:59 [restartedMain] INFO  com.hti.thread.TwoWayDeliverInsert - 2WayDeliverInsert Thread Starting
2024-03-23 11:35:59 [restartedMain] INFO  com.hti.thread.QueuedAlert - QueuedAlert Thread Starting
2024-03-23 11:35:59 [QueuedAlert] INFO  com.hti.thread.QueuedAlert - QueuedAlert Waiting for Duration 3 Minutes 
2024-03-23 11:35:59 [restartedMain] INFO  com.hti.thread.DNDEntryLog - DNDEntryLog Thread starting
2024-03-23 11:35:59 [restartedMain] INFO  com.hti.thread.DeliverLogInsert - DeliverLogInsert Thread Starting 
2024-03-23 11:35:59 [restartedMain] INFO  com.hti.thread.BearerBox - BearerBox Starting
2024-03-23 11:35:59 [RepeatedNumberInsert] INFO  com.hti.thread.RepeatedNumberInsert - Repeated Number Cache: 0
2024-03-23 11:35:59 [RepeatedNumberInsert] INFO  com.hti.thread.RepeatedNumberInsert - Checking For Repeated Number Log Cleanup
2024-03-23 11:35:59 [RepeatedNumberInsert] INFO  com.hti.thread.RepeatedNumberInsert - Repeated Number Groups: []
2024-03-23 11:35:59 [restartedMain] INFO  com.hti.thread.BearerBox - Checking MappedIdQueue Backup
2024-03-23 11:35:59 [restartedMain] INFO  com.hti.thread.BearerBox - MappedIdQueue Check Finished
2024-03-23 11:35:59 [restartedMain] INFO  com.hti.thread.BearerBox - initializing submit_limit Counters
2024-03-23 11:35:59 [restartedMain] INFO  com.hti.thread.BearerBox - SmscSubmitCounter: IMap{name='smsc_submit_count'}
2024-03-23 11:35:59 [restartedMain] INFO  com.hti.thread.BearerBox - Initializing Smsc Wise Response Cache
2024-03-23 11:35:59 [restartedMain] INFO  com.hti.thread.BearerBox - Response Cache Initialized
2024-03-23 11:35:59 [restartedMain] INFO  com.hti.thread.BearerBox - Checking Backup Response Queue
2024-03-23 11:35:59 [restartedMain] INFO  com.hti.thread.BearerBox - <-- Deleted Response backup Directory -->
2024-03-23 11:35:59 [restartedMain] INFO  com.hti.thread.BearerBox - <-- Response backup Directory Created -->
2024-03-23 11:35:59 [restartedMain] INFO  com.hti.thread.BearerBox - Backup Queue Check Finished
2024-03-23 11:35:59 [restartedMain] ERROR com.hti.thread.BearerBox - SpecialGreekEncoding//replacement.txt
java.io.IOException: The system cannot find the path specified
	at com.hti.thread.BearerBox.loadSpecialEncoding(BearerBox.java:225)
	at com.hti.thread.BearerBox.<init>(BearerBox.java:66)
	at com.hti.thread.StartSmppServer.ApplicationStart(StartSmppServer.java:168)
	at com.HostSmppApplication.main(HostSmppApplication.java:60)
	at java.base/jdk.internal.reflect.NativeMethodAccessorImpl.invoke0(Native Method)
	at java.base/jdk.internal.reflect.NativeMethodAccessorImpl.invoke(NativeMethodAccessorImpl.java:77)
	at java.base/jdk.internal.reflect.DelegatingMethodAccessorImpl.invoke(DelegatingMethodAccessorImpl.java:43)
	at java.base/java.lang.reflect.Method.invoke(Method.java:568)
	at org.springframework.boot.devtools.restart.RestartLauncher.run(RestartLauncher.java:50)
2024-03-23 11:35:59 [restartedMain] INFO  com.hti.thread.BearerBox - SpecialEncoding: {}
2024-03-23 11:35:59 [restartedMain] INFO  com.hti.thread.BearerBox - **** Distribution is Disabled ****
2024-03-23 11:35:59 [restartedMain] INFO  com.hti.thread.DLRProcess - DLRProcess Thread Starting
2024-03-23 11:35:59 [restartedMain] INFO  com.hti.thread.DeliverTempInsert - DeliverTempInsert Thread Starting
2024-03-23 11:35:59 [DeliverTempInsert] INFO  com.hti.thread.DeliverTempInsert - Temparary DeliverSM Counter:----> 0
2024-03-23 11:35:59 [DLRProcess] INFO  com.hti.thread.DLRProcess - <------  OMQ Server Connected to submit DLRs ------->
2024-03-23 11:36:02 [restartedMain] INFO  com.hti.dlt.DltFilter - <-- Initializing Dlt Configuration -->
2024-03-23 11:36:02 [restartedMain] INFO  com.hti.dlt.DltFilter - Dlt Active Senders:0
2024-03-23 11:36:02 [restartedMain] INFO  com.hti.dlt.DltFilter - Dlt Active Templates:0
2024-03-23 11:36:02 [restartedMain] INFO  com.hti.thread.BearerBox - Memory Usage[1]:---> 159 MB
2024-03-23 11:36:02 [restartedMain] INFO  com.hti.thread.AlertHandler - AlertHandler Starting
2024-03-23 11:36:02 [restartedMain] INFO  com.hti.thread.AlertHandler - Total Alerts Configured: 0
2024-03-23 11:36:02 [restartedMain] INFO  com.hti.thread.OmqConnection - OmqConnection Thread Starting
2024-03-23 11:36:02 [OmqConnection] INFO  com.hti.thread.OmqConnection - <--- Trying to Connect OMQ Server To Receive PDUs -->
2024-03-23 11:36:02 [restartedMain] INFO  com.hti.thread.OmqReceivedProcess - OmqReceivedProcess Thread Starting
2024-03-23 11:36:02 [restartedMain] INFO  com.hti.thread.SignalWaitProcess - SignalWaitProcess Thread Starting
2024-03-23 11:36:02 [restartedMain] INFO  com.hti.thread.SignalWaitProcess - retry_wait_status Records Found:-> 0 time:0
2024-03-23 11:36:02 [OmqConnection] INFO  com.hti.thread.OMQExceptionListener - OMQExceptionListener Started
2024-03-23 11:36:02 [OmqConnection] INFO  com.hti.thread.QueueListener -  PDU Receiving Queue[1] Listener Started 
2024-03-23 11:36:02 [OmqConnection] INFO  com.hti.thread.OmqConnection - Creating Message Receiving Queue: 1
2024-03-23 11:36:02 [OmqConnection] INFO  com.hti.thread.QueueListener -  PDU Receiving Queue[2] Listener Started 
2024-03-23 11:36:02 [OmqConnection] INFO  com.hti.thread.OmqConnection - Creating Message Receiving Queue: 2
2024-03-23 11:36:02 [OmqConnection] INFO  com.hti.thread.QueueListener -  PDU Receiving Queue[3] Listener Started 
2024-03-23 11:36:02 [OmqConnection] INFO  com.hti.thread.OmqConnection - Creating Message Receiving Queue: 3
2024-03-23 11:36:02 [OmqConnection] INFO  com.hti.thread.QueueListener -  PDU Receiving Queue[4] Listener Started 
2024-03-23 11:36:02 [OmqConnection] INFO  com.hti.thread.OmqConnection - Creating Message Receiving Queue: 4
2024-03-23 11:36:02 [OmqConnection] INFO  com.hti.thread.QueueListener -  PDU Receiving Queue[5] Listener Started 
2024-03-23 11:36:02 [OmqConnection] INFO  com.hti.thread.OmqConnection - Creating Message Receiving Queue: 5
2024-03-23 11:36:02 [OmqConnection] INFO  com.hti.thread.QueueListener -  PDU Receiving Queue[6] Listener Started 
2024-03-23 11:36:02 [OmqConnection] INFO  com.hti.thread.OmqConnection - Creating Message Receiving Queue: 6
2024-03-23 11:36:02 [OmqConnection] INFO  com.hti.thread.OmqConnection - <--- OMQ Server Connected To Receive PDUs -->
2024-03-23 11:36:04 [BindAlert] INFO  com.hti.thread.BindAlert -  No Route For DisConnection Alert 
2024-03-23 11:36:09 [BindAlert] INFO  com.hti.thread.BindAlert -  No Route For DisConnection Alert 
2024-03-23 11:36:12 [restartedMain] INFO  com.hti.thread.AccumulatorBox - Starting QueueLoader
2024-03-23 11:36:14 [BindAlert] INFO  com.hti.thread.BindAlert -  No Route For DisConnection Alert 
2024-03-23 11:36:15 [HtiQueueLoader] INFO  com.hti.thread.HtiQueueLoader -  <-- Queue Load Process on Hold --> 
2024-03-23 11:36:15 [restartedMain] INFO  com.hti.thread.StartSmppServer - RMI Smpp Service Starting on Port:1081
2024-03-23 11:36:15 [restartedMain] INFO  com.hti.thread.StartSmppServer - RMI Smpp Service Started on Port:1081
2024-03-23 11:36:15 [StartSmppServer] ERROR com.hti.thread.StartSmppServer - <--- Error While Communicating User Server ---> 
java.rmi.ConnectException: Connection refused to host: 127.0.0.1; nested exception is: 
	java.net.ConnectException: Connection refused: connect
	at java.rmi/sun.rmi.transport.tcp.TCPEndpoint.newSocket(TCPEndpoint.java:626)
	at java.rmi/sun.rmi.transport.tcp.TCPChannel.createConnection(TCPChannel.java:217)
	at java.rmi/sun.rmi.transport.tcp.TCPChannel.newConnection(TCPChannel.java:204)
	at java.rmi/sun.rmi.server.UnicastRef.newCall(UnicastRef.java:344)
	at java.rmi/sun.rmi.registry.RegistryImpl_Stub.lookup(RegistryImpl_Stub.java:116)
	at com.hti.rmi.UserServiceInvoke.<init>(UserServiceInvoke.java:29)
	at com.hti.thread.StartSmppServer.run(StartSmppServer.java:94)
	at java.base/java.lang.Thread.run(Thread.java:842)
Caused by: java.net.ConnectException: Connection refused: connect
	at java.base/sun.nio.ch.Net.connect0(Native Method)
	at java.base/sun.nio.ch.Net.connect(Net.java:579)
	at java.base/sun.nio.ch.Net.connect(Net.java:568)
	at java.base/sun.nio.ch.NioSocketImpl.connect(NioSocketImpl.java:593)
	at java.base/java.net.SocksSocketImpl.connect(SocksSocketImpl.java:327)
	at java.base/java.net.Socket.connect(Socket.java:633)
	at java.base/java.net.Socket.connect(Socket.java:583)
	at java.base/java.net.Socket.<init>(Socket.java:507)
	at java.base/java.net.Socket.<init>(Socket.java:287)
	at java.rmi/sun.rmi.transport.tcp.TCPDirectSocketFactory.createSocket(TCPDirectSocketFactory.java:40)
	at java.rmi/sun.rmi.transport.tcp.TCPEndpoint.newSocket(TCPEndpoint.java:620)
	... 7 common frames omitted
