2019-05-31 12:21:37 [main] INFO  - FlagReader Thread Starting
2019-05-31 12:21:37 [main] ERROR - setDefault()flag//Application.flag
java.io.FileNotFoundException: flag\Application.flag (The system cannot find the path specified)
	at java.io.FileOutputStream.open(Native Method)
	at java.io.FileOutputStream.<init>(FileOutputStream.java:213)
	at java.io.FileOutputStream.<init>(FileOutputStream.java:101)
	at com.hti.util.FileUtil.setDefault(FileUtil.java:39)
	at com.hti.util.FileUtil.setDefaultFlag(FileUtil.java:32)
	at com.hti.init.FlagReader.<init>(FlagReader.java:24)
	at com.hti.init.StartService.startApplication(StartService.java:54)
	at com.hti.init.StartService.main(StartService.java:45)
2019-05-31 12:21:37 [main] ERROR - setDefault()flag//Network.flag
java.io.FileNotFoundException: flag\Network.flag (The system cannot find the path specified)
	at java.io.FileOutputStream.open(Native Method)
	at java.io.FileOutputStream.<init>(FileOutputStream.java:213)
	at java.io.FileOutputStream.<init>(FileOutputStream.java:101)
	at com.hti.util.FileUtil.setDefault(FileUtil.java:39)
	at com.hti.util.FileUtil.setDefaultFlag(FileUtil.java:32)
	at com.hti.init.FlagReader.<init>(FlagReader.java:25)
	at com.hti.init.StartService.startApplication(StartService.java:54)
	at com.hti.init.StartService.main(StartService.java:45)
2019-05-31 12:21:37 [main] ERROR - setDefault()flag//SMSC.flag
java.io.FileNotFoundException: flag\SMSC.flag (The system cannot find the path specified)
	at java.io.FileOutputStream.open(Native Method)
	at java.io.FileOutputStream.<init>(FileOutputStream.java:213)
	at java.io.FileOutputStream.<init>(FileOutputStream.java:101)
	at com.hti.util.FileUtil.setDefault(FileUtil.java:39)
	at com.hti.util.FileUtil.setDefaultFlag(FileUtil.java:32)
	at com.hti.init.FlagReader.<init>(FlagReader.java:26)
	at com.hti.init.StartService.startApplication(StartService.java:54)
	at com.hti.init.StartService.main(StartService.java:45)
2019-05-31 12:21:37 [main] INFO  - ********* Start Loading Network Entries ************
2019-05-31 12:21:37 [main] INFO  - HHH000412: Hibernate Core {5.2.2.Final}
2019-05-31 12:21:37 [main] INFO  - HHH000206: hibernate.properties not found
2019-05-31 12:21:37 [main] INFO  - HHH000021: Bytecode provider name : javassist
2019-05-31 12:21:37 [main] INFO  - HCANN000001: Hibernate Commons Annotations {5.0.1.Final}
2019-05-31 12:21:38 [main] INFO  - HHH000400: Using dialect: org.hibernate.dialect.MySQLDialect
2019-05-31 12:21:39 [main] WARN  - HHH90000022: Hibernate's legacy org.hibernate.Criteria API is deprecated; use the JPA javax.persistence.criteria.CriteriaQuery instead
2019-05-31 12:21:48 [main] INFO  - NetworkEntries: 1419
2019-05-31 12:21:48 [main] INFO  - PrefixMapping: 203612
2019-05-31 12:21:48 [main] INFO  - NncMapping: 1394
2019-05-31 12:21:48 [main] INFO  - MccMapping: 222
2019-05-31 12:21:48 [main] INFO  - ********* End Loading Network Entries **************
2019-05-31 12:21:48 [main] INFO  - ********* Start Loading Smsc Configuration **************
2019-05-31 12:21:48 [main] WARN  - HHH90000022: Hibernate's legacy org.hibernate.Criteria API is deprecated; use the JPA javax.persistence.criteria.CriteriaQuery instead
2019-05-31 12:21:49 [main] INFO  - SmscEntries: 5
2019-05-31 12:21:49 [main] INFO  - ******** End Loading Smsc Configuration *****************
2019-05-31 12:21:49 [main] INFO  - File Not Found :flag//DGM.flag
2019-05-31 12:21:49 [main] INFO  - Creating File :flag//DGM.flag
2019-05-31 12:21:49 [main] ERROR - setDefault()flag//DGM.flag
java.io.FileNotFoundException: flag\DGM.flag (The system cannot find the path specified)
	at java.io.FileOutputStream.open(Native Method)
	at java.io.FileOutputStream.<init>(FileOutputStream.java:213)
	at java.io.FileOutputStream.<init>(FileOutputStream.java:101)
	at com.hti.util.FileUtil.setDefault(FileUtil.java:39)
	at com.hti.util.FileUtil.setDefaultFlag(FileUtil.java:32)
	at com.hti.util.FileUtil.readFlag(FileUtil.java:23)
	at com.hti.init.FlagReader.<init>(FlagReader.java:29)
	at com.hti.init.StartService.startApplication(StartService.java:54)
	at com.hti.init.StartService.main(StartService.java:45)
2019-05-31 12:21:49 [main] INFO  - ********** Start loading Smsc Grouping ******************
2019-05-31 12:21:49 [main] WARN  - HHH90000022: Hibernate's legacy org.hibernate.Criteria API is deprecated; use the JPA javax.persistence.criteria.CriteriaQuery instead
2019-05-31 12:21:49 [main] INFO  - SmscGrouping: [SmscGroupMember: id=3,groupId=1,smscId=2,percent=50, SmscGroupMember: id=2,groupId=1,smscId=4,percent=10, SmscGroupMember: id=1,groupId=1,smscId=1,percent=40]
2019-05-31 12:21:49 [main] INFO  - ************ End loading Smsc Grouping *******************
2019-05-31 12:21:49 [main] ERROR - setDefault()flag//DGM.flag
java.io.FileNotFoundException: flag\DGM.flag (The system cannot find the path specified)
	at java.io.FileOutputStream.open(Native Method)
	at java.io.FileOutputStream.<init>(FileOutputStream.java:213)
	at java.io.FileOutputStream.<init>(FileOutputStream.java:101)
	at com.hti.util.FileUtil.setDefault(FileUtil.java:39)
	at com.hti.util.FileUtil.setDefaultFlag(FileUtil.java:32)
	at com.hti.init.FlagReader.<init>(FlagReader.java:34)
	at com.hti.init.StartService.startApplication(StartService.java:54)
	at com.hti.init.StartService.main(StartService.java:45)
2019-05-31 12:21:49 [FlagReader] INFO  - File Not Found :flag//Application.flag
2019-05-31 12:21:49 [FlagReader] INFO  - Creating File :flag//Application.flag
2019-05-31 12:21:49 [FlagReader] ERROR - setDefault()flag//Application.flag
java.io.FileNotFoundException: flag\Application.flag (The system cannot find the path specified)
	at java.io.FileOutputStream.open(Native Method)
	at java.io.FileOutputStream.<init>(FileOutputStream.java:213)
	at java.io.FileOutputStream.<init>(FileOutputStream.java:101)
	at com.hti.util.FileUtil.setDefault(FileUtil.java:39)
	at com.hti.util.FileUtil.setDefaultFlag(FileUtil.java:32)
	at com.hti.util.FileUtil.readFlag(FileUtil.java:23)
	at com.hti.init.FlagReader.run(FlagReader.java:42)
	at java.lang.Thread.run(Thread.java:745)
2019-05-31 12:21:49 [FlagReader] INFO  - File Not Found :flag//Network.flag
2019-05-31 12:21:49 [FlagReader] INFO  - Creating File :flag//Network.flag
2019-05-31 12:21:49 [FlagReader] ERROR - setDefault()flag//Network.flag
java.io.FileNotFoundException: flag\Network.flag (The system cannot find the path specified)
	at java.io.FileOutputStream.open(Native Method)
	at java.io.FileOutputStream.<init>(FileOutputStream.java:213)
	at java.io.FileOutputStream.<init>(FileOutputStream.java:101)
	at com.hti.util.FileUtil.setDefault(FileUtil.java:39)
	at com.hti.util.FileUtil.setDefaultFlag(FileUtil.java:32)
	at com.hti.util.FileUtil.readFlag(FileUtil.java:23)
	at com.hti.init.FlagReader.run(FlagReader.java:47)
	at java.lang.Thread.run(Thread.java:745)
2019-05-31 12:21:49 [FlagReader] INFO  - File Not Found :flag//SMSC.flag
2019-05-31 12:21:49 [FlagReader] INFO  - Creating File :flag//SMSC.flag
2019-05-31 12:21:49 [FlagReader] ERROR - setDefault()flag//SMSC.flag
java.io.FileNotFoundException: flag\SMSC.flag (The system cannot find the path specified)
	at java.io.FileOutputStream.open(Native Method)
	at java.io.FileOutputStream.<init>(FileOutputStream.java:213)
	at java.io.FileOutputStream.<init>(FileOutputStream.java:101)
	at com.hti.util.FileUtil.setDefault(FileUtil.java:39)
	at com.hti.util.FileUtil.setDefaultFlag(FileUtil.java:32)
	at com.hti.util.FileUtil.readFlag(FileUtil.java:23)
	at com.hti.init.FlagReader.run(FlagReader.java:52)
	at java.lang.Thread.run(Thread.java:745)
2019-05-31 12:21:49 [FlagReader] INFO  - File Not Found :flag//DGM.flag
2019-05-31 12:21:49 [FlagReader] INFO  - Creating File :flag//DGM.flag
2019-05-31 12:21:49 [FlagReader] ERROR - setDefault()flag//DGM.flag
java.io.FileNotFoundException: flag\DGM.flag (The system cannot find the path specified)
	at java.io.FileOutputStream.open(Native Method)
	at java.io.FileOutputStream.<init>(FileOutputStream.java:213)
	at java.io.FileOutputStream.<init>(FileOutputStream.java:101)
	at com.hti.util.FileUtil.setDefault(FileUtil.java:39)
	at com.hti.util.FileUtil.setDefaultFlag(FileUtil.java:32)
	at com.hti.util.FileUtil.readFlag(FileUtil.java:23)
	at com.hti.init.FlagReader.run(FlagReader.java:57)
	at java.lang.Thread.run(Thread.java:745)
2019-05-31 12:21:50 [FlagReader] INFO  - File Not Found :flag//Application.flag
2019-05-31 12:21:50 [FlagReader] INFO  - Creating File :flag//Application.flag
2019-05-31 12:21:50 [FlagReader] ERROR - setDefault()flag//Application.flag
java.io.FileNotFoundException: flag\Application.flag (The system cannot find the path specified)
	at java.io.FileOutputStream.open(Native Method)
	at java.io.FileOutputStream.<init>(FileOutputStream.java:213)
	at java.io.FileOutputStream.<init>(FileOutputStream.java:101)
	at com.hti.util.FileUtil.setDefault(FileUtil.java:39)
	at com.hti.util.FileUtil.setDefaultFlag(FileUtil.java:32)
	at com.hti.util.FileUtil.readFlag(FileUtil.java:23)
	at com.hti.init.FlagReader.run(FlagReader.java:42)
	at java.lang.Thread.run(Thread.java:745)
2019-05-31 12:21:50 [FlagReader] INFO  - File Not Found :flag//Network.flag
2019-05-31 12:21:50 [FlagReader] INFO  - Creating File :flag//Network.flag
2019-05-31 12:21:50 [FlagReader] ERROR - setDefault()flag//Network.flag
java.io.FileNotFoundException: flag\Network.flag (The system cannot find the path specified)
	at java.io.FileOutputStream.open(Native Method)
	at java.io.FileOutputStream.<init>(FileOutputStream.java:213)
	at java.io.FileOutputStream.<init>(FileOutputStream.java:101)
	at com.hti.util.FileUtil.setDefault(FileUtil.java:39)
	at com.hti.util.FileUtil.setDefaultFlag(FileUtil.java:32)
	at com.hti.util.FileUtil.readFlag(FileUtil.java:23)
	at com.hti.init.FlagReader.run(FlagReader.java:47)
	at java.lang.Thread.run(Thread.java:745)
2019-05-31 12:21:50 [FlagReader] INFO  - File Not Found :flag//SMSC.flag
2019-05-31 12:21:50 [FlagReader] INFO  - Creating File :flag//SMSC.flag
2019-05-31 12:21:50 [FlagReader] ERROR - setDefault()flag//SMSC.flag
java.io.FileNotFoundException: flag\SMSC.flag (The system cannot find the path specified)
	at java.io.FileOutputStream.open(Native Method)
	at java.io.FileOutputStream.<init>(FileOutputStream.java:213)
	at java.io.FileOutputStream.<init>(FileOutputStream.java:101)
	at com.hti.util.FileUtil.setDefault(FileUtil.java:39)
	at com.hti.util.FileUtil.setDefaultFlag(FileUtil.java:32)
	at com.hti.util.FileUtil.readFlag(FileUtil.java:23)
	at com.hti.init.FlagReader.run(FlagReader.java:52)
	at java.lang.Thread.run(Thread.java:745)
2019-05-31 12:21:50 [FlagReader] INFO  - File Not Found :flag//DGM.flag
2019-05-31 12:21:50 [FlagReader] INFO  - Creating File :flag//DGM.flag
2019-05-31 12:21:50 [FlagReader] ERROR - setDefault()flag//DGM.flag
java.io.FileNotFoundException: flag\DGM.flag (The system cannot find the path specified)
	at java.io.FileOutputStream.open(Native Method)
	at java.io.FileOutputStream.<init>(FileOutputStream.java:213)
	at java.io.FileOutputStream.<init>(FileOutputStream.java:101)
	at com.hti.util.FileUtil.setDefault(FileUtil.java:39)
	at com.hti.util.FileUtil.setDefaultFlag(FileUtil.java:32)
	at com.hti.util.FileUtil.readFlag(FileUtil.java:23)
	at com.hti.init.FlagReader.run(FlagReader.java:57)
	at java.lang.Thread.run(Thread.java:745)
2019-05-31 12:21:51 [FlagReader] INFO  - File Not Found :flag//Application.flag
2019-05-31 12:21:51 [FlagReader] INFO  - Creating File :flag//Application.flag
2019-05-31 12:21:51 [FlagReader] ERROR - setDefault()flag//Application.flag
java.io.FileNotFoundException: flag\Application.flag (The system cannot find the path specified)
	at java.io.FileOutputStream.open(Native Method)
	at java.io.FileOutputStream.<init>(FileOutputStream.java:213)
	at java.io.FileOutputStream.<init>(FileOutputStream.java:101)
	at com.hti.util.FileUtil.setDefault(FileUtil.java:39)
	at com.hti.util.FileUtil.setDefaultFlag(FileUtil.java:32)
	at com.hti.util.FileUtil.readFlag(FileUtil.java:23)
	at com.hti.init.FlagReader.run(FlagReader.java:42)
	at java.lang.Thread.run(Thread.java:745)
2019-05-31 12:21:51 [FlagReader] INFO  - File Not Found :flag//Network.flag
2019-05-31 12:21:51 [FlagReader] INFO  - Creating File :flag//Network.flag
2019-05-31 12:21:51 [FlagReader] ERROR - setDefault()flag//Network.flag
java.io.FileNotFoundException: flag\Network.flag (The system cannot find the path specified)
	at java.io.FileOutputStream.open(Native Method)
	at java.io.FileOutputStream.<init>(FileOutputStream.java:213)
	at java.io.FileOutputStream.<init>(FileOutputStream.java:101)
	at com.hti.util.FileUtil.setDefault(FileUtil.java:39)
	at com.hti.util.FileUtil.setDefaultFlag(FileUtil.java:32)
	at com.hti.util.FileUtil.readFlag(FileUtil.java:23)
	at com.hti.init.FlagReader.run(FlagReader.java:47)
	at java.lang.Thread.run(Thread.java:745)
2019-05-31 12:21:51 [FlagReader] INFO  - File Not Found :flag//SMSC.flag
2019-05-31 12:21:51 [FlagReader] INFO  - Creating File :flag//SMSC.flag
2019-05-31 12:21:51 [FlagReader] ERROR - setDefault()flag//SMSC.flag
java.io.FileNotFoundException: flag\SMSC.flag (The system cannot find the path specified)
	at java.io.FileOutputStream.open(Native Method)
	at java.io.FileOutputStream.<init>(FileOutputStream.java:213)
	at java.io.FileOutputStream.<init>(FileOutputStream.java:101)
	at com.hti.util.FileUtil.setDefault(FileUtil.java:39)
	at com.hti.util.FileUtil.setDefaultFlag(FileUtil.java:32)
	at com.hti.util.FileUtil.readFlag(FileUtil.java:23)
	at com.hti.init.FlagReader.run(FlagReader.java:52)
	at java.lang.Thread.run(Thread.java:745)
2019-05-31 12:21:51 [FlagReader] INFO  - File Not Found :flag//DGM.flag
2019-05-31 12:21:51 [FlagReader] INFO  - Creating File :flag//DGM.flag
2019-05-31 12:21:51 [FlagReader] ERROR - setDefault()flag//DGM.flag
java.io.FileNotFoundException: flag\DGM.flag (The system cannot find the path specified)
	at java.io.FileOutputStream.open(Native Method)
	at java.io.FileOutputStream.<init>(FileOutputStream.java:213)
	at java.io.FileOutputStream.<init>(FileOutputStream.java:101)
	at com.hti.util.FileUtil.setDefault(FileUtil.java:39)
	at com.hti.util.FileUtil.setDefaultFlag(FileUtil.java:32)
	at com.hti.util.FileUtil.readFlag(FileUtil.java:23)
	at com.hti.init.FlagReader.run(FlagReader.java:57)
	at java.lang.Thread.run(Thread.java:745)
2019-05-31 15:31:41 [main] INFO  - hazelInstance: null
2019-05-31 15:31:41 [main] INFO  - Creating new instance
