2024-03-11 13:17:32:529 com.hti.thread.SmOptParamInsert - SmOptParamInsert Thread Starting
2024-03-11 13:17:32:531 com.hti.thread.SmscIn - SmscIn Thread Starting
2024-03-11 13:17:32:543 com.hti.thread.SmscInTemp - SmscInTemp Thread Starting
2024-03-11 13:17:32:544 com.hti.thread.SmscInBackup - SmscInBackup Thread Starting
2024-03-11 13:17:32:545 com.hti.thread.SmscInLogThread - SmscInLogThread Starting
2024-03-11 13:17:32:546 com.hti.thread.RequestLogInsert - RequestLogInsert Starting
2024-03-11 13:17:32:574 com.hti.thread.SmscInTemp - Total Records Deleted From Temp Smsc_in: 0
2024-03-11 13:31:26:611 com.hti.thread.SmOptParamInsert - SmOptParamInsert Thread Starting
2024-03-11 13:31:26:612 com.hti.thread.SmscIn - SmscIn Thread Starting
2024-03-11 13:31:26:617 com.hti.thread.SmscInTemp - SmscInTemp Thread Starting
2024-03-11 13:31:26:619 com.hti.thread.SmscInBackup - SmscInBackup Thread Starting
2024-03-11 13:31:26:620 com.hti.thread.SmscInLogThread - SmscInLogThread Starting
2024-03-11 13:31:26:620 com.hti.thread.RequestLogInsert - RequestLogInsert Starting
2024-03-11 13:31:26:625 com.hti.thread.SmscInTemp - Total Records Deleted From Temp Smsc_in: 0
2024-03-11 13:41:11:247 com.hti.thread.SmOptParamInsert - SmOptParamInsert Thread Starting
2024-03-11 13:41:11:248 com.hti.thread.SmscIn - SmscIn Thread Starting
2024-03-11 13:41:11:252 com.hti.thread.SmscInTemp - SmscInTemp Thread Starting
2024-03-11 13:41:11:253 com.hti.thread.SmscInBackup - SmscInBackup Thread Starting
2024-03-11 13:41:11:253 com.hti.thread.SmscInLogThread - SmscInLogThread Starting
2024-03-11 13:41:11:254 com.hti.thread.RequestLogInsert - RequestLogInsert Starting
2024-03-11 13:41:11:257 com.hti.thread.SmscInTemp - Total Records Deleted From Temp Smsc_in: 0
2024-03-11 13:41:45:415 com.hti.thread.SmOptParamInsert - SmOptParamInsert Thread Starting
2024-03-11 13:41:45:416 com.hti.thread.SmscIn - SmscIn Thread Starting
2024-03-11 13:41:45:420 com.hti.thread.SmscInTemp - SmscInTemp Thread Starting
2024-03-11 13:41:45:421 com.hti.thread.SmscInBackup - SmscInBackup Thread Starting
2024-03-11 13:41:45:421 com.hti.thread.SmscInLogThread - SmscInLogThread Starting
2024-03-11 13:41:45:422 com.hti.thread.RequestLogInsert - RequestLogInsert Starting
2024-03-11 13:41:45:425 com.hti.thread.SmscInTemp - Total Records Deleted From Temp Smsc_in: 0
2024-03-11 13:43:54:855 com.hti.thread.SmOptParamInsert - SmOptParamInsert Thread Starting
2024-03-11 13:43:54:856 com.hti.thread.SmscIn - SmscIn Thread Starting
2024-03-11 13:43:54:869 com.hti.thread.SmscInTemp - SmscInTemp Thread Starting
2024-03-11 13:43:54:870 com.hti.thread.SmscInBackup - SmscInBackup Thread Starting
2024-03-11 13:43:54:871 com.hti.thread.SmscInLogThread - SmscInLogThread Starting
2024-03-11 13:43:54:872 com.hti.thread.RequestLogInsert - RequestLogInsert Starting
2024-03-11 13:43:54:878 com.hti.thread.SmscInTemp - Total Records Deleted From Temp Smsc_in: 0
2024-03-11 13:45:21:356 com.hti.thread.SmOptParamInsert - SmOptParamInsert Thread Starting
2024-03-11 13:45:21:358 com.hti.thread.SmscIn - SmscIn Thread Starting
2024-03-11 13:45:21:364 com.hti.thread.SmscInTemp - SmscInTemp Thread Starting
2024-03-11 13:45:21:365 com.hti.thread.SmscInBackup - SmscInBackup Thread Starting
2024-03-11 13:45:21:367 com.hti.thread.SmscInLogThread - SmscInLogThread Starting
2024-03-11 13:45:21:368 com.hti.thread.RequestLogInsert - RequestLogInsert Starting
2024-03-11 13:45:21:374 com.hti.thread.SmscInTemp - Total Records Deleted From Temp Smsc_in: 0
2024-03-11 13:46:58:550 com.hti.thread.SmOptParamInsert - SmOptParamInsert Thread Starting
2024-03-11 13:46:58:551 com.hti.thread.SmscIn - SmscIn Thread Starting
2024-03-11 13:46:58:558 com.hti.thread.SmscInTemp - SmscInTemp Thread Starting
2024-03-11 13:46:58:559 com.hti.thread.SmscInBackup - SmscInBackup Thread Starting
2024-03-11 13:46:58:561 com.hti.thread.SmscInLogThread - SmscInLogThread Starting
2024-03-11 13:46:58:563 com.hti.thread.RequestLogInsert - RequestLogInsert Starting
2024-03-11 13:46:58:567 com.hti.thread.SmscInTemp - Total Records Deleted From Temp Smsc_in: 0
2024-03-11 13:48:07:140 com.hti.thread.SmOptParamInsert - SmOptParamInsert Thread Starting
2024-03-11 13:48:07:142 com.hti.thread.SmscIn - SmscIn Thread Starting
2024-03-11 13:48:07:151 com.hti.thread.SmscInTemp - SmscInTemp Thread Starting
2024-03-11 13:48:07:153 com.hti.thread.SmscInBackup - SmscInBackup Thread Starting
2024-03-11 13:48:07:155 com.hti.thread.SmscInLogThread - SmscInLogThread Starting
2024-03-11 13:48:07:155 com.hti.thread.SmscInTemp - Total Records Deleted From Temp Smsc_in: 0
2024-03-11 13:48:07:156 com.hti.thread.RequestLogInsert - RequestLogInsert Starting
2024-03-11 13:48:20:329 com.hti.thread.SmOptParamInsert - SmOptParamInsert Thread Starting
2024-03-11 13:48:20:330 com.hti.thread.SmscIn - SmscIn Thread Starting
2024-03-11 13:48:20:335 com.hti.thread.SmscInTemp - SmscInTemp Thread Starting
2024-03-11 13:48:20:336 com.hti.thread.SmscInBackup - SmscInBackup Thread Starting
2024-03-11 13:48:20:337 com.hti.thread.SmscInLogThread - SmscInLogThread Starting
2024-03-11 13:48:20:337 com.hti.thread.SmscInTemp - Total Records Deleted From Temp Smsc_in: 0
2024-03-11 13:48:20:338 com.hti.thread.RequestLogInsert - RequestLogInsert Starting
2024-03-11 13:49:59:169 com.hti.thread.SmOptParamInsert - SmOptParamInsert Thread Starting
2024-03-11 13:49:59:170 com.hti.thread.SmscIn - SmscIn Thread Starting
2024-03-11 13:49:59:176 com.hti.thread.SmscInTemp - SmscInTemp Thread Starting
2024-03-11 13:49:59:177 com.hti.thread.SmscInBackup - SmscInBackup Thread Starting
2024-03-11 13:49:59:178 com.hti.thread.SmscInLogThread - SmscInLogThread Starting
2024-03-11 13:49:59:179 com.hti.thread.RequestLogInsert - RequestLogInsert Starting
2024-03-11 13:49:59:184 com.hti.thread.SmscInTemp - Total Records Deleted From Temp Smsc_in: 0
2024-03-11 13:56:15:384 com.hti.thread.SmOptParamInsert - SmOptParamInsert Thread Starting
2024-03-11 13:56:15:386 com.hti.thread.SmscIn - SmscIn Thread Starting
2024-03-11 13:56:15:391 com.hti.thread.SmscInTemp - SmscInTemp Thread Starting
2024-03-11 13:56:15:392 com.hti.thread.SmscInBackup - SmscInBackup Thread Starting
2024-03-11 13:56:15:393 com.hti.thread.SmscInLogThread - SmscInLogThread Starting
2024-03-11 13:56:15:394 com.hti.thread.RequestLogInsert - RequestLogInsert Starting
2024-03-11 13:56:15:400 com.hti.thread.SmscInTemp - Total Records Deleted From Temp Smsc_in: 0
2024-03-11 13:58:46:370 com.hti.thread.SmOptParamInsert - SmOptParamInsert Thread Starting
2024-03-11 13:58:46:372 com.hti.thread.SmscIn - SmscIn Thread Starting
2024-03-11 13:58:46:381 com.hti.thread.SmscInTemp - SmscInTemp Thread Starting
2024-03-11 13:58:46:382 com.hti.thread.SmscInBackup - SmscInBackup Thread Starting
2024-03-11 13:58:46:384 com.hti.thread.SmscInLogThread - SmscInLogThread Starting
2024-03-11 13:58:46:385 com.hti.thread.RequestLogInsert - RequestLogInsert Starting
2024-03-11 13:58:46:391 com.hti.thread.SmscInTemp - Total Records Deleted From Temp Smsc_in: 0
2024-03-11 14:01:08:236 com.hti.thread.SmOptParamInsert - SmOptParamInsert Thread Starting
2024-03-11 14:01:08:237 com.hti.thread.SmscIn - SmscIn Thread Starting
2024-03-11 14:01:08:243 com.hti.thread.SmscInTemp - SmscInTemp Thread Starting
2024-03-11 14:01:08:244 com.hti.thread.SmscInBackup - SmscInBackup Thread Starting
2024-03-11 14:01:08:245 com.hti.thread.SmscInLogThread - SmscInLogThread Starting
2024-03-11 14:01:08:246 com.hti.thread.RequestLogInsert - RequestLogInsert Starting
2024-03-11 14:01:08:253 com.hti.thread.SmscInTemp - Total Records Deleted From Temp Smsc_in: 0
