2024-03-29 09:53:49 [main] INFO  - [LOCAL] [dev] [5.3.6] Interfaces is enabled, trying to pick one address matching to one of: [127.0.0.1, *.*.*.*]
2024-03-29 09:53:49 [main] WARN  - [LOCAL] [dev] [5.3.6] Ignoring TCP_KEEPCOUNT. It seems your JDK does not support jdk.net.ExtendedSocketOptions on this OS. Try upgrading to the latest JDK or check with your JDK vendor.Alternatively, on Linux, configure tcp_keepalive_probes in the kernel (affecting default keep-alive configuration for all sockets): For more info see https://tldp.org/HOWTO/html_single/TCP-Keepalive-HOWTO/. If this isn't dealt with, idle connections could be closed prematurely.
2024-03-29 09:53:49 [main] WARN  - [LOCAL] [dev] [5.3.6] Ignoring TCP_KEEPIDLE. It seems your JDK does not support jdk.net.ExtendedSocketOptions on this OS. Try upgrading to the latest JDK or check with your JDK vendor.Alternatively, on Linux, configure tcp_keepalive_time in the kernel (affecting default keep-alive configuration for all sockets): For more info see https://tldp.org/HOWTO/html_single/TCP-Keepalive-HOWTO/. If this isn't dealt with, idle connections could be closed prematurely.
2024-03-29 09:53:49 [main] WARN  - [LOCAL] [dev] [5.3.6] Ignoring TCP_KEEPINTERVAL. It seems your JDK does not support jdk.net.ExtendedSocketOptions on this OS. Try upgrading to the latest JDK or check with your JDK vendor.Alternatively, on Linux, configure tcp_keepalive_intvl in the kernel (affecting default keep-alive configuration for all sockets): For more info see https://tldp.org/HOWTO/html_single/TCP-Keepalive-HOWTO/. If this isn't dealt with, idle connections could be closed prematurely.
2024-03-29 09:53:49 [main] INFO  - [127.0.0.1]:5701 [dev] [5.3.6] 
	+       +  o    o     o     o---o o----o o      o---o     o     o----o o--o--o
	+ +   + +  |    |    / \       /  |      |     /         / \    |         |   
	+ + + + +  o----o   o   o     o   o----o |    o         o   o   o----o    |   
	+ +   + +  |    |  /     \   /    |      |     \       /     \       |    |   
	+       +  o    o o       o o---o o----o o----o o---o o       o o----o    o   
2024-03-29 09:53:49 [main] INFO  - [127.0.0.1]:5701 [dev] [5.3.6] Copyright (c) 2008-2023, Hazelcast, Inc. All Rights Reserved.
2024-03-29 09:53:49 [main] INFO  - [127.0.0.1]:5701 [dev] [5.3.6] Hazelcast Platform 5.3.6 (20231109 - 9903dc9) starting at [127.0.0.1]:5701
2024-03-29 09:53:49 [main] INFO  - [127.0.0.1]:5701 [dev] [5.3.6] Cluster name: dev
2024-03-29 09:53:49 [main] INFO  - [127.0.0.1]:5701 [dev] [5.3.6] Integrity Checker is disabled. Fail-fast on corrupted executables will not be performed. For more information, see the documentation for Integrity Checker.
2024-03-29 09:53:49 [main] INFO  - [127.0.0.1]:5701 [dev] [5.3.6] The Jet engine is disabled.
To enable the Jet engine on the members, do one of the following:
  - Change member config using Java API: config.getJetConfig().setEnabled(true)
  - Change XML/YAML configuration property: Set hazelcast.jet.enabled to true
  - Add system property: -Dhz.jet.enabled=true (for Hazelcast embedded, works only when loading config via Config.load)
  - Add environment variable: HZ_JET_ENABLED=true (recommended when running container image. For Hazelcast embedded, works only when loading config via Config.load)
2024-03-29 09:53:49 [main] INFO  - [127.0.0.1]:5701 [dev] [5.3.6] TPC: disabled
2024-03-29 09:53:49 [main] INFO  - [127.0.0.1]:5701 [dev] [5.3.6] Enable DEBUG/FINE log level for log category com.hazelcast.system.security  or use -Dhazelcast.security.recommendations system property to see security recommendations and the status of current config.
2024-03-29 09:53:49 [main] INFO  - [127.0.0.1]:5701 [dev] [5.3.6] Using TCP/IP discovery
2024-03-29 09:53:49 [main] WARN  - [127.0.0.1]:5701 [dev] [5.3.6] CP Subsystem is not enabled. CP data structures will operate in UNSAFE mode! Please note that UNSAFE mode will not provide strong consistency guarantees.
2024-03-29 09:53:50 [main] INFO  - [127.0.0.1]:5701 [dev] [5.3.6] Diagnostics disabled. To enable add -Dhazelcast.diagnostics.enabled=true to the JVM arguments.
2024-03-29 09:53:50 [main] INFO  - [127.0.0.1]:5701 [dev] [5.3.6] [127.0.0.1]:5701 is STARTING
2024-03-29 09:53:50 [main] INFO  - [127.0.0.1]:5701 [dev] [5.3.6] 

Members {size:1, ver:1} [
	Member [127.0.0.1]:5701 - f1193f81-1d62-4a21-98a0-a0e869a875d5 this
]

2024-03-29 09:53:50 [main] INFO  - [127.0.0.1]:5701 [dev] [5.3.6] [127.0.0.1]:5701 is STARTED
2024-03-29 09:53:50 [main] INFO  - HHH000412: Hibernate Core {5.2.2.Final}
2024-03-29 09:53:50 [main] INFO  - HHH000206: hibernate.properties not found
2024-03-29 09:53:50 [main] INFO  - HHH000021: Bytecode provider name : javassist
2024-03-29 09:53:50 [main] INFO  - HCANN000001: Hibernate Commons Annotations {5.0.1.Final}
2024-03-29 09:53:51 [main] INFO  - HHH000400: Using dialect: org.hibernate.dialect.MySQLDialect
2024-03-29 09:53:51 [main] INFO  - Initializing Connection Pool
2024-03-29 09:53:51 [main] INFO  - jdbc:mysql://localhost:3306/host_brd?autoReconnect=true&useSSL=false&useLegacyDatetimeCode=false&serverTimezone=UTC[com.mysql.cj.jdbc.Driver] User: root Pass: root
2024-03-29 09:53:51 [main] INFO  - Total Connection Stored: 10
2024-03-29 09:53:51 [main] INFO  - ********** Start loading Smsc Schedule ******************
2024-03-29 09:53:51 [main] INFO  - SmscSchedule: {}
2024-03-29 09:53:52 [main] INFO  - FlagReader Thread Starting
2024-03-29 09:53:52 [main] INFO  - ********* Start Loading Network Entries ************
2024-03-29 09:53:52 [main] ERROR - Network[1] Invalid Number Length Range: 0,10
2024-03-29 09:53:52 [main] ERROR - Network[2] Invalid Number Length Range: 10,9
2024-03-29 09:53:52 [main] ERROR - Network[3] Invalid Number Length Range: 10,10
2024-03-29 09:53:52 [main] INFO  - [127.0.0.1]:5701 [dev] [5.3.6] Initializing cluster partition table arrangement...
2024-03-29 09:53:52 [main] INFO  - NetworkEntries: 1392
2024-03-29 09:53:52 [main] INFO  - ********* End Loading Network Entries **************
2024-03-29 09:53:52 [main] INFO  - ********* Start Loading Smsc Configuration **************
2024-03-29 09:53:52 [main] INFO  - SmscEntries: 11
2024-03-29 09:53:52 [main] INFO  - ******** End Loading Smsc Configuration *****************
2024-03-29 09:53:52 [main] INFO  - ********** Start loading Smsc Group ******************
2024-03-29 09:53:52 [main] INFO  - SmscGroup: [SmscGroup: id=1,name=DEFAULT,remarks=default]
2024-03-29 09:53:52 [main] INFO  - ************ End loading Smsc Group *******************
2024-03-29 09:53:52 [main] INFO  - ********** Start loading Smsc Group Member ******************
2024-03-29 09:53:52 [main] INFO  - SmscGroupMember: []
2024-03-29 09:53:52 [main] INFO  - ************ End loading Smsc Group Member *******************
2024-03-29 09:53:52 [main] INFO  - **** Start Loading User Configuration ********
2024-03-29 09:53:52 [main] ERROR - null DecodeError: java.lang.NullPointerException: Cannot invoke "String.trim()" because "arg0" is null
2024-03-29 09:53:52 [main] ERROR - null DecodeError: java.lang.NullPointerException: Cannot invoke "String.trim()" because "arg0" is null
2024-03-29 09:53:52 [main] INFO  - User Entries: 12
2024-03-29 09:53:52 [main] INFO  - Balance Entries: 12
2024-03-29 09:53:52 [main] INFO  - User Mapping: 12
2024-03-29 09:53:52 [main] INFO  - WebMaster Entries: 12
2024-03-29 09:53:52 [main] INFO  - Profession Entries: 12
2024-03-29 09:53:52 [main] INFO  - DlrSetting Entries: 12
2024-03-29 09:53:52 [main] INFO  - ***** End Loading User Configuration **********
2024-03-29 09:53:52 [main] INFO  -  ******* Start Loading Routing *********** 
2024-03-29 09:53:52 [main] INFO  - <--- listing Basic routing --> 
2024-03-29 09:53:52 [main] INFO  - <--- End listing Basic routing[208] --> 
2024-03-29 09:53:52 [main] INFO  - <--- listing Optional routing --> 
2024-03-29 09:53:52 [main] INFO  - <--- End listing Optional routing[195] --> 
2024-03-29 09:53:52 [main] INFO  - <--- listing Hlr routing --> 
2024-03-29 09:53:53 [main] INFO  - <--- End listing Hlr routing[195] --> 
2024-03-29 09:53:53 [main] INFO  - <--- listing Mms routing --> 
2024-03-29 09:53:53 [main] INFO  - <--- End listing Mms routing[195] --> 
2024-03-29 09:53:53 [main] INFO  - Basic Routing Entries: 195
2024-03-29 09:53:53 [main] INFO  - Hlr Routing Entries: 195
2024-03-29 09:53:53 [main] INFO  - Optional Routing Entries: 195
2024-03-29 09:53:53 [main] INFO  - Mms Routing Entries: 195
2024-03-29 09:53:53 [main] INFO  - ********** End Loading Routing *********** 
2024-03-29 09:53:53 [main] INFO  - BearerBox Starting
2024-03-29 09:53:53 [Thread-1] INFO  - ****** Reloading Smsc Scheduling ****** 
2024-03-29 09:53:53 [Thread-1] INFO  - Today's SmscScheduling: {}
2024-03-29 09:53:53 [main] INFO  - BalanceOperator Starting
2024-03-29 09:53:53 [main] INFO  - CheckCpuCycle Starting
2024-03-29 09:54:53 [checkCpuCycle] INFO  - Memory Used:---> 56 MB. Max Available: 1982 MB
2024-03-29 09:55:53 [checkCpuCycle] INFO  - Memory Used:---> 64 MB. Max Available: 1982 MB
2024-03-29 09:56:53 [checkCpuCycle] INFO  - Memory Used:---> 67 MB. Max Available: 1982 MB
2024-03-29 09:57:53 [checkCpuCycle] INFO  - Memory Used:---> 65 MB. Max Available: 1982 MB
2024-03-29 09:58:53 [checkCpuCycle] INFO  - Memory Used:---> 58 MB. Max Available: 1982 MB
2024-03-29 09:59:53 [checkCpuCycle] INFO  - Memory Used:---> 50 MB. Max Available: 1982 MB
2024-03-29 10:00:53 [checkCpuCycle] INFO  - Memory Used:---> 70 MB. Max Available: 1982 MB
2024-03-29 10:01:53 [checkCpuCycle] INFO  - Memory Used:---> 62 MB. Max Available: 1982 MB
2024-03-29 10:02:53 [checkCpuCycle] INFO  - Memory Used:---> 49 MB. Max Available: 1982 MB
2024-03-29 10:03:53 [checkCpuCycle] INFO  - Memory Used:---> 68 MB. Max Available: 1982 MB
2024-03-29 10:04:53 [checkCpuCycle] INFO  - Memory Used:---> 57 MB. Max Available: 1982 MB
2024-03-29 10:05:53 [checkCpuCycle] INFO  - Memory Used:---> 44 MB. Max Available: 1982 MB
2024-03-29 10:06:53 [checkCpuCycle] INFO  - Memory Used:---> 63 MB. Max Available: 1982 MB
2024-03-29 10:07:53 [checkCpuCycle] INFO  - Memory Used:---> 50 MB. Max Available: 1982 MB
2024-03-29 10:08:53 [checkCpuCycle] INFO  - Memory Used:---> 69 MB. Max Available: 1982 MB
2024-03-29 10:09:53 [checkCpuCycle] INFO  - Memory Used:---> 56 MB. Max Available: 1982 MB
2024-03-29 10:10:53 [checkCpuCycle] INFO  - Memory Used:---> 43 MB. Max Available: 1982 MB
2024-03-29 10:11:53 [checkCpuCycle] INFO  - Memory Used:---> 61 MB. Max Available: 1982 MB
2024-03-29 10:12:53 [checkCpuCycle] INFO  - Memory Used:---> 48 MB. Max Available: 1982 MB
2024-03-29 10:13:53 [checkCpuCycle] INFO  - Memory Used:---> 67 MB. Max Available: 1982 MB
2024-03-29 10:14:53 [checkCpuCycle] INFO  - Memory Used:---> 55 MB. Max Available: 1982 MB
2024-03-29 10:15:53 [checkCpuCycle] INFO  - Memory Used:---> 72 MB. Max Available: 1982 MB
2024-03-29 10:16:53 [checkCpuCycle] INFO  - Memory Used:---> 60 MB. Max Available: 1982 MB
2024-03-29 10:17:53 [checkCpuCycle] INFO  - Memory Used:---> 48 MB. Max Available: 1982 MB
2024-03-29 10:18:53 [checkCpuCycle] INFO  - Memory Used:---> 66 MB. Max Available: 1982 MB
2024-03-29 10:19:53 [checkCpuCycle] INFO  - Memory Used:---> 54 MB. Max Available: 1982 MB
2024-03-29 10:20:53 [checkCpuCycle] INFO  - Memory Used:---> 72 MB. Max Available: 1982 MB
2024-03-29 10:21:53 [checkCpuCycle] INFO  - Memory Used:---> 60 MB. Max Available: 1982 MB
2024-03-29 10:22:53 [checkCpuCycle] INFO  - Memory Used:---> 47 MB. Max Available: 1982 MB
2024-03-29 10:23:53 [checkCpuCycle] INFO  - Memory Used:---> 65 MB. Max Available: 1982 MB
2024-03-29 10:24:53 [checkCpuCycle] INFO  - Memory Used:---> 53 MB. Max Available: 1982 MB
2024-03-29 10:25:53 [checkCpuCycle] INFO  - Memory Used:---> 70 MB. Max Available: 1982 MB
2024-03-29 10:26:53 [checkCpuCycle] INFO  - Memory Used:---> 58 MB. Max Available: 1982 MB
2024-03-29 10:27:53 [checkCpuCycle] INFO  - Memory Used:---> 46 MB. Max Available: 1982 MB
2024-03-29 10:28:53 [checkCpuCycle] INFO  - Memory Used:---> 63 MB. Max Available: 1982 MB
2024-03-29 10:29:53 [checkCpuCycle] INFO  - Memory Used:---> 49 MB. Max Available: 1982 MB
2024-03-29 10:30:53 [checkCpuCycle] INFO  - Memory Used:---> 66 MB. Max Available: 1982 MB
2024-03-29 10:31:53 [checkCpuCycle] INFO  - Memory Used:---> 52 MB. Max Available: 1982 MB
2024-03-29 10:32:53 [checkCpuCycle] INFO  - Memory Used:---> 69 MB. Max Available: 1982 MB
2024-03-29 10:33:53 [checkCpuCycle] INFO  - Memory Used:---> 54 MB. Max Available: 1982 MB
2024-03-29 10:34:53 [checkCpuCycle] INFO  - Memory Used:---> 71 MB. Max Available: 1982 MB
2024-03-29 10:35:53 [checkCpuCycle] INFO  - Memory Used:---> 57 MB. Max Available: 1982 MB
2024-03-29 10:36:53 [checkCpuCycle] INFO  - Memory Used:---> 43 MB. Max Available: 1982 MB
2024-03-29 10:37:53 [checkCpuCycle] INFO  - Memory Used:---> 60 MB. Max Available: 1982 MB
2024-03-29 10:38:53 [checkCpuCycle] INFO  - Memory Used:---> 45 MB. Max Available: 1982 MB
2024-03-29 10:39:53 [checkCpuCycle] INFO  - Memory Used:---> 62 MB. Max Available: 1982 MB
2024-03-29 10:40:53 [checkCpuCycle] INFO  - Memory Used:---> 47 MB. Max Available: 1982 MB
2024-03-29 10:41:53 [checkCpuCycle] INFO  - Memory Used:---> 64 MB. Max Available: 1982 MB
2024-03-29 10:42:53 [checkCpuCycle] INFO  - Memory Used:---> 49 MB. Max Available: 1982 MB
2024-03-29 10:43:53 [checkCpuCycle] INFO  - Memory Used:---> 67 MB. Max Available: 1982 MB
2024-03-29 10:44:53 [checkCpuCycle] INFO  - Memory Used:---> 52 MB. Max Available: 1982 MB
2024-03-29 10:45:53 [checkCpuCycle] INFO  - Memory Used:---> 69 MB. Max Available: 1982 MB
2024-03-29 10:46:53 [checkCpuCycle] INFO  - Memory Used:---> 54 MB. Max Available: 1982 MB
2024-03-29 10:47:53 [checkCpuCycle] INFO  - Memory Used:---> 71 MB. Max Available: 1982 MB
2024-03-29 10:48:53 [checkCpuCycle] INFO  - Memory Used:---> 57 MB. Max Available: 1982 MB
2024-03-29 10:49:12 [hz.gracious_satoshi.HealthMonitor] INFO  - [127.0.0.1]:5701 [dev] [5.3.6] processors=4, physical.memory.total=7.7G, physical.memory.free=642.3M, swap.space.total=0, swap.space.free=0, heap.memory.used=72.0M, heap.memory.free=7.5M, heap.memory.total=80.0M, heap.memory.max=1.9G, heap.memory.used/total=89.96%, heap.memory.used/max=3.63%, minor.gc.count=106, minor.gc.time=519ms, major.gc.count=0, major.gc.time=0ms, unknown.gc.count=72, unknown.gc.time=271ms, load.process=0.00%, load.system=100.00%, load.systemAverage=n/a thread.count=57, thread.peakCount=63, cluster.timeDiff=0, event.q.size=0, executor.q.async.size=0, executor.q.client.size=0, executor.q.client.query.size=0, executor.q.client.blocking.size=0, executor.q.query.size=0, executor.q.scheduled.size=0, executor.q.io.size=0, executor.q.system.size=0, executor.q.operations.size=0, executor.q.priorityOperation.size=0, operations.completed.count=907015, executor.q.mapLoad.size=0, executor.q.mapLoadAllKeys.size=0, executor.q.cluster.size=0, executor.q.response.size=0, operations.running.count=0, operations.pending.invocations.percentage=0.00%, operations.pending.invocations.count=0, proxy.count=25, clientEndpoint.count=0, connection.active.count=0, client.connection.count=0, connection.count=0
2024-03-29 10:49:52 [hz.gracious_satoshi.HealthMonitor] INFO  - [127.0.0.1]:5701 [dev] [5.3.6] processors=4, physical.memory.total=7.7G, physical.memory.free=786.8M, swap.space.total=0, swap.space.free=0, heap.memory.used=73.3M, heap.memory.free=6.7M, heap.memory.total=80.0M, heap.memory.max=1.9G, heap.memory.used/total=91.58%, heap.memory.used/max=3.70%, minor.gc.count=107, minor.gc.time=524ms, major.gc.count=0, major.gc.time=0ms, unknown.gc.count=72, unknown.gc.time=271ms, load.process=0.00%, load.system=73.09%, load.systemAverage=n/a thread.count=58, thread.peakCount=63, cluster.timeDiff=0, event.q.size=0, executor.q.async.size=0, executor.q.client.size=0, executor.q.client.query.size=0, executor.q.client.blocking.size=0, executor.q.query.size=0, executor.q.scheduled.size=0, executor.q.io.size=0, executor.q.system.size=0, executor.q.operations.size=0, executor.q.priorityOperation.size=0, operations.completed.count=917909, executor.q.mapLoad.size=0, executor.q.mapLoadAllKeys.size=0, executor.q.cluster.size=0, executor.q.response.size=0, operations.running.count=0, operations.pending.invocations.percentage=0.00%, operations.pending.invocations.count=0, proxy.count=25, clientEndpoint.count=0, connection.active.count=0, client.connection.count=0, connection.count=0
2024-03-29 10:49:53 [checkCpuCycle] INFO  - Memory Used:---> 42 MB. Max Available: 1982 MB
2024-03-29 10:50:53 [checkCpuCycle] INFO  - Memory Used:---> 59 MB. Max Available: 1982 MB
2024-03-29 10:51:53 [checkCpuCycle] INFO  - Memory Used:---> 44 MB. Max Available: 1982 MB
2024-03-29 10:52:53 [checkCpuCycle] INFO  - Memory Used:---> 62 MB. Max Available: 1982 MB
2024-03-29 10:53:53 [checkCpuCycle] INFO  - Memory Used:---> 47 MB. Max Available: 1982 MB
2024-03-29 10:54:53 [checkCpuCycle] INFO  - Memory Used:---> 65 MB. Max Available: 1982 MB
2024-03-29 10:55:53 [checkCpuCycle] INFO  - Memory Used:---> 50 MB. Max Available: 1982 MB
2024-03-29 10:56:53 [checkCpuCycle] INFO  - Memory Used:---> 67 MB. Max Available: 1982 MB
2024-03-29 10:57:53 [checkCpuCycle] INFO  - Memory Used:---> 52 MB. Max Available: 1982 MB
2024-03-29 10:58:53 [checkCpuCycle] INFO  - Memory Used:---> 69 MB. Max Available: 1982 MB
2024-03-29 10:59:53 [checkCpuCycle] INFO  - Memory Used:---> 54 MB. Max Available: 1982 MB
2024-03-29 11:00:53 [checkCpuCycle] INFO  - Memory Used:---> 71 MB. Max Available: 1982 MB
2024-03-29 11:01:52 [hz.gracious_satoshi.HealthMonitor] INFO  - [127.0.0.1]:5701 [dev] [5.3.6] processors=4, physical.memory.total=7.7G, physical.memory.free=1.0G, swap.space.total=0, swap.space.free=0, heap.memory.used=56.0M, heap.memory.free=24.0M, heap.memory.total=80.0M, heap.memory.max=1.9G, heap.memory.used/total=70.05%, heap.memory.used/max=2.83%, minor.gc.count=126, minor.gc.time=579ms, major.gc.count=0, major.gc.time=0ms, unknown.gc.count=90, unknown.gc.time=295ms, load.process=0.00%, load.system=70.47%, load.systemAverage=n/a thread.count=56, thread.peakCount=63, cluster.timeDiff=0, event.q.size=0, executor.q.async.size=0, executor.q.client.size=0, executor.q.client.query.size=0, executor.q.client.blocking.size=0, executor.q.query.size=0, executor.q.scheduled.size=0, executor.q.io.size=0, executor.q.system.size=0, executor.q.operations.size=0, executor.q.priorityOperation.size=0, operations.completed.count=1112900, executor.q.mapLoad.size=0, executor.q.mapLoadAllKeys.size=0, executor.q.cluster.size=0, executor.q.response.size=0, operations.running.count=0, operations.pending.invocations.percentage=0.00%, operations.pending.invocations.count=0, proxy.count=25, clientEndpoint.count=0, connection.active.count=0, client.connection.count=0, connection.count=0
2024-03-29 11:01:53 [checkCpuCycle] INFO  - Memory Used:---> 56 MB. Max Available: 1982 MB
2024-03-29 11:02:53 [checkCpuCycle] INFO  - Memory Used:---> 41 MB. Max Available: 1982 MB
2024-03-29 11:03:32 [hz.gracious_satoshi.HealthMonitor] INFO  - [127.0.0.1]:5701 [dev] [5.3.6] processors=4, physical.memory.total=7.7G, physical.memory.free=794.5M, swap.space.total=0, swap.space.free=0, heap.memory.used=42.2M, heap.memory.free=37.8M, heap.memory.total=80.0M, heap.memory.max=1.9G, heap.memory.used/total=52.73%, heap.memory.used/max=2.13%, minor.gc.count=128, minor.gc.time=581ms, major.gc.count=0, major.gc.time=0ms, unknown.gc.count=92, unknown.gc.time=298ms, load.process=0.00%, load.system=88.80%, load.systemAverage=n/a thread.count=57, thread.peakCount=63, cluster.timeDiff=0, event.q.size=0, executor.q.async.size=0, executor.q.client.size=0, executor.q.client.query.size=0, executor.q.client.blocking.size=0, executor.q.query.size=0, executor.q.scheduled.size=0, executor.q.io.size=0, executor.q.system.size=0, executor.q.operations.size=0, executor.q.priorityOperation.size=0, operations.completed.count=1140133, executor.q.mapLoad.size=0, executor.q.mapLoadAllKeys.size=0, executor.q.cluster.size=0, executor.q.response.size=0, operations.running.count=0, operations.pending.invocations.percentage=0.00%, operations.pending.invocations.count=0, proxy.count=25, clientEndpoint.count=0, connection.active.count=0, client.connection.count=0, connection.count=0
2024-03-29 11:03:53 [checkCpuCycle] INFO  - Memory Used:---> 59 MB. Max Available: 1982 MB
2024-03-29 11:04:53 [checkCpuCycle] INFO  - Memory Used:---> 45 MB. Max Available: 1982 MB
2024-03-29 11:05:53 [checkCpuCycle] INFO  - Memory Used:---> 62 MB. Max Available: 1982 MB
2024-03-29 11:06:53 [checkCpuCycle] INFO  - Memory Used:---> 47 MB. Max Available: 1982 MB
2024-03-29 11:07:53 [checkCpuCycle] INFO  - Memory Used:---> 65 MB. Max Available: 1982 MB
2024-03-29 11:08:53 [checkCpuCycle] INFO  - Memory Used:---> 49 MB. Max Available: 1982 MB
2024-03-29 11:09:53 [checkCpuCycle] INFO  - Memory Used:---> 67 MB. Max Available: 1982 MB
2024-03-29 11:10:53 [checkCpuCycle] INFO  - Memory Used:---> 52 MB. Max Available: 1982 MB
2024-03-29 11:11:32 [hz.gracious_satoshi.HealthMonitor] INFO  - [127.0.0.1]:5701 [dev] [5.3.6] processors=4, physical.memory.total=7.7G, physical.memory.free=997.7M, swap.space.total=0, swap.space.free=0, heap.memory.used=53.0M, heap.memory.free=27.0M, heap.memory.total=80.0M, heap.memory.max=1.9G, heap.memory.used/total=66.28%, heap.memory.used/max=2.68%, minor.gc.count=141, minor.gc.time=608ms, major.gc.count=0, major.gc.time=0ms, unknown.gc.count=104, unknown.gc.time=309ms, load.process=0.00%, load.system=100.00%, load.systemAverage=n/a thread.count=56, thread.peakCount=63, cluster.timeDiff=0, event.q.size=0, executor.q.async.size=0, executor.q.client.size=0, executor.q.client.query.size=0, executor.q.client.blocking.size=0, executor.q.query.size=0, executor.q.scheduled.size=0, executor.q.io.size=0, executor.q.system.size=0, executor.q.operations.size=0, executor.q.priorityOperation.size=0, operations.completed.count=1270309, executor.q.mapLoad.size=0, executor.q.mapLoadAllKeys.size=0, executor.q.cluster.size=0, executor.q.response.size=0, operations.running.count=0, operations.pending.invocations.percentage=0.00%, operations.pending.invocations.count=0, proxy.count=25, clientEndpoint.count=0, connection.active.count=0, client.connection.count=0, connection.count=0
2024-03-29 11:11:53 [checkCpuCycle] INFO  - Memory Used:---> 69 MB. Max Available: 1982 MB
2024-03-29 11:12:53 [checkCpuCycle] INFO  - Memory Used:---> 55 MB. Max Available: 1982 MB
2024-03-29 11:13:53 [checkCpuCycle] INFO  - Memory Used:---> 72 MB. Max Available: 1982 MB
2024-03-29 11:14:53 [checkCpuCycle] INFO  - Memory Used:---> 57 MB. Max Available: 1982 MB
2024-03-29 11:15:53 [checkCpuCycle] INFO  - Memory Used:---> 43 MB. Max Available: 1982 MB
2024-03-29 11:16:12 [hz.gracious_satoshi.HealthMonitor] INFO  - [127.0.0.1]:5701 [dev] [5.3.6] processors=4, physical.memory.total=7.7G, physical.memory.free=630.9M, swap.space.total=0, swap.space.free=0, heap.memory.used=59.1M, heap.memory.free=20.9M, heap.memory.total=80.0M, heap.memory.max=1.9G, heap.memory.used/total=73.90%, heap.memory.used/max=2.98%, minor.gc.count=148, minor.gc.time=631ms, major.gc.count=0, major.gc.time=0ms, unknown.gc.count=110, unknown.gc.time=316ms, load.process=0.00%, load.system=71.21%, load.systemAverage=n/a thread.count=56, thread.peakCount=63, cluster.timeDiff=0, event.q.size=0, executor.q.async.size=0, executor.q.client.size=0, executor.q.client.query.size=0, executor.q.client.blocking.size=0, executor.q.query.size=0, executor.q.scheduled.size=0, executor.q.io.size=0, executor.q.system.size=0, executor.q.operations.size=0, executor.q.priorityOperation.size=0, operations.completed.count=1346290, executor.q.mapLoad.size=0, executor.q.mapLoadAllKeys.size=0, executor.q.cluster.size=0, executor.q.response.size=0, operations.running.count=0, operations.pending.invocations.percentage=0.00%, operations.pending.invocations.count=0, proxy.count=25, clientEndpoint.count=0, connection.active.count=0, client.connection.count=0, connection.count=0
2024-03-29 11:16:53 [checkCpuCycle] INFO  - Memory Used:---> 61 MB. Max Available: 1982 MB
2024-03-29 11:17:53 [checkCpuCycle] INFO  - Memory Used:---> 45 MB. Max Available: 1982 MB
2024-03-29 11:18:53 [checkCpuCycle] INFO  - Memory Used:---> 63 MB. Max Available: 1982 MB
2024-03-29 11:19:53 [checkCpuCycle] INFO  - Memory Used:---> 48 MB. Max Available: 1982 MB
2024-03-29 11:20:53 [checkCpuCycle] INFO  - Memory Used:---> 65 MB. Max Available: 1982 MB
2024-03-29 11:21:53 [checkCpuCycle] INFO  - Memory Used:---> 50 MB. Max Available: 1982 MB
2024-03-29 11:22:53 [checkCpuCycle] INFO  - Memory Used:---> 67 MB. Max Available: 1982 MB
2024-03-29 11:23:53 [checkCpuCycle] INFO  - Memory Used:---> 53 MB. Max Available: 1982 MB
2024-03-29 11:24:53 [checkCpuCycle] INFO  - Memory Used:---> 69 MB. Max Available: 1982 MB
2024-03-29 11:25:33 [hz.gracious_satoshi.HealthMonitor] INFO  - [127.0.0.1]:5701 [dev] [5.3.6] processors=4, physical.memory.total=7.7G, physical.memory.free=827.8M, swap.space.total=0, swap.space.free=0, heap.memory.used=70.5M, heap.memory.free=9.5M, heap.memory.total=80.0M, heap.memory.max=1.9G, heap.memory.used/total=88.09%, heap.memory.used/max=3.56%, minor.gc.count=162, minor.gc.time=670ms, major.gc.count=0, major.gc.time=0ms, unknown.gc.count=124, unknown.gc.time=355ms, load.process=0.00%, load.system=93.63%, load.systemAverage=n/a thread.count=60, thread.peakCount=63, cluster.timeDiff=0, event.q.size=0, executor.q.async.size=0, executor.q.client.size=0, executor.q.client.query.size=0, executor.q.client.blocking.size=0, executor.q.query.size=0, executor.q.scheduled.size=0, executor.q.io.size=0, executor.q.system.size=0, executor.q.operations.size=0, executor.q.priorityOperation.size=0, operations.completed.count=1497708, executor.q.mapLoad.size=0, executor.q.mapLoadAllKeys.size=0, executor.q.cluster.size=0, executor.q.response.size=0, operations.running.count=0, operations.pending.invocations.percentage=0.00%, operations.pending.invocations.count=0, proxy.count=25, clientEndpoint.count=0, connection.active.count=0, client.connection.count=0, connection.count=0
2024-03-29 11:25:53 [checkCpuCycle] INFO  - Memory Used:---> 55 MB. Max Available: 1982 MB
2024-03-29 11:26:53 [checkCpuCycle] INFO  - Memory Used:---> 72 MB. Max Available: 1982 MB
2024-03-29 11:27:53 [checkCpuCycle] INFO  - Memory Used:---> 57 MB. Max Available: 1982 MB
